#
# There is insufficient memory for the Java Runtime Environment to continue.
# Native memory allocation (malloc) failed to allocate 383136 bytes for Chunk::new
# Possible reasons:
#   The system is out of physical RAM or swap space
#   The process is running with CompressedOops enabled, and the Java Heap may be blocking the growth of the native heap
# Possible solutions:
#   Reduce memory load on the system
#   Increase physical memory or swap space
#   Check if swap backing store is full
#   Decrease Java heap size (-Xmx/-Xms)
#   Decrease number of Java threads
#   Decrease Java thread stack sizes (-Xss)
#   Set larger code cache with -XX:ReservedCodeCacheSize=
#   JVM is running with Zero Based Compressed Oops mode in which the Java heap is
#     placed in the first 32GB address space. The Java Heap base address is the
#     maximum limit for the native heap growth. Please use -XX:HeapBaseMinAddress
#     to set the Java Heap base and to place the Java Heap above 32GB virtual address.
# This output file may be truncated or incomplete.
#
#  Out of Memory Error (arena.cpp:189), pid=6516, tid=4620
#
# JRE version: OpenJDK Runtime Environment Corretto-17.0.5.8.1 (17.0.5+8) (build 17.0.5+8-LTS)
# Java VM: OpenJDK 64-Bit Server VM Corretto-17.0.5.8.1 (17.0.5+8-LTS, mixed mode, sharing, tiered, compressed oops, compressed class ptrs, g1 gc, windows-amd64)
# No core dump will be written. Minidumps are not enabled by default on client versions of Windows
#

---------------  S U M M A R Y ------------

Command Line: -javaagent:D:\IDE\IntelliJ IDEA Community Edition 2022.2.1\lib\idea_rt.jar=58816:D:\IDE\IntelliJ IDEA Community Edition 2022.2.1\bin -Dfile.encoding=UTF-8 mirea.morning.eventagencypr.EventAgencyApplication

Host: 11th Gen Intel(R) Core(TM) i5-11400F @ 2.60GHz, 12 cores, 15G,  Windows 10 , 64 bit Build 19041 (10.0.19041.2546)
Time: Thu Apr 13 22:16:58 2023 RTZ 2 (s 10 , 64 bit Build 19041 (10.0.19041.2546) elapsed time: 0.278863 seconds (0d 0h 0m 0s)

---------------  T H R E A D  ---------------

Current thread (0x0000022a346307d0):  JavaThread "C2 CompilerThread1" daemon [_thread_in_native, id=4620, stack(0x0000005f18c00000,0x0000005f18d00000)]


Current CompileTask:
C2:    278  620       4       java.util.jar.JarFile::getEntry (35 bytes)

Stack: [0x0000005f18c00000,0x0000005f18d00000]
Native frames: (J=compiled Java code, j=interpreted, Vv=VM code, C=native code)
V  [jvm.dll+0x646e0a]
V  [jvm.dll+0x7f7f14]
V  [jvm.dll+0x7f96ce]
V  [jvm.dll+0x7f9d23]
V  [jvm.dll+0x234c98]
V  [jvm.dll+0xbccfc]
V  [jvm.dll+0xbd2dc]
V  [jvm.dll+0x29be82]
V  [jvm.dll+0x5538e8]
V  [jvm.dll+0x2112fb]
V  [jvm.dll+0x20a9ad]
V  [jvm.dll+0x208722]
V  [jvm.dll+0x198a9d]
V  [jvm.dll+0x217bdd]
V  [jvm.dll+0x215e24]
V  [jvm.dll+0x7b06ab]
V  [jvm.dll+0x7aac5a]
V  [jvm.dll+0x645cd5]
C  [ucrtbase.dll+0x21bb2]
C  [KERNEL32.DLL+0x17614]
C  [ntdll.dll+0x526a1]


---------------  P R O C E S S  ---------------

Threads class SMR info:
_java_thread_list=0x0000022a347d41d0, length=14, elements={
0x0000022a1067cb60, 0x0000022a33a31170, 0x0000022a33a324c0, 0x0000022a33a44fc0,
0x0000022a33a4b990, 0x0000022a34401090, 0x0000022a34405a50, 0x0000022a34406730,
0x0000022a3440a620, 0x0000022a3440b420, 0x0000022a3450ae00, 0x0000022a346307d0,
0x0000022a348482b0, 0x0000022a34848780
}

Java Threads: ( => current thread )
  0x0000022a1067cb60 JavaThread "main" [_thread_in_native, id=10716, stack(0x0000005f17b00000,0x0000005f17c00000)]
  0x0000022a33a31170 JavaThread "Reference Handler" daemon [_thread_blocked, id=1896, stack(0x0000005f18200000,0x0000005f18300000)]
  0x0000022a33a324c0 JavaThread "Finalizer" daemon [_thread_blocked, id=15984, stack(0x0000005f18300000,0x0000005f18400000)]
  0x0000022a33a44fc0 JavaThread "Signal Dispatcher" daemon [_thread_blocked, id=19412, stack(0x0000005f18400000,0x0000005f18500000)]
  0x0000022a33a4b990 JavaThread "Attach Listener" daemon [_thread_blocked, id=1072, stack(0x0000005f18500000,0x0000005f18600000)]
  0x0000022a34401090 JavaThread "Service Thread" daemon [_thread_blocked, id=18760, stack(0x0000005f18600000,0x0000005f18700000)]
  0x0000022a34405a50 JavaThread "Monitor Deflation Thread" daemon [_thread_blocked, id=20240, stack(0x0000005f18700000,0x0000005f18800000)]
  0x0000022a34406730 JavaThread "C2 CompilerThread0" daemon [_thread_in_native, id=18708, stack(0x0000005f18800000,0x0000005f18900000)]
  0x0000022a3440a620 JavaThread "C1 CompilerThread0" daemon [_thread_in_native, id=18200, stack(0x0000005f18900000,0x0000005f18a00000)]
  0x0000022a3440b420 JavaThread "Sweeper thread" daemon [_thread_blocked, id=3132, stack(0x0000005f18a00000,0x0000005f18b00000)]
  0x0000022a3450ae00 JavaThread "Common-Cleaner" daemon [_thread_blocked, id=9740, stack(0x0000005f18b00000,0x0000005f18c00000)]
=>0x0000022a346307d0 JavaThread "C2 CompilerThread1" daemon [_thread_in_native, id=4620, stack(0x0000005f18c00000,0x0000005f18d00000)]
  0x0000022a348482b0 JavaThread "Monitor Ctrl-Break" daemon [_thread_in_native, id=14088, stack(0x0000005f18d00000,0x0000005f18e00000)]
  0x0000022a34848780 JavaThread "Notification Thread" daemon [_thread_blocked, id=13120, stack(0x0000005f18e00000,0x0000005f18f00000)]

Other Threads:
  0x0000022a33a2bf30 VMThread "VM Thread" [stack: 0x0000005f18100000,0x0000005f18200000] [id=16836]
  0x0000022a106f8dc0 WatcherThread [stack: 0x0000005f18f00000,0x0000005f19000000] [id=15728]
  0x0000022a0e43e7c0 GCTaskThread "GC Thread#0" [stack: 0x0000005f17c00000,0x0000005f17d00000] [id=19312]
  0x0000022a106f0dc0 ConcurrentGCThread "G1 Main Marker" [stack: 0x0000005f17d00000,0x0000005f17e00000] [id=19004]
  0x0000022a106f1e20 ConcurrentGCThread "G1 Conc#0" [stack: 0x0000005f17e00000,0x0000005f17f00000] [id=15420]
  0x0000022a338e44f0 ConcurrentGCThread "G1 Refine#0" [stack: 0x0000005f17f00000,0x0000005f18000000] [id=19664]
  0x0000022a338e4f10 ConcurrentGCThread "G1 Service" [stack: 0x0000005f18000000,0x0000005f18100000] [id=1424]

Threads with active compile tasks:
C2 CompilerThread0      291  635   !   4       java.util.zip.ZipFile$Source::getEntryPos (173 bytes)
C1 CompilerThread0      291  671       3       java.net.URLStreamHandler::parseURL (1201 bytes)
C2 CompilerThread1      291  620       4       java.util.jar.JarFile::getEntry (35 bytes)

VM state: not at safepoint (normal execution)

VM Mutex/Monitor currently owned by a thread: None

Heap address: 0x0000000702000000, size: 4064 MB, Compressed Oops mode: Zero based, Oop shift amount: 3

CDS archive(s) mapped at: [0x0000000800000000-0x0000000800bc0000-0x0000000800bc0000), size 12320768, SharedBaseAddress: 0x0000000800000000, ArchiveRelocationMode: 0.
Compressed class space mapped at: 0x0000000800c00000-0x0000000840c00000, reserved size: 1073741824
Narrow klass base: 0x0000000800000000, Narrow klass shift: 0, Narrow klass range: 0x100000000

GC Precious Log:
 CPUs: 12 total, 12 available
 Memory: 16251M
 Large Page Support: Disabled
 NUMA Support: Disabled
 Compressed Oops: Enabled (Zero based)
 Heap Region Size: 2M
 Heap Min Capacity: 8M
 Heap Initial Capacity: 254M
 Heap Max Capacity: 4064M
 Pre-touch: Disabled
 Parallel Workers: 10
 Concurrent Workers: 3
 Concurrent Refinement Workers: 10
 Periodic GC: Disabled

Heap:
 garbage-first heap   total 260096K, used 10240K [0x0000000702000000, 0x0000000800000000)
  region size 2048K, 7 young (14336K), 0 survivors (0K)
 Metaspace       used 2856K, committed 3072K, reserved 1056768K
  class space    used 282K, committed 384K, reserved 1048576K

Heap Regions: E=young(eden), S=young(survivor), O=old, HS=humongous(starts), HC=humongous(continues), CS=collection set, F=free, OA=open archive, CA=closed archive, TAMS=top-at-mark-start (previous, next)
|   0|0x0000000702000000, 0x0000000702000000, 0x0000000702200000|  0%| F|  |TAMS 0x0000000702000000, 0x0000000702000000| Untracked 
|   1|0x0000000702200000, 0x0000000702200000, 0x0000000702400000|  0%| F|  |TAMS 0x0000000702200000, 0x0000000702200000| Untracked 
|   2|0x0000000702400000, 0x0000000702400000, 0x0000000702600000|  0%| F|  |TAMS 0x0000000702400000, 0x0000000702400000| Untracked 
|   3|0x0000000702600000, 0x0000000702600000, 0x0000000702800000|  0%| F|  |TAMS 0x0000000702600000, 0x0000000702600000| Untracked 
|   4|0x0000000702800000, 0x0000000702800000, 0x0000000702a00000|  0%| F|  |TAMS 0x0000000702800000, 0x0000000702800000| Untracked 
|   5|0x0000000702a00000, 0x0000000702a00000, 0x0000000702c00000|  0%| F|  |TAMS 0x0000000702a00000, 0x0000000702a00000| Untracked 
|   6|0x0000000702c00000, 0x0000000702c00000, 0x0000000702e00000|  0%| F|  |TAMS 0x0000000702c00000, 0x0000000702c00000| Untracked 
|   7|0x0000000702e00000, 0x0000000702e00000, 0x0000000703000000|  0%| F|  |TAMS 0x0000000702e00000, 0x0000000702e00000| Untracked 
|   8|0x0000000703000000, 0x0000000703000000, 0x0000000703200000|  0%| F|  |TAMS 0x0000000703000000, 0x0000000703000000| Untracked 
|   9|0x0000000703200000, 0x0000000703200000, 0x0000000703400000|  0%| F|  |TAMS 0x0000000703200000, 0x0000000703200000| Untracked 
|  10|0x0000000703400000, 0x0000000703400000, 0x0000000703600000|  0%| F|  |TAMS 0x0000000703400000, 0x0000000703400000| Untracked 
|  11|0x0000000703600000, 0x0000000703600000, 0x0000000703800000|  0%| F|  |TAMS 0x0000000703600000, 0x0000000703600000| Untracked 
|  12|0x0000000703800000, 0x0000000703800000, 0x0000000703a00000|  0%| F|  |TAMS 0x0000000703800000, 0x0000000703800000| Untracked 
|  13|0x0000000703a00000, 0x0000000703a00000, 0x0000000703c00000|  0%| F|  |TAMS 0x0000000703a00000, 0x0000000703a00000| Untracked 
|  14|0x0000000703c00000, 0x0000000703c00000, 0x0000000703e00000|  0%| F|  |TAMS 0x0000000703c00000, 0x0000000703c00000| Untracked 
|  15|0x0000000703e00000, 0x0000000703e00000, 0x0000000704000000|  0%| F|  |TAMS 0x0000000703e00000, 0x0000000703e00000| Untracked 
|  16|0x0000000704000000, 0x0000000704000000, 0x0000000704200000|  0%| F|  |TAMS 0x0000000704000000, 0x0000000704000000| Untracked 
|  17|0x0000000704200000, 0x0000000704200000, 0x0000000704400000|  0%| F|  |TAMS 0x0000000704200000, 0x0000000704200000| Untracked 
|  18|0x0000000704400000, 0x0000000704400000, 0x0000000704600000|  0%| F|  |TAMS 0x0000000704400000, 0x0000000704400000| Untracked 
|  19|0x0000000704600000, 0x0000000704600000, 0x0000000704800000|  0%| F|  |TAMS 0x0000000704600000, 0x0000000704600000| Untracked 
|  20|0x0000000704800000, 0x0000000704800000, 0x0000000704a00000|  0%| F|  |TAMS 0x0000000704800000, 0x0000000704800000| Untracked 
|  21|0x0000000704a00000, 0x0000000704a00000, 0x0000000704c00000|  0%| F|  |TAMS 0x0000000704a00000, 0x0000000704a00000| Untracked 
|  22|0x0000000704c00000, 0x0000000704c00000, 0x0000000704e00000|  0%| F|  |TAMS 0x0000000704c00000, 0x0000000704c00000| Untracked 
|  23|0x0000000704e00000, 0x0000000704e00000, 0x0000000705000000|  0%| F|  |TAMS 0x0000000704e00000, 0x0000000704e00000| Untracked 
|  24|0x0000000705000000, 0x0000000705000000, 0x0000000705200000|  0%| F|  |TAMS 0x0000000705000000, 0x0000000705000000| Untracked 
|  25|0x0000000705200000, 0x0000000705200000, 0x0000000705400000|  0%| F|  |TAMS 0x0000000705200000, 0x0000000705200000| Untracked 
|  26|0x0000000705400000, 0x0000000705400000, 0x0000000705600000|  0%| F|  |TAMS 0x0000000705400000, 0x0000000705400000| Untracked 
|  27|0x0000000705600000, 0x0000000705600000, 0x0000000705800000|  0%| F|  |TAMS 0x0000000705600000, 0x0000000705600000| Untracked 
|  28|0x0000000705800000, 0x0000000705800000, 0x0000000705a00000|  0%| F|  |TAMS 0x0000000705800000, 0x0000000705800000| Untracked 
|  29|0x0000000705a00000, 0x0000000705a00000, 0x0000000705c00000|  0%| F|  |TAMS 0x0000000705a00000, 0x0000000705a00000| Untracked 
|  30|0x0000000705c00000, 0x0000000705c00000, 0x0000000705e00000|  0%| F|  |TAMS 0x0000000705c00000, 0x0000000705c00000| Untracked 
|  31|0x0000000705e00000, 0x0000000705e00000, 0x0000000706000000|  0%| F|  |TAMS 0x0000000705e00000, 0x0000000705e00000| Untracked 
|  32|0x0000000706000000, 0x0000000706000000, 0x0000000706200000|  0%| F|  |TAMS 0x0000000706000000, 0x0000000706000000| Untracked 
|  33|0x0000000706200000, 0x0000000706200000, 0x0000000706400000|  0%| F|  |TAMS 0x0000000706200000, 0x0000000706200000| Untracked 
|  34|0x0000000706400000, 0x0000000706400000, 0x0000000706600000|  0%| F|  |TAMS 0x0000000706400000, 0x0000000706400000| Untracked 
|  35|0x0000000706600000, 0x0000000706600000, 0x0000000706800000|  0%| F|  |TAMS 0x0000000706600000, 0x0000000706600000| Untracked 
|  36|0x0000000706800000, 0x0000000706800000, 0x0000000706a00000|  0%| F|  |TAMS 0x0000000706800000, 0x0000000706800000| Untracked 
|  37|0x0000000706a00000, 0x0000000706a00000, 0x0000000706c00000|  0%| F|  |TAMS 0x0000000706a00000, 0x0000000706a00000| Untracked 
|  38|0x0000000706c00000, 0x0000000706c00000, 0x0000000706e00000|  0%| F|  |TAMS 0x0000000706c00000, 0x0000000706c00000| Untracked 
|  39|0x0000000706e00000, 0x0000000706e00000, 0x0000000707000000|  0%| F|  |TAMS 0x0000000706e00000, 0x0000000706e00000| Untracked 
|  40|0x0000000707000000, 0x0000000707000000, 0x0000000707200000|  0%| F|  |TAMS 0x0000000707000000, 0x0000000707000000| Untracked 
|  41|0x0000000707200000, 0x0000000707200000, 0x0000000707400000|  0%| F|  |TAMS 0x0000000707200000, 0x0000000707200000| Untracked 
|  42|0x0000000707400000, 0x0000000707400000, 0x0000000707600000|  0%| F|  |TAMS 0x0000000707400000, 0x0000000707400000| Untracked 
|  43|0x0000000707600000, 0x0000000707600000, 0x0000000707800000|  0%| F|  |TAMS 0x0000000707600000, 0x0000000707600000| Untracked 
|  44|0x0000000707800000, 0x0000000707800000, 0x0000000707a00000|  0%| F|  |TAMS 0x0000000707800000, 0x0000000707800000| Untracked 
|  45|0x0000000707a00000, 0x0000000707a00000, 0x0000000707c00000|  0%| F|  |TAMS 0x0000000707a00000, 0x0000000707a00000| Untracked 
|  46|0x0000000707c00000, 0x0000000707c00000, 0x0000000707e00000|  0%| F|  |TAMS 0x0000000707c00000, 0x0000000707c00000| Untracked 
|  47|0x0000000707e00000, 0x0000000707e00000, 0x0000000708000000|  0%| F|  |TAMS 0x0000000707e00000, 0x0000000707e00000| Untracked 
|  48|0x0000000708000000, 0x0000000708000000, 0x0000000708200000|  0%| F|  |TAMS 0x0000000708000000, 0x0000000708000000| Untracked 
|  49|0x0000000708200000, 0x0000000708200000, 0x0000000708400000|  0%| F|  |TAMS 0x0000000708200000, 0x0000000708200000| Untracked 
|  50|0x0000000708400000, 0x0000000708400000, 0x0000000708600000|  0%| F|  |TAMS 0x0000000708400000, 0x0000000708400000| Untracked 
|  51|0x0000000708600000, 0x0000000708600000, 0x0000000708800000|  0%| F|  |TAMS 0x0000000708600000, 0x0000000708600000| Untracked 
|  52|0x0000000708800000, 0x0000000708800000, 0x0000000708a00000|  0%| F|  |TAMS 0x0000000708800000, 0x0000000708800000| Untracked 
|  53|0x0000000708a00000, 0x0000000708a00000, 0x0000000708c00000|  0%| F|  |TAMS 0x0000000708a00000, 0x0000000708a00000| Untracked 
|  54|0x0000000708c00000, 0x0000000708c00000, 0x0000000708e00000|  0%| F|  |TAMS 0x0000000708c00000, 0x0000000708c00000| Untracked 
|  55|0x0000000708e00000, 0x0000000708e00000, 0x0000000709000000|  0%| F|  |TAMS 0x0000000708e00000, 0x0000000708e00000| Untracked 
|  56|0x0000000709000000, 0x0000000709000000, 0x0000000709200000|  0%| F|  |TAMS 0x0000000709000000, 0x0000000709000000| Untracked 
|  57|0x0000000709200000, 0x0000000709200000, 0x0000000709400000|  0%| F|  |TAMS 0x0000000709200000, 0x0000000709200000| Untracked 
|  58|0x0000000709400000, 0x0000000709400000, 0x0000000709600000|  0%| F|  |TAMS 0x0000000709400000, 0x0000000709400000| Untracked 
|  59|0x0000000709600000, 0x0000000709600000, 0x0000000709800000|  0%| F|  |TAMS 0x0000000709600000, 0x0000000709600000| Untracked 
|  60|0x0000000709800000, 0x0000000709800000, 0x0000000709a00000|  0%| F|  |TAMS 0x0000000709800000, 0x0000000709800000| Untracked 
|  61|0x0000000709a00000, 0x0000000709a00000, 0x0000000709c00000|  0%| F|  |TAMS 0x0000000709a00000, 0x0000000709a00000| Untracked 
|  62|0x0000000709c00000, 0x0000000709c00000, 0x0000000709e00000|  0%| F|  |TAMS 0x0000000709c00000, 0x0000000709c00000| Untracked 
|  63|0x0000000709e00000, 0x0000000709e00000, 0x000000070a000000|  0%| F|  |TAMS 0x0000000709e00000, 0x0000000709e00000| Untracked 
|  64|0x000000070a000000, 0x000000070a000000, 0x000000070a200000|  0%| F|  |TAMS 0x000000070a000000, 0x000000070a000000| Untracked 
|  65|0x000000070a200000, 0x000000070a200000, 0x000000070a400000|  0%| F|  |TAMS 0x000000070a200000, 0x000000070a200000| Untracked 
|  66|0x000000070a400000, 0x000000070a400000, 0x000000070a600000|  0%| F|  |TAMS 0x000000070a400000, 0x000000070a400000| Untracked 
|  67|0x000000070a600000, 0x000000070a600000, 0x000000070a800000|  0%| F|  |TAMS 0x000000070a600000, 0x000000070a600000| Untracked 
|  68|0x000000070a800000, 0x000000070a800000, 0x000000070aa00000|  0%| F|  |TAMS 0x000000070a800000, 0x000000070a800000| Untracked 
|  69|0x000000070aa00000, 0x000000070aa00000, 0x000000070ac00000|  0%| F|  |TAMS 0x000000070aa00000, 0x000000070aa00000| Untracked 
|  70|0x000000070ac00000, 0x000000070ac00000, 0x000000070ae00000|  0%| F|  |TAMS 0x000000070ac00000, 0x000000070ac00000| Untracked 
|  71|0x000000070ae00000, 0x000000070ae00000, 0x000000070b000000|  0%| F|  |TAMS 0x000000070ae00000, 0x000000070ae00000| Untracked 
|  72|0x000000070b000000, 0x000000070b000000, 0x000000070b200000|  0%| F|  |TAMS 0x000000070b000000, 0x000000070b000000| Untracked 
|  73|0x000000070b200000, 0x000000070b200000, 0x000000070b400000|  0%| F|  |TAMS 0x000000070b200000, 0x000000070b200000| Untracked 
|  74|0x000000070b400000, 0x000000070b400000, 0x000000070b600000|  0%| F|  |TAMS 0x000000070b400000, 0x000000070b400000| Untracked 
|  75|0x000000070b600000, 0x000000070b600000, 0x000000070b800000|  0%| F|  |TAMS 0x000000070b600000, 0x000000070b600000| Untracked 
|  76|0x000000070b800000, 0x000000070b800000, 0x000000070ba00000|  0%| F|  |TAMS 0x000000070b800000, 0x000000070b800000| Untracked 
|  77|0x000000070ba00000, 0x000000070ba00000, 0x000000070bc00000|  0%| F|  |TAMS 0x000000070ba00000, 0x000000070ba00000| Untracked 
|  78|0x000000070bc00000, 0x000000070bc00000, 0x000000070be00000|  0%| F|  |TAMS 0x000000070bc00000, 0x000000070bc00000| Untracked 
|  79|0x000000070be00000, 0x000000070be00000, 0x000000070c000000|  0%| F|  |TAMS 0x000000070be00000, 0x000000070be00000| Untracked 
|  80|0x000000070c000000, 0x000000070c000000, 0x000000070c200000|  0%| F|  |TAMS 0x000000070c000000, 0x000000070c000000| Untracked 
|  81|0x000000070c200000, 0x000000070c200000, 0x000000070c400000|  0%| F|  |TAMS 0x000000070c200000, 0x000000070c200000| Untracked 
|  82|0x000000070c400000, 0x000000070c400000, 0x000000070c600000|  0%| F|  |TAMS 0x000000070c400000, 0x000000070c400000| Untracked 
|  83|0x000000070c600000, 0x000000070c600000, 0x000000070c800000|  0%| F|  |TAMS 0x000000070c600000, 0x000000070c600000| Untracked 
|  84|0x000000070c800000, 0x000000070c800000, 0x000000070ca00000|  0%| F|  |TAMS 0x000000070c800000, 0x000000070c800000| Untracked 
|  85|0x000000070ca00000, 0x000000070ca00000, 0x000000070cc00000|  0%| F|  |TAMS 0x000000070ca00000, 0x000000070ca00000| Untracked 
|  86|0x000000070cc00000, 0x000000070cc00000, 0x000000070ce00000|  0%| F|  |TAMS 0x000000070cc00000, 0x000000070cc00000| Untracked 
|  87|0x000000070ce00000, 0x000000070ce00000, 0x000000070d000000|  0%| F|  |TAMS 0x000000070ce00000, 0x000000070ce00000| Untracked 
|  88|0x000000070d000000, 0x000000070d000000, 0x000000070d200000|  0%| F|  |TAMS 0x000000070d000000, 0x000000070d000000| Untracked 
|  89|0x000000070d200000, 0x000000070d200000, 0x000000070d400000|  0%| F|  |TAMS 0x000000070d200000, 0x000000070d200000| Untracked 
|  90|0x000000070d400000, 0x000000070d400000, 0x000000070d600000|  0%| F|  |TAMS 0x000000070d400000, 0x000000070d400000| Untracked 
|  91|0x000000070d600000, 0x000000070d600000, 0x000000070d800000|  0%| F|  |TAMS 0x000000070d600000, 0x000000070d600000| Untracked 
|  92|0x000000070d800000, 0x000000070d800000, 0x000000070da00000|  0%| F|  |TAMS 0x000000070d800000, 0x000000070d800000| Untracked 
|  93|0x000000070da00000, 0x000000070da00000, 0x000000070dc00000|  0%| F|  |TAMS 0x000000070da00000, 0x000000070da00000| Untracked 
|  94|0x000000070dc00000, 0x000000070dc00000, 0x000000070de00000|  0%| F|  |TAMS 0x000000070dc00000, 0x000000070dc00000| Untracked 
|  95|0x000000070de00000, 0x000000070de00000, 0x000000070e000000|  0%| F|  |TAMS 0x000000070de00000, 0x000000070de00000| Untracked 
|  96|0x000000070e000000, 0x000000070e000000, 0x000000070e200000|  0%| F|  |TAMS 0x000000070e000000, 0x000000070e000000| Untracked 
|  97|0x000000070e200000, 0x000000070e200000, 0x000000070e400000|  0%| F|  |TAMS 0x000000070e200000, 0x000000070e200000| Untracked 
|  98|0x000000070e400000, 0x000000070e400000, 0x000000070e600000|  0%| F|  |TAMS 0x000000070e400000, 0x000000070e400000| Untracked 
|  99|0x000000070e600000, 0x000000070e600000, 0x000000070e800000|  0%| F|  |TAMS 0x000000070e600000, 0x000000070e600000| Untracked 
| 100|0x000000070e800000, 0x000000070e800000, 0x000000070ea00000|  0%| F|  |TAMS 0x000000070e800000, 0x000000070e800000| Untracked 
| 101|0x000000070ea00000, 0x000000070ea00000, 0x000000070ec00000|  0%| F|  |TAMS 0x000000070ea00000, 0x000000070ea00000| Untracked 
| 102|0x000000070ec00000, 0x000000070ec00000, 0x000000070ee00000|  0%| F|  |TAMS 0x000000070ec00000, 0x000000070ec00000| Untracked 
| 103|0x000000070ee00000, 0x000000070ee00000, 0x000000070f000000|  0%| F|  |TAMS 0x000000070ee00000, 0x000000070ee00000| Untracked 
| 104|0x000000070f000000, 0x000000070f000000, 0x000000070f200000|  0%| F|  |TAMS 0x000000070f000000, 0x000000070f000000| Untracked 
| 105|0x000000070f200000, 0x000000070f200000, 0x000000070f400000|  0%| F|  |TAMS 0x000000070f200000, 0x000000070f200000| Untracked 
| 106|0x000000070f400000, 0x000000070f400000, 0x000000070f600000|  0%| F|  |TAMS 0x000000070f400000, 0x000000070f400000| Untracked 
| 107|0x000000070f600000, 0x000000070f600000, 0x000000070f800000|  0%| F|  |TAMS 0x000000070f600000, 0x000000070f600000| Untracked 
| 108|0x000000070f800000, 0x000000070f800000, 0x000000070fa00000|  0%| F|  |TAMS 0x000000070f800000, 0x000000070f800000| Untracked 
| 109|0x000000070fa00000, 0x000000070fa00000, 0x000000070fc00000|  0%| F|  |TAMS 0x000000070fa00000, 0x000000070fa00000| Untracked 
| 110|0x000000070fc00000, 0x000000070fc00000, 0x000000070fe00000|  0%| F|  |TAMS 0x000000070fc00000, 0x000000070fc00000| Untracked 
| 111|0x000000070fe00000, 0x000000070fe00000, 0x0000000710000000|  0%| F|  |TAMS 0x000000070fe00000, 0x000000070fe00000| Untracked 
| 112|0x0000000710000000, 0x0000000710000000, 0x0000000710200000|  0%| F|  |TAMS 0x0000000710000000, 0x0000000710000000| Untracked 
| 113|0x0000000710200000, 0x0000000710200000, 0x0000000710400000|  0%| F|  |TAMS 0x0000000710200000, 0x0000000710200000| Untracked 
| 114|0x0000000710400000, 0x0000000710400000, 0x0000000710600000|  0%| F|  |TAMS 0x0000000710400000, 0x0000000710400000| Untracked 
| 115|0x0000000710600000, 0x0000000710600000, 0x0000000710800000|  0%| F|  |TAMS 0x0000000710600000, 0x0000000710600000| Untracked 
| 116|0x0000000710800000, 0x0000000710800000, 0x0000000710a00000|  0%| F|  |TAMS 0x0000000710800000, 0x0000000710800000| Untracked 
| 117|0x0000000710a00000, 0x0000000710a00000, 0x0000000710c00000|  0%| F|  |TAMS 0x0000000710a00000, 0x0000000710a00000| Untracked 
| 118|0x0000000710c00000, 0x0000000710c00000, 0x0000000710e00000|  0%| F|  |TAMS 0x0000000710c00000, 0x0000000710c00000| Untracked 
| 119|0x0000000710e00000, 0x0000000710e00000, 0x0000000711000000|  0%| F|  |TAMS 0x0000000710e00000, 0x0000000710e00000| Untracked 
| 120|0x0000000711000000, 0x0000000711073530, 0x0000000711200000| 22%| E|  |TAMS 0x0000000711000000, 0x0000000711000000| Complete 
| 121|0x0000000711200000, 0x0000000711400000, 0x0000000711400000|100%| E|CS|TAMS 0x0000000711200000, 0x0000000711200000| Complete 
| 122|0x0000000711400000, 0x0000000711600000, 0x0000000711600000|100%| E|CS|TAMS 0x0000000711400000, 0x0000000711400000| Complete 
| 123|0x0000000711600000, 0x0000000711800000, 0x0000000711800000|100%| E|CS|TAMS 0x0000000711600000, 0x0000000711600000| Complete 
| 124|0x0000000711800000, 0x0000000711a00000, 0x0000000711a00000|100%| E|  |TAMS 0x0000000711800000, 0x0000000711800000| Complete 
| 125|0x0000000711a00000, 0x0000000711c00000, 0x0000000711c00000|100%| E|CS|TAMS 0x0000000711a00000, 0x0000000711a00000| Complete 
| 126|0x0000000711c00000, 0x0000000711e00000, 0x0000000711e00000|100%| E|CS|TAMS 0x0000000711c00000, 0x0000000711c00000| Complete 

Card table byte_map: [0x0000022a27ec0000,0x0000022a286b0000] _byte_map_base: 0x0000022a246b0000

Marking Bits (Prev, Next): (CMBitMap*) 0x0000022a106e0690, (CMBitMap*) 0x0000022a106e06d0
 Prev Bits: [0x0000022a28ea0000, 0x0000022a2ce20000)
 Next Bits: [0x0000022a2ce20000, 0x0000022a30da0000)

Polling page: 0x0000022a0e5f0000

Metaspace:

Usage:
  Non-class:      2.60 MB used.
      Class:    295.80 KB used.
       Both:      2.89 MB used.

Virtual space:
  Non-class space:        8.00 MB reserved,       2.69 MB ( 34%) committed,  1 nodes.
      Class space:        1.00 GB reserved,     384.00 KB ( <1%) committed,  1 nodes.
             Both:        1.01 GB reserved,       3.06 MB ( <1%) committed. 

Chunk freelists:
   Non-Class:  3.03 MB
       Class:  3.60 MB
        Both:  6.63 MB

MaxMetaspaceSize: unlimited
CompressedClassSpaceSize: 1.00 GB
Initial GC threshold: 21.00 MB
Current GC threshold: 21.00 MB
CDS: on
MetaspaceReclaimPolicy: balanced
 - commit_granule_bytes: 65536.
 - commit_granule_words: 8192.
 - virtual_space_node_default_size: 1048576.
 - enlarge_chunks_in_place: 1.
 - new_chunks_are_fully_committed: 0.
 - uncommit_free_chunks: 1.
 - use_allocation_guard: 0.
 - handle_deallocations: 1.


Internal statistics:

num_allocs_failed_limit: 0.
num_arena_births: 54.
num_arena_deaths: 0.
num_vsnodes_births: 2.
num_vsnodes_deaths: 0.
num_space_committed: 49.
num_space_uncommitted: 0.
num_chunks_returned_to_freelist: 0.
num_chunks_taken_from_freelist: 114.
num_chunk_merges: 0.
num_chunk_splits: 70.
num_chunks_enlarged: 52.
num_purges: 0.
num_inconsistent_stats: 0.

CodeHeap 'non-profiled nmethods': size=120000Kb used=226Kb max_used=226Kb free=119773Kb
 bounds [0x0000022a1fc40000, 0x0000022a1feb0000, 0x0000022a27170000]
CodeHeap 'profiled nmethods': size=120000Kb used=1052Kb max_used=1052Kb free=118948Kb
 bounds [0x0000022a18710000, 0x0000022a18980000, 0x0000022a1fc40000]
CodeHeap 'non-nmethods': size=5760Kb used=1152Kb max_used=1169Kb free=4607Kb
 bounds [0x0000022a18170000, 0x0000022a183e0000, 0x0000022a18710000]
 total_blobs=1104 nmethods=677 adapters=340
 compilation: enabled
              stopped_count=0, restarted_count=0
 full_count=0

Compilation events (20 events):
Event: 0.268 Thread 0x0000022a3440a620 nmethod 655 0x0000022a18812c10 code [0x0000022a18812dc0, 0x0000022a18813028]
Event: 0.268 Thread 0x0000022a3440a620  658       3       jdk.internal.org.objectweb.asm.MethodWriter::visitVarInsn (302 bytes)
Event: 0.268 Thread 0x0000022a3440a620 nmethod 658 0x0000022a18813110 code [0x0000022a18813360, 0x0000022a18813d08]
Event: 0.269 Thread 0x0000022a3440a620  662       3       java.lang.reflect.Modifier::isStatic (13 bytes)
Event: 0.269 Thread 0x0000022a3440a620 nmethod 662 0x0000022a18813f90 code [0x0000022a18814120, 0x0000022a18814278]
Event: 0.269 Thread 0x0000022a3440a620  657       1       java.lang.invoke.LambdaForm$Name::type (5 bytes)
Event: 0.269 Thread 0x0000022a3440a620 nmethod 657 0x0000022a1fc76090 code [0x0000022a1fc76220, 0x0000022a1fc762f8]
Event: 0.269 Thread 0x0000022a3440a620  663       3       java.lang.invoke.MemberName::isStatic (8 bytes)
Event: 0.269 Thread 0x0000022a3440a620 nmethod 663 0x0000022a18814310 code [0x0000022a188144a0, 0x0000022a18814678]
Event: 0.269 Thread 0x0000022a3440a620  660       3       java.lang.invoke.LambdaForm::parameter (38 bytes)
Event: 0.269 Thread 0x0000022a3440a620 nmethod 660 0x0000022a18814710 code [0x0000022a188148a0, 0x0000022a188149f8]
Event: 0.269 Thread 0x0000022a3440a620  665       3       java.util.ImmutableCollections$ListN::size (6 bytes)
Event: 0.269 Thread 0x0000022a3440a620 nmethod 665 0x0000022a18814b10 code [0x0000022a18814ca0, 0x0000022a18814db8]
Event: 0.270 Thread 0x0000022a3440a620  667       3       java.lang.invoke.LambdaForm$Name::<init> (44 bytes)
Event: 0.270 Thread 0x0000022a3440a620 nmethod 667 0x0000022a18814e90 code [0x0000022a188150a0, 0x0000022a18815688]
Event: 0.270 Thread 0x0000022a3440a620  669       3       jdk.internal.util.jar.JarIndex::get (49 bytes)
Event: 0.270 Thread 0x0000022a3440a620 nmethod 669 0x0000022a18815990 code [0x0000022a18815bc0, 0x0000022a188164c8]
Event: 0.270 Thread 0x0000022a3440a620  668       3       java.lang.invoke.LambdaForm$NamedFunction::returnType (11 bytes)
Event: 0.271 Thread 0x0000022a3440a620 nmethod 668 0x0000022a18816790 code [0x0000022a18816980, 0x0000022a18816e08]
Event: 0.271 Thread 0x0000022a3440a620  671       3       java.net.URLStreamHandler::parseURL (1201 bytes)

GC Heap History (0 events):
No events

Dll operation events (9 events):
Event: 0.016 Loaded shared library C:\Users\morning\.jdks\corretto-17.0.5\bin\java.dll
Event: 0.024 Loaded shared library C:\Users\morning\.jdks\corretto-17.0.5\bin\jsvml.dll
Event: 0.090 Loaded shared library C:\Users\morning\.jdks\corretto-17.0.5\bin\zip.dll
Event: 0.091 Loaded shared library C:\Users\morning\.jdks\corretto-17.0.5\bin\instrument.dll
Event: 0.095 Loaded shared library C:\Users\morning\.jdks\corretto-17.0.5\bin\net.dll
Event: 0.096 Loaded shared library C:\Users\morning\.jdks\corretto-17.0.5\bin\nio.dll
Event: 0.098 Loaded shared library C:\Users\morning\.jdks\corretto-17.0.5\bin\zip.dll
Event: 0.139 Loaded shared library D:\IDE\IntelliJ IDEA Community Edition 2022.2.1\bin\breakgen64.dll
Event: 0.170 Loaded shared library C:\Users\morning\.jdks\corretto-17.0.5\bin\jimage.dll

Deoptimization events (20 events):
Event: 0.215 Thread 0x0000022a1067cb60 Uncommon trap: trap_request=0xffffff45 fr.pc=0x0000022a1fc64d88 relative=0x0000000000000268
Event: 0.215 Thread 0x0000022a1067cb60 Uncommon trap: reason=unstable_if action=reinterpret pc=0x0000022a1fc64d88 method=java.io.BufferedReader.read()I @ 19 c2
Event: 0.215 Thread 0x0000022a1067cb60 DEOPT PACKING pc=0x0000022a1fc64d88 sp=0x0000005f17bfcd90
Event: 0.215 Thread 0x0000022a1067cb60 DEOPT UNPACKING pc=0x0000022a181c5ba3 sp=0x0000005f17bfccd0 mode 2
Event: 0.216 Thread 0x0000022a1067cb60 Uncommon trap: trap_request=0xffffff45 fr.pc=0x0000022a1fc64798 relative=0x0000000000000278
Event: 0.216 Thread 0x0000022a1067cb60 Uncommon trap: reason=unstable_if action=reinterpret pc=0x0000022a1fc64798 method=java.io.BufferedReader.read()I @ 19 c2
Event: 0.216 Thread 0x0000022a1067cb60 DEOPT PACKING pc=0x0000022a1fc64798 sp=0x0000005f17bfcbf0
Event: 0.216 Thread 0x0000022a1067cb60 DEOPT UNPACKING pc=0x0000022a181c5ba3 sp=0x0000005f17bfcba0 mode 2
Event: 0.217 Thread 0x0000022a1067cb60 Uncommon trap: trap_request=0xffffff45 fr.pc=0x0000022a1fc60ea8 relative=0x0000000000000128
Event: 0.217 Thread 0x0000022a1067cb60 Uncommon trap: reason=unstable_if action=reinterpret pc=0x0000022a1fc60ea8 method=java.lang.StringCoding.hasNegatives([BII)Z @ 12 c2
Event: 0.217 Thread 0x0000022a1067cb60 DEOPT PACKING pc=0x0000022a1fc60ea8 sp=0x0000005f17bfc290
Event: 0.217 Thread 0x0000022a1067cb60 DEOPT UNPACKING pc=0x0000022a181c5ba3 sp=0x0000005f17bfc220 mode 2
Event: 0.217 Thread 0x0000022a1067cb60 Uncommon trap: trap_request=0xffffff45 fr.pc=0x0000022a1fc53f5c relative=0x000000000000005c
Event: 0.217 Thread 0x0000022a1067cb60 Uncommon trap: reason=unstable_if action=reinterpret pc=0x0000022a1fc53f5c method=java.lang.AbstractStringBuilder.isLatin1()Z @ 10 c2
Event: 0.217 Thread 0x0000022a1067cb60 DEOPT PACKING pc=0x0000022a1fc53f5c sp=0x0000005f17bfc230
Event: 0.217 Thread 0x0000022a1067cb60 DEOPT UNPACKING pc=0x0000022a181c5ba3 sp=0x0000005f17bfc1c0 mode 2
Event: 0.270 Thread 0x0000022a1067cb60 DEOPT PACKING pc=0x0000022a187e9ad6 sp=0x0000005f17bfde50
Event: 0.270 Thread 0x0000022a1067cb60 DEOPT UNPACKING pc=0x0000022a181c66e3 sp=0x0000005f17bfd2d8 mode 0
Event: 0.271 Thread 0x0000022a1067cb60 DEOPT PACKING pc=0x0000022a187e9ad6 sp=0x0000005f17bfc540
Event: 0.271 Thread 0x0000022a1067cb60 DEOPT UNPACKING pc=0x0000022a181c66e3 sp=0x0000005f17bfb9e0 mode 0

Classes unloaded (0 events):
No events

Classes redefined (0 events):
No events

Internal exceptions (5 events):
Event: 0.141 Thread 0x0000022a348482b0 Exception <a 'java/lang/NoSuchMethodError'{0x00000007117704e8}: 'java.lang.Object java.lang.invoke.DirectMethodHandle$Holder.invokeStaticInit(java.lang.Object)'> (0x00000007117704e8) 
thrown [s\src\hotspot\share\interpreter\linkResolver.cpp, line 759]
Event: 0.145 Thread 0x0000022a348482b0 Exception <a 'java/lang/NoSuchMethodError'{0x000000071177e428}: 'void java.lang.invoke.DirectMethodHandle$Holder.invokeStatic(java.lang.Object, java.lang.Object)'> (0x000000071177e428) 
thrown [s\src\hotspot\share\interpreter\linkResolver.cpp, line 759]
Event: 0.214 Thread 0x0000022a1067cb60 Exception <a 'java/lang/ClassNotFoundException'{0x000000071155be60}: javax/smartcardio/CardPermission> (0x000000071155be60) 
thrown [s\src\hotspot\share\classfile\systemDictionary.cpp, line 256]
Event: 0.217 Thread 0x0000022a1067cb60 Exception <a 'java/io/FileNotFoundException'{0x000000071156a218}> (0x000000071156a218) 
thrown [s\src\hotspot\share\prims\jni.cpp, line 516]
Event: 0.275 Thread 0x0000022a1067cb60 Exception <a 'java/lang/NoSuchMethodError'{0x000000071138a838}: 'void java.lang.invoke.DirectMethodHandle$Holder.invokeStatic(java.lang.Object, java.lang.Object, java.lang.Object, java.lang.Object)'> (0x000000071138a838) 
thrown [s\src\hotspot\share\interpreter\linkResolver.cpp, line 759]

VM Operations (8 events):
Event: 0.083 Executing VM operation: HandshakeAllThreads
Event: 0.083 Executing VM operation: HandshakeAllThreads done
Event: 0.141 Executing VM operation: HandshakeAllThreads
Event: 0.141 Executing VM operation: HandshakeAllThreads done
Event: 0.165 Executing VM operation: HandshakeAllThreads
Event: 0.165 Executing VM operation: HandshakeAllThreads done
Event: 0.180 Executing VM operation: HandshakeAllThreads
Event: 0.180 Executing VM operation: HandshakeAllThreads done

Events (20 events):
Event: 0.247 loading class java/util/concurrent/atomic/AtomicReference
Event: 0.247 loading class java/util/concurrent/atomic/AtomicReference done
Event: 0.249 loading class java/lang/NumberFormatException
Event: 0.249 loading class java/lang/NumberFormatException done
Event: 0.254 loading class java/util/EventListener
Event: 0.254 loading class java/util/EventListener done
Event: 0.254 loading class java/lang/InterruptedException
Event: 0.254 loading class java/lang/InterruptedException done
Event: 0.254 loading class java/util/concurrent/TimeoutException
Event: 0.254 loading class java/util/concurrent/TimeoutException done
Event: 0.260 loading class java/lang/IllegalAccessError
Event: 0.260 loading class java/lang/IllegalAccessError done
Event: 0.264 loading class java/util/IdentityHashMap$EntrySet
Event: 0.265 loading class java/util/IdentityHashMap$EntrySet done
Event: 0.265 loading class java/util/IdentityHashMap$EntryIterator
Event: 0.265 loading class java/util/IdentityHashMap$EntryIterator done
Event: 0.265 loading class java/util/IdentityHashMap$EntryIterator$Entry
Event: 0.265 loading class java/util/IdentityHashMap$EntryIterator$Entry done
Event: 0.265 loading class java/util/IdentityHashMap$ValueIterator
Event: 0.265 loading class java/util/IdentityHashMap$ValueIterator done


Dynamic libraries:
0x00007ff6a7790000 - 0x00007ff6a779d000 	C:\Users\morning\.jdks\corretto-17.0.5\bin\java.exe
0x00007ffb11930000 - 0x00007ffb11b28000 	C:\Windows\SYSTEM32\ntdll.dll
0x00007ffb11830000 - 0x00007ffb118ef000 	C:\Windows\System32\KERNEL32.DLL
0x00007ffb0f540000 - 0x00007ffb0f812000 	C:\Windows\System32\KERNELBASE.dll
0x00007ffb0f210000 - 0x00007ffb0f310000 	C:\Windows\System32\ucrtbase.dll
0x00007ffb000a0000 - 0x00007ffb000b7000 	C:\Users\morning\.jdks\corretto-17.0.5\bin\jli.dll
0x00007ffb00060000 - 0x00007ffb00075000 	C:\Users\morning\.jdks\corretto-17.0.5\bin\VCRUNTIME140.dll
0x00007ffb10dd0000 - 0x00007ffb10f71000 	C:\Windows\System32\USER32.dll
0x00007ffb0f310000 - 0x00007ffb0f332000 	C:\Windows\System32\win32u.dll
0x00007ffafd040000 - 0x00007ffafd2da000 	C:\Windows\WinSxS\amd64_microsoft.windows.common-controls_6595b64144ccf1df_6.0.19041.1110_none_60b5254171f9507e\COMCTL32.dll
0x00007ffb112a0000 - 0x00007ffb112cb000 	C:\Windows\System32\GDI32.dll
0x00007ffb11200000 - 0x00007ffb1129e000 	C:\Windows\System32\msvcrt.dll
0x00007ffb0f3e0000 - 0x00007ffb0f4ef000 	C:\Windows\System32\gdi32full.dll
0x00007ffb0f340000 - 0x00007ffb0f3dd000 	C:\Windows\System32\msvcp_win.dll
0x00007ffb0fc50000 - 0x00007ffb0fc80000 	C:\Windows\System32\IMM32.DLL
0x00007ffafc930000 - 0x00007ffafc9cb000 	C:\Users\morning\.jdks\corretto-17.0.5\bin\msvcp140.dll
0x00007ffad8a80000 - 0x00007ffad9694000 	C:\Users\morning\.jdks\corretto-17.0.5\bin\server\jvm.dll
0x00007ffb0fba0000 - 0x00007ffb0fc4e000 	C:\Windows\System32\ADVAPI32.dll
0x00007ffb0fe20000 - 0x00007ffb0febc000 	C:\Windows\System32\sechost.dll
0x00007ffb0f980000 - 0x00007ffb0faa4000 	C:\Windows\System32\RPCRT4.dll
0x00007ffb09650000 - 0x00007ffb0965a000 	C:\Windows\SYSTEM32\VERSION.dll
0x00007ffaff2d0000 - 0x00007ffaff2f7000 	C:\Windows\SYSTEM32\WINMM.dll
0x00007ffaf9110000 - 0x00007ffaf9119000 	C:\Windows\SYSTEM32\WSOCK32.dll
0x00007ffb10ca0000 - 0x00007ffb10d0b000 	C:\Windows\System32\WS2_32.dll
0x00007ffb0ced0000 - 0x00007ffb0cee2000 	C:\Windows\SYSTEM32\kernel.appcore.dll
0x00007ffb02690000 - 0x00007ffb0269a000 	C:\Users\morning\.jdks\corretto-17.0.5\bin\jimage.dll
0x00007ffafe8e0000 - 0x00007ffafeac4000 	C:\Windows\SYSTEM32\DBGHELP.DLL
0x00007ffaf9410000 - 0x00007ffaf9445000 	C:\Windows\SYSTEM32\dbgcore.DLL
0x00007ffb0f030000 - 0x00007ffb0f0b2000 	C:\Windows\System32\bcryptPrimitives.dll
0x00007ffb01110000 - 0x00007ffb0111e000 	C:\Users\morning\.jdks\corretto-17.0.5\bin\instrument.dll
0x00007ffafdcb0000 - 0x00007ffafdcd5000 	C:\Users\morning\.jdks\corretto-17.0.5\bin\java.dll
0x00007ffae7a10000 - 0x00007ffae7ae6000 	C:\Users\morning\.jdks\corretto-17.0.5\bin\jsvml.dll
0x00007ffb102f0000 - 0x00007ffb10a35000 	C:\Windows\System32\SHELL32.dll
0x00007ffb0d0d0000 - 0x00007ffb0d862000 	C:\Windows\SYSTEM32\windows.storage.dll
0x00007ffb0ff90000 - 0x00007ffb102e5000 	C:\Windows\System32\combase.dll
0x00007ffb0e940000 - 0x00007ffb0e970000 	C:\Windows\SYSTEM32\Wldp.dll
0x00007ffb10f80000 - 0x00007ffb1102d000 	C:\Windows\System32\SHCORE.dll
0x00007ffb117d0000 - 0x00007ffb11825000 	C:\Windows\System32\shlwapi.dll
0x00007ffb0ef70000 - 0x00007ffb0ef8f000 	C:\Windows\SYSTEM32\profapi.dll
0x00007ffafdb70000 - 0x00007ffafdb88000 	C:\Users\morning\.jdks\corretto-17.0.5\bin\zip.dll
0x00007ffb00040000 - 0x00007ffb00059000 	C:\Users\morning\.jdks\corretto-17.0.5\bin\net.dll
0x00007ffb09d50000 - 0x00007ffb09e5a000 	C:\Windows\SYSTEM32\WINHTTP.dll
0x00007ffb0e6b0000 - 0x00007ffb0e71a000 	C:\Windows\system32\mswsock.dll
0x00007ffafdc90000 - 0x00007ffafdca5000 	C:\Users\morning\.jdks\corretto-17.0.5\bin\nio.dll
0x00007ffb010f0000 - 0x00007ffb0110a000 	D:\IDE\IntelliJ IDEA Community Edition 2022.2.1\bin\breakgen64.dll

dbghelp: loaded successfully - version: 4.0.5 - missing functions: none
symbol engine: initialized successfully - sym options: 0x614 - pdb path: .;C:\Users\morning\.jdks\corretto-17.0.5\bin;C:\Windows\SYSTEM32;C:\Windows\WinSxS\amd64_microsoft.windows.common-controls_6595b64144ccf1df_6.0.19041.1110_none_60b5254171f9507e;C:\Users\morning\.jdks\corretto-17.0.5\bin\server;D:\IDE\IntelliJ IDEA Community Edition 2022.2.1\bin

VM Arguments:
jvm_args: -javaagent:D:\IDE\IntelliJ IDEA Community Edition 2022.2.1\lib\idea_rt.jar=58816:D:\IDE\IntelliJ IDEA Community Edition 2022.2.1\bin -Dfile.encoding=UTF-8 
java_command: mirea.morning.eventagencypr.EventAgencyApplication
java_class_path (initial): D:\MySpace\javaProjects\event-agency-pr\target\classes;C:\Users\morning\.m2\repository\com\fasterxml\jackson\core\jackson-core\2.13.3\jackson-core-2.13.3.jar;C:\Users\morning\.m2\repository\jakarta\persistence\jakarta.persistence-api\3.0.0\jakarta.persistence-api-3.0.0.jar;C:\Users\morning\.m2\repository\javax\persistence\javax.persistence-api\2.2\javax.persistence-api-2.2.jar;C:\Users\morning\.m2\repository\org\apache\commons\commons-dbcp2\2.9.0\commons-dbcp2-2.9.0.jar;C:\Users\morning\.m2\repository\org\apache\commons\commons-pool2\2.11.1\commons-pool2-2.11.1.jar;C:\Users\morning\.m2\repository\org\hibernate\orm\hibernate-core\6.1.0.Final\hibernate-core-6.1.0.Final.jar;C:\Users\morning\.m2\repository\jakarta\transaction\jakarta.transaction-api\2.0.1\jakarta.transaction-api-2.0.1.jar;C:\Users\morning\.m2\repository\org\jboss\logging\jboss-logging\3.5.0.Final\jboss-logging-3.5.0.Final.jar;C:\Users\morning\.m2\repository\org\hibernate\common\hibernate-commons-annotations\6.0.2.Final\hibernate-commons-annotations-6.0.2.Final.jar;C:\Users\morning\.m2\repository\org\jboss\jandex\2.4.2.Final\jandex-2.4.2.Final.jar;C:\Users\morning\.m2\repository\com\fasterxml\classmate\1.5.1\classmate-1.5.1.jar;C:\Users\morning\.m2\repository\net\bytebuddy\byte-buddy\1.12.23\byte-buddy-1.12.23.jar;C:\Users\morning\.m2\repository\jakarta\xml\bind\jakarta.xml.bind-api\4.0.0\jakarta.xml.bind-api-4.0.0.jar;C:\Users\morning\.m2\repository\jakarta\activation\jakarta.activation-api\2.1.1\jakarta.activation-api-2.1.1.jar;C:\Users\morning\.m2\repository\org\glassfish\jaxb\jaxb-runtime\4.0.2\jaxb-runtime-4.0.2.jar;C:\Users\morning\.m2\repository\org\glassfish\jaxb\jaxb-core\4.0.2\jaxb-core-4.0.2.jar;C:\Users\morning\.m2\repository\org\eclipse\angus\angus-activation\2.0.0\angus-activation-2.0.0.jar;C:\Users\morning\.m2\repository\org\glassfish\jaxb\txw2\4.0.2\txw2-4.0.2.jar;C:\Users\morning\.m2\repository\com\sun\istack\istack-commons-runtime\4.1.1\istack-commons-runtim
Launcher Type: SUN_STANDARD

[Global flags]
     intx CICompilerCount                          = 4                                         {product} {ergonomic}
     uint ConcGCThreads                            = 3                                         {product} {ergonomic}
     uint G1ConcRefinementThreads                  = 10                                        {product} {ergonomic}
   size_t G1HeapRegionSize                         = 2097152                                   {product} {ergonomic}
    uintx GCDrainStackTargetSize                   = 64                                        {product} {ergonomic}
   size_t InitialHeapSize                          = 266338304                                 {product} {ergonomic}
   size_t MarkStackSize                            = 4194304                                   {product} {ergonomic}
   size_t MaxHeapSize                              = 4261412864                                {product} {ergonomic}
   size_t MaxNewSize                               = 2556428288                                {product} {ergonomic}
   size_t MinHeapDeltaBytes                        = 2097152                                   {product} {ergonomic}
   size_t MinHeapSize                              = 8388608                                   {product} {ergonomic}
    uintx NonNMethodCodeHeapSize                   = 5839372                                {pd product} {ergonomic}
    uintx NonProfiledCodeHeapSize                  = 122909434                              {pd product} {ergonomic}
    uintx ProfiledCodeHeapSize                     = 122909434                              {pd product} {ergonomic}
    uintx ReservedCodeCacheSize                    = 251658240                              {pd product} {ergonomic}
     bool SegmentedCodeCache                       = true                                      {product} {ergonomic}
   size_t SoftMaxHeapSize                          = 4261412864                             {manageable} {ergonomic}
     bool UseCompressedClassPointers               = true                           {product lp64_product} {ergonomic}
     bool UseCompressedOops                        = true                           {product lp64_product} {ergonomic}
     bool UseG1GC                                  = true                                      {product} {ergonomic}
     bool UseLargePagesIndividualAllocation        = false                                  {pd product} {ergonomic}

Logging:
Log output configuration:
 #0: stdout all=warning uptime,level,tags
 #1: stderr all=off uptime,level,tags

Environment Variables:
JAVA_HOME=C:\Users\morning\.jdks\corretto-17.0.5
PATH=C:\Program Files\Common Files\Oracle\Java\javapath;C:\Windows\system32;C:\Windows;C:\Windows\System32\Wbem;C:\Windows\System32\WindowsPowerShell\v1.0\;C:\Windows\System32\OpenSSH\;C:\Program Files (x86)\NVIDIA Corporation\PhysX\Common;C:\Program Files\Microsoft SQL Server\150\Tools\Binn\;C:\Program Files\Git\cmd;C:\Program Files\dotnet\;C:\Program Files\maven\apache-maven-3.9.0\bin;C:\Users\morning\.jdks\corretto-17.0.5\bin;;C:\Program Files\Docker\Docker\resources\bin;C:\Program Files\MySQL\MySQL Shell 8.0\bin\;C:\Users\morning\.cargo\bin;C:\Users\Profit77\AppData\Local\Programs\Python\Python310\Scripts\;C:\Users\Profit77\AppData\Local\Programs\Python\Python310\;C:\Users\morning\AppData\Local\Microsoft\WindowsApps;;C:\Users\morning\.dotnet\tools;D:\IDE\IntelliJ IDEA Community Edition 2022.2.1\bin;;C:\Users\morning\AppData\Local\Programs\Microsoft VS Code\bin;C:\Program Files\JetBrains\PyCharm Community Edition 2022.2.4\bin;
USERNAME=morning
OS=Windows_NT
PROCESSOR_IDENTIFIER=Intel64 Family 6 Model 167 Stepping 1, GenuineIntel
TMP=C:\Users\morning\AppData\Local\Temp
TEMP=C:\Users\morning\AppData\Local\Temp



---------------  S Y S T E M  ---------------

OS:
 Windows 10 , 64 bit Build 19041 (10.0.19041.2546)
OS uptime: 8 days 11:59 hours
Hyper-V role detected

CPU: total 12 (initial active 12) (6 cores per cpu, 2 threads per core) family 6 model 167 stepping 1 microcode 0x40, cx8, cmov, fxsr, ht, mmx, 3dnowpref, sse, sse2, sse3, ssse3, sse4.1, sse4.2, popcnt, lzcnt, tsc, tscinvbit, avx, avx2, aes, erms, clmul, bmi1, bmi2, adx, avx512f, avx512dq, avx512cd, avx512bw, avx512vl, sha, fma, vzeroupper, avx512_vpopcntdq, avx512_vpclmulqdq, avx512_vaes, avx512_vnni, clflush, clflushopt, avx512_vbmi2, avx512_vbmi, hv

Memory: 4k page, system-wide physical 16251M (3814M free)
TotalPageFile size 19178M (AvailPageFile size 3M)
current process WorkingSet (physical memory assigned to process): 62M, peak: 62M
current process commit charge ("private bytes"): 362M, peak: 362M

vm_info: OpenJDK 64-Bit Server VM (17.0.5+8-LTS) for windows-amd64 JRE (17.0.5+8-LTS), built on Oct 13 2022 05:18:14 by "Administrator" with MS VC++ 15.9 (VS2017)

END.
