#
# There is insufficient memory for the Java Runtime Environment to continue.
# Native memory allocation (mmap) failed to map 266338304 bytes for G1 virtual space
# Possible reasons:
#   The system is out of physical RAM or swap space
#   The process is running with CompressedOops enabled, and the Java Heap may be blocking the growth of the native heap
# Possible solutions:
#   Reduce memory load on the system
#   Increase physical memory or swap space
#   Check if swap backing store is full
#   Decrease Java heap size (-Xmx/-Xms)
#   Decrease number of Java threads
#   Decrease Java thread stack sizes (-Xss)
#   Set larger code cache with -XX:ReservedCodeCacheSize=
#   JVM is running with Zero Based Compressed Oops mode in which the Java heap is
#     placed in the first 32GB address space. The Java Heap base address is the
#     maximum limit for the native heap growth. Please use -XX:HeapBaseMinAddress
#     to set the Java Heap base and to place the Java Heap above 32GB virtual address.
# This output file may be truncated or incomplete.
#
#  Out of Memory Error (os_windows.cpp:3747), pid=16028, tid=19340
#
# JRE version:  (17.0.3+7) (build )
# Java VM: OpenJDK 64-Bit Server VM (17.0.3+7-b469.37, mixed mode, sharing, tiered, compressed oops, compressed class ptrs, g1 gc, windows-amd64)
# No core dump will be written. Minidumps are not enabled by default on client versions of Windows
#

---------------  S U M M A R Y ------------

Command Line: git4idea.http.GitAskPassApp Username for 'https://github.com': 

Host: 11th Gen Intel(R) Core(TM) i5-11400F @ 2.60GHz, 12 cores, 15G,  Windows 10 , 64 bit Build 19041 (10.0.19041.2788)
Time: Thu Apr 27 21:54:11 2023 RTZ 2 (s 10 , 64 bit Build 19041 (10.0.19041.2788) elapsed time: 0.023500 seconds (0d 0h 0m 0s)

---------------  T H R E A D  ---------------

Current thread (0x000002e9e48eafe0):  JavaThread "Unknown thread" [_thread_in_vm, id=19340, stack(0x000000f95cd00000,0x000000f95ce00000)]

Stack: [0x000000f95cd00000,0x000000f95ce00000]
Native frames: (J=compiled Java code, j=interpreted, Vv=VM code, C=native code)
V  [jvm.dll+0x681f8a]
V  [jvm.dll+0x83e374]
V  [jvm.dll+0x83fb1e]
V  [jvm.dll+0x840183]
V  [jvm.dll+0x2492a5]
V  [jvm.dll+0x67ee59]
V  [jvm.dll+0x67355a]
V  [jvm.dll+0x308fab]
V  [jvm.dll+0x310466]
V  [jvm.dll+0x3601de]
V  [jvm.dll+0x36040f]
V  [jvm.dll+0x2df098]
V  [jvm.dll+0x2e0004]
V  [jvm.dll+0x80fc61]
V  [jvm.dll+0x36df61]
V  [jvm.dll+0x7ef17c]
V  [jvm.dll+0x3f10ef]
V  [jvm.dll+0x3f2c31]
C  [jli.dll+0x526b]
C  [ucrtbase.dll+0x21bb2]
C  [KERNEL32.DLL+0x17604]
C  [ntdll.dll+0x526a1]


---------------  P R O C E S S  ---------------

Threads class SMR info:
_java_thread_list=0x00007ff9bbb46f18, length=0, elements={
}

Java Threads: ( => current thread )

Other Threads:
  0x000002e9e69ecfe0 GCTaskThread "GC Thread#0" [stack: 0x000000f95ce00000,0x000000f95cf00000] [id=14772]
  0x000002e9e69ffd40 ConcurrentGCThread "G1 Main Marker" [stack: 0x000000f95cf00000,0x000000f95d000000] [id=14380]
  0x000002e9e6a00750 ConcurrentGCThread "G1 Conc#0" [stack: 0x000000f95d000000,0x000000f95d100000] [id=8940]

[error occurred during error reporting (printing all threads), id 0xc0000005, EXCEPTION_ACCESS_VIOLATION (0xc0000005) at pc=0x00007ff9bb2ffc57]

VM state: not at safepoint (not fully initialized)

VM Mutex/Monitor currently owned by a thread:  ([mutex/lock_event])
[0x000002e9e6982a30] Heap_lock - owner thread: 0x000002e9e48eafe0

Heap address: 0x0000000702000000, size: 4064 MB, Compressed Oops mode: Zero based, Oop shift amount: 3

CDS archive(s) mapped at: [0x0000000000000000-0x0000000000000000-0x0000000000000000), size 0, SharedBaseAddress: 0x0000000800000000, ArchiveRelocationMode: 0.
Narrow klass base: 0x0000000000000000, Narrow klass shift: 0, Narrow klass range: 0x0

GC Precious Log:
<Empty>

Heap:
 garbage-first heap   total 0K, used 0K [0x0000000702000000, 0x0000000800000000)
  region size 2048K, 0 young (0K), 0 survivors (0K)

[error occurred during error reporting (printing heap information), id 0xc0000005, EXCEPTION_ACCESS_VIOLATION (0xc0000005) at pc=0x00007ff9bb6ebbd9]

GC Heap History (0 events):
No events

Deoptimization events (0 events):
No events

Classes unloaded (0 events):
No events

Classes redefined (0 events):
No events

Internal exceptions (0 events):
No events

VM Operations (0 events):
No events

Events (1 events):
Event: 0.004 Loaded shared library D:\IDE\IntelliJ IDEA Community Edition 2022.2.1\jbr\bin\java.dll


Dynamic libraries:
0x00007ff69daf0000 - 0x00007ff69dafa000 	D:\IDE\IntelliJ IDEA Community Edition 2022.2.1\jbr\bin\java.exe
0x00007ffa10c50000 - 0x00007ffa10e48000 	C:\Windows\SYSTEM32\ntdll.dll
0x00007ffa0f8f0000 - 0x00007ffa0f9af000 	C:\Windows\System32\KERNEL32.DLL
0x00007ffa0e6b0000 - 0x00007ffa0e98a000 	C:\Windows\System32\KERNELBASE.dll
0x00007ffa0e360000 - 0x00007ffa0e460000 	C:\Windows\System32\ucrtbase.dll
0x00007ff9fade0000 - 0x00007ff9fadfb000 	D:\IDE\IntelliJ IDEA Community Edition 2022.2.1\jbr\bin\VCRUNTIME140.dll
0x00007ff9ef0b0000 - 0x00007ff9ef0c7000 	D:\IDE\IntelliJ IDEA Community Edition 2022.2.1\jbr\bin\jli.dll
0x00007ffa0ee20000 - 0x00007ffa0efbd000 	C:\Windows\System32\USER32.dll
0x00007ff9fb150000 - 0x00007ff9fb3ea000 	C:\Windows\WinSxS\amd64_microsoft.windows.common-controls_6595b64144ccf1df_6.0.19041.1110_none_60b5254171f9507e\COMCTL32.dll
0x00007ffa0e4f0000 - 0x00007ffa0e512000 	C:\Windows\System32\win32u.dll
0x00007ffa10700000 - 0x00007ffa1079e000 	C:\Windows\System32\msvcrt.dll
0x00007ffa0fed0000 - 0x00007ffa0fefb000 	C:\Windows\System32\GDI32.dll
0x00007ffa0eab0000 - 0x00007ffa0ebc0000 	C:\Windows\System32\gdi32full.dll
0x00007ffa0ec10000 - 0x00007ffa0ecad000 	C:\Windows\System32\msvcp_win.dll
0x00007ffa10030000 - 0x00007ffa10060000 	C:\Windows\System32\IMM32.DLL
0x00007ffa09d60000 - 0x00007ffa09d6c000 	D:\IDE\IntelliJ IDEA Community Edition 2022.2.1\jbr\bin\vcruntime140_1.dll
0x00007ff9e1900000 - 0x00007ff9e198d000 	D:\IDE\IntelliJ IDEA Community Edition 2022.2.1\jbr\bin\msvcp140.dll
0x00007ff9bb010000 - 0x00007ff9bbc78000 	D:\IDE\IntelliJ IDEA Community Edition 2022.2.1\jbr\bin\server\jvm.dll
0x00007ffa0ecb0000 - 0x00007ffa0ed5e000 	C:\Windows\System32\ADVAPI32.dll
0x00007ffa10660000 - 0x00007ffa106fc000 	C:\Windows\System32\sechost.dll
0x00007ffa0f7c0000 - 0x00007ffa0f8e6000 	C:\Windows\System32\RPCRT4.dll
0x00007ffa10650000 - 0x00007ffa10658000 	C:\Windows\System32\PSAPI.DLL
0x00007ffa049e0000 - 0x00007ffa04a07000 	C:\Windows\SYSTEM32\WINMM.dll
0x00007ff9f5310000 - 0x00007ff9f5319000 	C:\Windows\SYSTEM32\WSOCK32.dll
0x00007ffa083a0000 - 0x00007ffa083aa000 	C:\Windows\SYSTEM32\VERSION.dll
0x00007ffa103c0000 - 0x00007ffa1042b000 	C:\Windows\System32\WS2_32.dll
0x00007ffa0c200000 - 0x00007ffa0c212000 	C:\Windows\SYSTEM32\kernel.appcore.dll
0x00007ffa0ae00000 - 0x00007ffa0ae0a000 	D:\IDE\IntelliJ IDEA Community Edition 2022.2.1\jbr\bin\jimage.dll
0x00007ffa02d80000 - 0x00007ffa02f64000 	C:\Windows\SYSTEM32\DBGHELP.DLL
0x00007ff9f5e80000 - 0x00007ff9f5eb4000 	C:\Windows\SYSTEM32\dbgcore.DLL
0x00007ffa0e460000 - 0x00007ffa0e4e2000 	C:\Windows\System32\bcryptPrimitives.dll
0x00007ff9fbbb0000 - 0x00007ff9fbbd5000 	D:\IDE\IntelliJ IDEA Community Edition 2022.2.1\jbr\bin\java.dll

dbghelp: loaded successfully - version: 4.0.5 - missing functions: none
symbol engine: initialized successfully - sym options: 0x614 - pdb path: .;D:\IDE\IntelliJ IDEA Community Edition 2022.2.1\jbr\bin;C:\Windows\SYSTEM32;C:\Windows\WinSxS\amd64_microsoft.windows.common-controls_6595b64144ccf1df_6.0.19041.1110_none_60b5254171f9507e;D:\IDE\IntelliJ IDEA Community Edition 2022.2.1\jbr\bin\server

VM Arguments:
java_command: git4idea.http.GitAskPassApp Username for 'https://github.com': 
java_class_path (initial): D:/IDE/IntelliJ IDEA Community Edition 2022.2.1/plugins/git4idea/lib/git4idea-rt.jar;D:/IDE/IntelliJ IDEA Community Edition 2022.2.1/lib/externalProcess-rt.jar;D:/IDE/IntelliJ IDEA Community Edition 2022.2.1/lib/app.jar;D:/IDE/IntelliJ IDEA Community Edition 2022.2.1/lib/3rd-party-rt.jar
Launcher Type: SUN_STANDARD

[Global flags]
     intx CICompilerCount                          = 4                                         {product} {ergonomic}
     uint ConcGCThreads                            = 3                                         {product} {ergonomic}
     uint G1ConcRefinementThreads                  = 10                                        {product} {ergonomic}
   size_t G1HeapRegionSize                         = 2097152                                   {product} {ergonomic}
    uintx GCDrainStackTargetSize                   = 64                                        {product} {ergonomic}
   size_t InitialHeapSize                          = 266338304                                 {product} {ergonomic}
   size_t MarkStackSize                            = 4194304                                   {product} {ergonomic}
   size_t MaxHeapSize                              = 4261412864                                {product} {ergonomic}
   size_t MinHeapDeltaBytes                        = 2097152                                   {product} {ergonomic}
   size_t MinHeapSize                              = 8388608                                   {product} {ergonomic}
    uintx NonNMethodCodeHeapSize                   = 5839372                                {pd product} {ergonomic}
    uintx NonProfiledCodeHeapSize                  = 122909434                              {pd product} {ergonomic}
    uintx ProfiledCodeHeapSize                     = 122909434                              {pd product} {ergonomic}
    uintx ReservedCodeCacheSize                    = 251658240                              {pd product} {ergonomic}
     bool SegmentedCodeCache                       = true                                      {product} {ergonomic}
   size_t SoftMaxHeapSize                          = 4261412864                             {manageable} {ergonomic}
     bool UseCompressedClassPointers               = true                           {product lp64_product} {ergonomic}
     bool UseCompressedOops                        = true                           {product lp64_product} {ergonomic}
     bool UseG1GC                                  = true                                      {product} {ergonomic}
     bool UseLargePagesIndividualAllocation        = false                                  {pd product} {ergonomic}

Logging:
Log output configuration:
 #0: stdout all=warning uptime,level,tags
 #1: stderr all=off uptime,level,tags

Environment Variables:
JAVA_HOME=C:\Users\morning\.jdks\corretto-17.0.5
PATH=C:\Program Files\Git\mingw64\libexec\git-core;C:\Program Files\Git\mingw64\libexec\git-core;C:\Program Files\Git\mingw64\bin;C:\Program Files\Git\usr\bin;C:\Users\morning\bin;C:\Program Files\Common Files\Oracle\Java\javapath;C:\Windows\system32;C:\Windows;C:\Windows\System32\Wbem;C:\Windows\System32\WindowsPowerShell\v1.0;C:\Windows\System32\OpenSSH;C:\Program Files (x86)\NVIDIA Corporation\PhysX\Common;C:\Program Files\Microsoft SQL Server\150\Tools\Binn;C:\Program Files\Git\cmd;C:\Program Files\dotnet;C:\Program Files\maven\apache-maven-3.9.0\bin;C:\Users\morning\.jdks\corretto-17.0.5\bin;C:\Program Files\Docker\Docker\resources\bin;C:\Program Files\MySQL\MySQL Shell 8.0\bin;C:\Users\morning\.cargo\bin;C:\Users\Profit77\AppData\Local\Programs\Python\Python310\Scripts;C:\Users\Profit77\AppData\Local\Programs\Python\Python310;C:\Users\morning\AppData\Local\Microsoft\WindowsApps;C:\Users\morning\.dotnet\tools;D:\IDE\IntelliJ IDEA Community Edition 2022.2.1\bin;C:\Users\morning\AppData\Local\Programs\Microsoft VS Code\bin;C:\Program Files\JetBrains\PyCharm Community Edition 2022.2.4\bin
USERNAME=morning
DISPLAY=:0.0
LC_ALL=en_US.UTF-8
OS=Windows_NT
PROCESSOR_IDENTIFIER=Intel64 Family 6 Model 167 Stepping 1, GenuineIntel



---------------  S Y S T E M  ---------------

OS:
 Windows 10 , 64 bit Build 19041 (10.0.19041.2788)
OS uptime: 0 days 22:52 hours
Hyper-V role detected

CPU: total 12 (initial active 12) (6 cores per cpu, 2 threads per core) family 6 model 167 stepping 1 microcode 0x40, cx8, cmov, fxsr, ht, mmx, 3dnowpref, sse, sse2, sse3, ssse3, sse4.1, sse4.2, popcnt, lzcnt, tsc, tscinvbit, avx, avx2, aes, erms, clmul, bmi1, bmi2, adx, avx512f, avx512dq, avx512cd, avx512bw, avx512vl, sha, fma, vzeroupper, avx512_vpopcntdq, avx512_vpclmulqdq, avx512_vaes, avx512_vnni, clflush, clflushopt, avx512_vbmi2, avx512_vbmi, hv

Memory: 4k page, system-wide physical 16251M (3559M free)
TotalPageFile size 19178M (AvailPageFile size 107M)
current process WorkingSet (physical memory assigned to process): 10M, peak: 10M
current process commit charge ("private bytes"): 64M, peak: 318M

vm_info: OpenJDK 64-Bit Server VM (17.0.3+7-b469.37) for windows-amd64 JRE (17.0.3+7-b469.37), built on 2022-08-01 by "builduser" with MS VC++ 16.10 / 16.11 (VS2019)

END.
