#
# There is insufficient memory for the Java Runtime Environment to continue.
# Native memory allocation (malloc) failed to allocate 1158976 bytes for Chunk::new
# Possible reasons:
#   The system is out of physical RAM or swap space
#   The process is running with CompressedOops enabled, and the Java Heap may be blocking the growth of the native heap
# Possible solutions:
#   Reduce memory load on the system
#   Increase physical memory or swap space
#   Check if swap backing store is full
#   Decrease Java heap size (-Xmx/-Xms)
#   Decrease number of Java threads
#   Decrease Java thread stack sizes (-Xss)
#   Set larger code cache with -XX:ReservedCodeCacheSize=
#   JVM is running with Zero Based Compressed Oops mode in which the Java heap is
#     placed in the first 32GB address space. The Java Heap base address is the
#     maximum limit for the native heap growth. Please use -XX:HeapBaseMinAddress
#     to set the Java Heap base and to place the Java Heap above 32GB virtual address.
# This output file may be truncated or incomplete.
#
#  Out of Memory Error (arena.cpp:189), pid=7524, tid=15668
#
# JRE version: OpenJDK Runtime Environment Corretto-17.0.5.8.1 (17.0.5+8) (build 17.0.5+8-LTS)
# Java VM: OpenJDK 64-Bit Server VM Corretto-17.0.5.8.1 (17.0.5+8-LTS, mixed mode, sharing, tiered, compressed oops, compressed class ptrs, g1 gc, windows-amd64)
# No core dump will be written. Minidumps are not enabled by default on client versions of Windows
#

---------------  S U M M A R Y ------------

Command Line: -javaagent:D:\IDE\IntelliJ IDEA Community Edition 2022.2.1\lib\idea_rt.jar=51976:D:\IDE\IntelliJ IDEA Community Edition 2022.2.1\bin -Dfile.encoding=UTF-8 mirea.morning.eventagencypr.EventAgencyApplication

Host: 11th Gen Intel(R) Core(TM) i5-11400F @ 2.60GHz, 12 cores, 15G,  Windows 10 , 64 bit Build 19041 (10.0.19041.2788)
Time: Thu Apr 27 20:24:37 2023 RTZ 2 (s 10 , 64 bit Build 19041 (10.0.19041.2788) elapsed time: 5.247751 seconds (0d 0h 0m 5s)

---------------  T H R E A D  ---------------

Current thread (0x000001b827403ca0):  JavaThread "C2 CompilerThread0" daemon [_thread_in_native, id=15668, stack(0x0000000af0c00000,0x0000000af0d00000)]


Current CompileTask:
C2:   5247 4959       4       jdk.internal.loader.BuiltinClassLoader::defineClass (121 bytes)

Stack: [0x0000000af0c00000,0x0000000af0d00000]
Native frames: (J=compiled Java code, j=interpreted, Vv=VM code, C=native code)
V  [jvm.dll+0x646e0a]
V  [jvm.dll+0x7f7f14]
V  [jvm.dll+0x7f96ce]
V  [jvm.dll+0x7f9d23]
V  [jvm.dll+0x234c98]
V  [jvm.dll+0xbccfc]
V  [jvm.dll+0xbd2dc]
V  [jvm.dll+0x29be82]
V  [jvm.dll+0x5538e8]
V  [jvm.dll+0x21176b]
V  [jvm.dll+0x20aeb0]
V  [jvm.dll+0x208722]
V  [jvm.dll+0x198a9d]
V  [jvm.dll+0x217bdd]
V  [jvm.dll+0x215e24]
V  [jvm.dll+0x7b06ab]
V  [jvm.dll+0x7aac5a]
V  [jvm.dll+0x645cd5]
C  [ucrtbase.dll+0x21bb2]
C  [KERNEL32.DLL+0x17604]
C  [ntdll.dll+0x526a1]


---------------  P R O C E S S  ---------------

Threads class SMR info:
_java_thread_list=0x000001b829d5ce70, length=20, elements={
0x000001b8036236b0, 0x000001b8269e14b0, 0x000001b8269e2060, 0x000001b8269f7420,
0x000001b8269f7fd0, 0x000001b8269fcea0, 0x000001b8269fe860, 0x000001b827403ca0,
0x000001b82740c5b0, 0x000001b827415f80, 0x000001b8269cedd0, 0x000001b82770f150,
0x000001b8277f97e0, 0x000001b827cf7e00, 0x000001b8283168b0, 0x000001b830030e90,
0x000001b82a9e41c0, 0x000001b82b6b1080, 0x000001b829c5d950, 0x000001b829c5c610
}

Java Threads: ( => current thread )
  0x000001b8036236b0 JavaThread "main" [_thread_in_Java, id=12312, stack(0x0000000aeff00000,0x0000000af0000000)]
  0x000001b8269e14b0 JavaThread "Reference Handler" daemon [_thread_blocked, id=13104, stack(0x0000000af0600000,0x0000000af0700000)]
  0x000001b8269e2060 JavaThread "Finalizer" daemon [_thread_blocked, id=9076, stack(0x0000000af0700000,0x0000000af0800000)]
  0x000001b8269f7420 JavaThread "Signal Dispatcher" daemon [_thread_blocked, id=3936, stack(0x0000000af0800000,0x0000000af0900000)]
  0x000001b8269f7fd0 JavaThread "Attach Listener" daemon [_thread_blocked, id=9664, stack(0x0000000af0900000,0x0000000af0a00000)]
  0x000001b8269fcea0 JavaThread "Service Thread" daemon [_thread_blocked, id=320, stack(0x0000000af0a00000,0x0000000af0b00000)]
  0x000001b8269fe860 JavaThread "Monitor Deflation Thread" daemon [_thread_blocked, id=3988, stack(0x0000000af0b00000,0x0000000af0c00000)]
=>0x000001b827403ca0 JavaThread "C2 CompilerThread0" daemon [_thread_in_native, id=15668, stack(0x0000000af0c00000,0x0000000af0d00000)]
  0x000001b82740c5b0 JavaThread "C1 CompilerThread0" daemon [_thread_blocked, id=13148, stack(0x0000000af0d00000,0x0000000af0e00000)]
  0x000001b827415f80 JavaThread "Sweeper thread" daemon [_thread_blocked, id=14464, stack(0x0000000af0e00000,0x0000000af0f00000)]
  0x000001b8269cedd0 JavaThread "Common-Cleaner" daemon [_thread_blocked, id=2848, stack(0x0000000af0f00000,0x0000000af1000000)]
  0x000001b82770f150 JavaThread "Monitor Ctrl-Break" daemon [_thread_in_native, id=3712, stack(0x0000000af1000000,0x0000000af1100000)]
  0x000001b8277f97e0 JavaThread "Notification Thread" daemon [_thread_blocked, id=19276, stack(0x0000000af1100000,0x0000000af1200000)]
  0x000001b827cf7e00 JavaThread "C2 CompilerThread1" daemon [_thread_in_native, id=7804, stack(0x0000000af1300000,0x0000000af1400000)]
  0x000001b8283168b0 JavaThread "C2 CompilerThread2" daemon [_thread_in_native, id=9960, stack(0x0000000af1400000,0x0000000af1500000)]
  0x000001b830030e90 JavaThread "Catalina-utility-1" [_thread_blocked, id=16192, stack(0x0000000af2000000,0x0000000af2100000)]
  0x000001b82a9e41c0 JavaThread "Catalina-utility-2" [_thread_blocked, id=3396, stack(0x0000000af2100000,0x0000000af2200000)]
  0x000001b82b6b1080 JavaThread "container-0" [_thread_blocked, id=3336, stack(0x0000000af2200000,0x0000000af2300000)]
  0x000001b829c5d950 JavaThread "HikariPool-1 housekeeper" daemon [_thread_blocked, id=20468, stack(0x0000000af2400000,0x0000000af2500000)]
  0x000001b829c5c610 JavaThread "HikariPool-1 connection adder" daemon [_thread_in_native, id=9016, stack(0x0000000af2500000,0x0000000af2600000)]

Other Threads:
  0x000001b8269dea20 VMThread "VM Thread" [stack: 0x0000000af0500000,0x0000000af0600000] [id=4960]
  0x000001b8036ad570 WatcherThread [stack: 0x0000000af1200000,0x0000000af1300000] [id=18120]
  0x000001b80368fda0 GCTaskThread "GC Thread#0" [stack: 0x0000000af0000000,0x0000000af0100000] [id=12540]
  0x000001b828239050 GCTaskThread "GC Thread#1" [stack: 0x0000000af1500000,0x0000000af1600000] [id=3872]
  0x000001b828239300 GCTaskThread "GC Thread#2" [stack: 0x0000000af1600000,0x0000000af1700000] [id=2664]
  0x000001b8288357f0 GCTaskThread "GC Thread#3" [stack: 0x0000000af1700000,0x0000000af1800000] [id=13524]
  0x000001b828687330 GCTaskThread "GC Thread#4" [stack: 0x0000000af1800000,0x0000000af1900000] [id=15924]
  0x000001b828687e70 GCTaskThread "GC Thread#5" [stack: 0x0000000af1900000,0x0000000af1a00000] [id=18636]
  0x000001b8284cdcb0 GCTaskThread "GC Thread#6" [stack: 0x0000000af1a00000,0x0000000af1b00000] [id=16208]
  0x000001b82852ae00 GCTaskThread "GC Thread#7" [stack: 0x0000000af1c00000,0x0000000af1d00000] [id=18836]
  0x000001b8288b0d50 GCTaskThread "GC Thread#8" [stack: 0x0000000af1d00000,0x0000000af1e00000] [id=12588]
  0x000001b8287263d0 GCTaskThread "GC Thread#9" [stack: 0x0000000af1e00000,0x0000000af1f00000] [id=12004]
  0x000001b8036a0ae0 ConcurrentGCThread "G1 Main Marker" [stack: 0x0000000af0100000,0x0000000af0200000] [id=8080]
  0x000001b8036a1d30 ConcurrentGCThread "G1 Conc#0" [stack: 0x0000000af0200000,0x0000000af0300000] [id=8540]
  0x000001b829de47f0 ConcurrentGCThread "G1 Conc#1" [stack: 0x0000000af1b00000,0x0000000af1c00000] [id=2488]
  0x000001b829de4aa0 ConcurrentGCThread "G1 Conc#2" [stack: 0x0000000af1f00000,0x0000000af2000000] [id=8280]
  0x000001b8036ed880 ConcurrentGCThread "G1 Refine#0" [stack: 0x0000000af0300000,0x0000000af0400000] [id=12564]
  0x000001b8036ee2a0 ConcurrentGCThread "G1 Service" [stack: 0x0000000af0400000,0x0000000af0500000] [id=18712]

Threads with active compile tasks:
C2 CompilerThread0     5262 4959       4       jdk.internal.loader.BuiltinClassLoader::defineClass (121 bytes)
C1 CompilerThread0     5262 5032       3       java.util.stream.AbstractPipeline::close (48 bytes)
C2 CompilerThread1     5262 4966   !   4       jdk.internal.loader.BuiltinClassLoader::findClassOnClassPathOrNull (64 bytes)
C2 CompilerThread2     5262 4968       4       jdk.internal.loader.ClassLoaders$AppClassLoader::defineOrCheckPackage (8 bytes)

VM state: not at safepoint (normal execution)

VM Mutex/Monitor currently owned by a thread: None

Heap address: 0x0000000702000000, size: 4064 MB, Compressed Oops mode: Zero based, Oop shift amount: 3

CDS archive(s) mapped at: [0x0000000800000000-0x0000000800bc0000-0x0000000800bc0000), size 12320768, SharedBaseAddress: 0x0000000800000000, ArchiveRelocationMode: 0.
Compressed class space mapped at: 0x0000000800c00000-0x0000000840c00000, reserved size: 1073741824
Narrow klass base: 0x0000000800000000, Narrow klass shift: 0, Narrow klass range: 0x100000000

GC Precious Log:
 CPUs: 12 total, 12 available
 Memory: 16251M
 Large Page Support: Disabled
 NUMA Support: Disabled
 Compressed Oops: Enabled (Zero based)
 Heap Region Size: 2M
 Heap Min Capacity: 8M
 Heap Initial Capacity: 254M
 Heap Max Capacity: 4064M
 Pre-touch: Disabled
 Parallel Workers: 10
 Concurrent Workers: 3
 Concurrent Refinement Workers: 10
 Periodic GC: Disabled

Heap:
 garbage-first heap   total 157696K, used 46719K [0x0000000702000000, 0x0000000800000000)
  region size 2048K, 15 young (30720K), 2 survivors (4096K)
 Metaspace       used 50224K, committed 50560K, reserved 1097728K
  class space    used 6551K, committed 6720K, reserved 1048576K

Heap Regions: E=young(eden), S=young(survivor), O=old, HS=humongous(starts), HC=humongous(continues), CS=collection set, F=free, OA=open archive, CA=closed archive, TAMS=top-at-mark-start (previous, next)
|   0|0x0000000702000000, 0x0000000702200000, 0x0000000702200000|100%| O|  |TAMS 0x0000000702200000, 0x0000000702000000| Untracked 
|   1|0x0000000702200000, 0x0000000702400000, 0x0000000702400000|100%| O|  |TAMS 0x0000000702400000, 0x0000000702200000| Untracked 
|   2|0x0000000702400000, 0x0000000702600000, 0x0000000702600000|100%| O|  |TAMS 0x0000000702600000, 0x0000000702400000| Untracked 
|   3|0x0000000702600000, 0x0000000702800000, 0x0000000702800000|100%| O|  |TAMS 0x0000000702600000, 0x0000000702600000| Untracked 
|   4|0x0000000702800000, 0x0000000702a00000, 0x0000000702a00000|100%| O|  |TAMS 0x0000000702a00000, 0x0000000702800000| Untracked 
|   5|0x0000000702a00000, 0x0000000702c00000, 0x0000000702c00000|100%| O|  |TAMS 0x0000000702c00000, 0x0000000702a00000| Untracked 
|   6|0x0000000702c00000, 0x0000000702e00000, 0x0000000702e00000|100%| O|  |TAMS 0x0000000702e00000, 0x0000000702c00000| Untracked 
|   7|0x0000000702e00000, 0x0000000703000000, 0x0000000703000000|100%| O|  |TAMS 0x0000000703000000, 0x0000000702e00000| Untracked 
|   8|0x0000000703000000, 0x0000000703000000, 0x0000000703200000|  0%| F|  |TAMS 0x0000000703000000, 0x0000000703000000| Untracked 
|   9|0x0000000703200000, 0x0000000703400000, 0x0000000703400000|100%| O|  |TAMS 0x0000000703200000, 0x0000000703200000| Untracked 
|  10|0x0000000703400000, 0x000000070341a000, 0x0000000703600000|  5%| O|  |TAMS 0x0000000703400000, 0x0000000703400000| Untracked 
|  11|0x0000000703600000, 0x0000000703600000, 0x0000000703800000|  0%| F|  |TAMS 0x0000000703600000, 0x0000000703600000| Untracked 
|  12|0x0000000703800000, 0x0000000703800000, 0x0000000703a00000|  0%| F|  |TAMS 0x0000000703800000, 0x0000000703800000| Untracked 
|  13|0x0000000703a00000, 0x0000000703a00000, 0x0000000703c00000|  0%| F|  |TAMS 0x0000000703a00000, 0x0000000703a00000| Untracked 
|  14|0x0000000703c00000, 0x0000000703c00000, 0x0000000703e00000|  0%| F|  |TAMS 0x0000000703c00000, 0x0000000703c00000| Untracked 
|  15|0x0000000703e00000, 0x0000000703f85f90, 0x0000000704000000| 76%| S|CS|TAMS 0x0000000703e00000, 0x0000000703e00000| Complete 
|  16|0x0000000704000000, 0x0000000704200000, 0x0000000704200000|100%| S|CS|TAMS 0x0000000704000000, 0x0000000704000000| Complete 
|  17|0x0000000704200000, 0x0000000704200000, 0x0000000704400000|  0%| F|  |TAMS 0x0000000704200000, 0x0000000704200000| Untracked 
|  18|0x0000000704400000, 0x0000000704400000, 0x0000000704600000|  0%| F|  |TAMS 0x0000000704400000, 0x0000000704400000| Untracked 
|  19|0x0000000704600000, 0x0000000704600000, 0x0000000704800000|  0%| F|  |TAMS 0x0000000704600000, 0x0000000704600000| Untracked 
|  20|0x0000000704800000, 0x0000000704800000, 0x0000000704a00000|  0%| F|  |TAMS 0x0000000704800000, 0x0000000704800000| Untracked 
|  21|0x0000000704a00000, 0x0000000704a00000, 0x0000000704c00000|  0%| F|  |TAMS 0x0000000704a00000, 0x0000000704a00000| Untracked 
|  22|0x0000000704c00000, 0x0000000704c00000, 0x0000000704e00000|  0%| F|  |TAMS 0x0000000704c00000, 0x0000000704c00000| Untracked 
|  23|0x0000000704e00000, 0x0000000704e00000, 0x0000000705000000|  0%| F|  |TAMS 0x0000000704e00000, 0x0000000704e00000| Untracked 
|  24|0x0000000705000000, 0x0000000705000000, 0x0000000705200000|  0%| F|  |TAMS 0x0000000705000000, 0x0000000705000000| Untracked 
|  25|0x0000000705200000, 0x0000000705200000, 0x0000000705400000|  0%| F|  |TAMS 0x0000000705200000, 0x0000000705200000| Untracked 
|  26|0x0000000705400000, 0x0000000705400000, 0x0000000705600000|  0%| F|  |TAMS 0x0000000705400000, 0x0000000705400000| Untracked 
|  27|0x0000000705600000, 0x0000000705600000, 0x0000000705800000|  0%| F|  |TAMS 0x0000000705600000, 0x0000000705600000| Untracked 
|  28|0x0000000705800000, 0x0000000705800000, 0x0000000705a00000|  0%| F|  |TAMS 0x0000000705800000, 0x0000000705800000| Untracked 
|  29|0x0000000705a00000, 0x0000000705a00000, 0x0000000705c00000|  0%| F|  |TAMS 0x0000000705a00000, 0x0000000705a00000| Untracked 
|  30|0x0000000705c00000, 0x0000000705c00000, 0x0000000705e00000|  0%| F|  |TAMS 0x0000000705c00000, 0x0000000705c00000| Untracked 
|  31|0x0000000705e00000, 0x0000000705e00000, 0x0000000706000000|  0%| F|  |TAMS 0x0000000705e00000, 0x0000000705e00000| Untracked 
|  32|0x0000000706000000, 0x0000000706000000, 0x0000000706200000|  0%| F|  |TAMS 0x0000000706000000, 0x0000000706000000| Untracked 
|  33|0x0000000706200000, 0x0000000706200000, 0x0000000706400000|  0%| F|  |TAMS 0x0000000706200000, 0x0000000706200000| Untracked 
|  34|0x0000000706400000, 0x0000000706400000, 0x0000000706600000|  0%| F|  |TAMS 0x0000000706400000, 0x0000000706400000| Untracked 
|  35|0x0000000706600000, 0x0000000706600000, 0x0000000706800000|  0%| F|  |TAMS 0x0000000706600000, 0x0000000706600000| Untracked 
|  36|0x0000000706800000, 0x0000000706800000, 0x0000000706a00000|  0%| F|  |TAMS 0x0000000706800000, 0x0000000706800000| Untracked 
|  37|0x0000000706a00000, 0x0000000706a00000, 0x0000000706c00000|  0%| F|  |TAMS 0x0000000706a00000, 0x0000000706a00000| Untracked 
|  38|0x0000000706c00000, 0x0000000706c00000, 0x0000000706e00000|  0%| F|  |TAMS 0x0000000706c00000, 0x0000000706c00000| Untracked 
|  39|0x0000000706e00000, 0x0000000706e00000, 0x0000000707000000|  0%| F|  |TAMS 0x0000000706e00000, 0x0000000706e00000| Untracked 
|  40|0x0000000707000000, 0x0000000707000000, 0x0000000707200000|  0%| F|  |TAMS 0x0000000707000000, 0x0000000707000000| Untracked 
|  41|0x0000000707200000, 0x0000000707200000, 0x0000000707400000|  0%| F|  |TAMS 0x0000000707200000, 0x0000000707200000| Untracked 
|  42|0x0000000707400000, 0x0000000707400000, 0x0000000707600000|  0%| F|  |TAMS 0x0000000707400000, 0x0000000707400000| Untracked 
|  43|0x0000000707600000, 0x0000000707600000, 0x0000000707800000|  0%| F|  |TAMS 0x0000000707600000, 0x0000000707600000| Untracked 
|  44|0x0000000707800000, 0x0000000707800000, 0x0000000707a00000|  0%| F|  |TAMS 0x0000000707800000, 0x0000000707800000| Untracked 
|  45|0x0000000707a00000, 0x0000000707a00000, 0x0000000707c00000|  0%| F|  |TAMS 0x0000000707a00000, 0x0000000707a00000| Untracked 
|  46|0x0000000707c00000, 0x0000000707c00000, 0x0000000707e00000|  0%| F|  |TAMS 0x0000000707c00000, 0x0000000707c00000| Untracked 
|  47|0x0000000707e00000, 0x0000000707e00000, 0x0000000708000000|  0%| F|  |TAMS 0x0000000707e00000, 0x0000000707e00000| Untracked 
|  48|0x0000000708000000, 0x0000000708000000, 0x0000000708200000|  0%| F|  |TAMS 0x0000000708000000, 0x0000000708000000| Untracked 
|  49|0x0000000708200000, 0x0000000708200000, 0x0000000708400000|  0%| F|  |TAMS 0x0000000708200000, 0x0000000708200000| Untracked 
|  50|0x0000000708400000, 0x0000000708400000, 0x0000000708600000|  0%| F|  |TAMS 0x0000000708400000, 0x0000000708400000| Untracked 
|  51|0x0000000708600000, 0x0000000708600000, 0x0000000708800000|  0%| F|  |TAMS 0x0000000708600000, 0x0000000708600000| Untracked 
|  52|0x0000000708800000, 0x0000000708800000, 0x0000000708a00000|  0%| F|  |TAMS 0x0000000708800000, 0x0000000708800000| Untracked 
|  53|0x0000000708a00000, 0x0000000708a00000, 0x0000000708c00000|  0%| F|  |TAMS 0x0000000708a00000, 0x0000000708a00000| Untracked 
|  54|0x0000000708c00000, 0x0000000708c00000, 0x0000000708e00000|  0%| F|  |TAMS 0x0000000708c00000, 0x0000000708c00000| Untracked 
|  55|0x0000000708e00000, 0x0000000708e00000, 0x0000000709000000|  0%| F|  |TAMS 0x0000000708e00000, 0x0000000708e00000| Untracked 
|  56|0x0000000709000000, 0x0000000709000000, 0x0000000709200000|  0%| F|  |TAMS 0x0000000709000000, 0x0000000709000000| Untracked 
|  57|0x0000000709200000, 0x0000000709200000, 0x0000000709400000|  0%| F|  |TAMS 0x0000000709200000, 0x0000000709200000| Untracked 
|  58|0x0000000709400000, 0x0000000709400000, 0x0000000709600000|  0%| F|  |TAMS 0x0000000709400000, 0x0000000709400000| Untracked 
|  59|0x0000000709600000, 0x0000000709600000, 0x0000000709800000|  0%| F|  |TAMS 0x0000000709600000, 0x0000000709600000| Untracked 
|  60|0x0000000709800000, 0x0000000709800000, 0x0000000709a00000|  0%| F|  |TAMS 0x0000000709800000, 0x0000000709800000| Untracked 
|  61|0x0000000709a00000, 0x0000000709a00000, 0x0000000709c00000|  0%| F|  |TAMS 0x0000000709a00000, 0x0000000709a00000| Untracked 
|  62|0x0000000709c00000, 0x0000000709c00000, 0x0000000709e00000|  0%| F|  |TAMS 0x0000000709c00000, 0x0000000709c00000| Untracked 
|  63|0x0000000709e00000, 0x0000000709e00000, 0x000000070a000000|  0%| F|  |TAMS 0x0000000709e00000, 0x0000000709e00000| Untracked 
|  64|0x000000070a000000, 0x000000070a200000, 0x000000070a200000|100%| E|  |TAMS 0x000000070a000000, 0x000000070a000000| Complete 
|  65|0x000000070a200000, 0x000000070a400000, 0x000000070a400000|100%| E|CS|TAMS 0x000000070a200000, 0x000000070a200000| Complete 
|  66|0x000000070a400000, 0x000000070a600000, 0x000000070a600000|100%| E|CS|TAMS 0x000000070a400000, 0x000000070a400000| Complete 
|  67|0x000000070a600000, 0x000000070a800000, 0x000000070a800000|100%| E|CS|TAMS 0x000000070a600000, 0x000000070a600000| Complete 
|  68|0x000000070a800000, 0x000000070aa00000, 0x000000070aa00000|100%| E|CS|TAMS 0x000000070a800000, 0x000000070a800000| Complete 
|  69|0x000000070aa00000, 0x000000070ac00000, 0x000000070ac00000|100%| E|CS|TAMS 0x000000070aa00000, 0x000000070aa00000| Complete 
|  70|0x000000070ac00000, 0x000000070ae00000, 0x000000070ae00000|100%| E|CS|TAMS 0x000000070ac00000, 0x000000070ac00000| Complete 
|  71|0x000000070ae00000, 0x000000070b000000, 0x000000070b000000|100%| E|CS|TAMS 0x000000070ae00000, 0x000000070ae00000| Complete 
|  72|0x000000070b000000, 0x000000070b200000, 0x000000070b200000|100%| E|CS|TAMS 0x000000070b000000, 0x000000070b000000| Complete 
|  95|0x000000070de00000, 0x000000070e000000, 0x000000070e000000|100%| E|CS|TAMS 0x000000070de00000, 0x000000070de00000| Complete 
|  96|0x000000070e000000, 0x000000070e200000, 0x000000070e200000|100%| E|CS|TAMS 0x000000070e000000, 0x000000070e000000| Complete 
|  97|0x000000070e200000, 0x000000070e400000, 0x000000070e400000|100%| E|CS|TAMS 0x000000070e200000, 0x000000070e200000| Complete 
| 126|0x0000000711c00000, 0x0000000711e00000, 0x0000000711e00000|100%| E|CS|TAMS 0x0000000711c00000, 0x0000000711c00000| Complete 

Card table byte_map: [0x000001b81ae60000,0x000001b81b650000] _byte_map_base: 0x000001b817650000

Marking Bits (Prev, Next): (CMBitMap*) 0x000001b8036903b0, (CMBitMap*) 0x000001b8036903f0
 Prev Bits: [0x000001b81be40000, 0x000001b81fdc0000)
 Next Bits: [0x000001b81fdc0000, 0x000001b823d40000)

Polling page: 0x000001b802df0000

Metaspace:

Usage:
  Non-class:     42.65 MB used.
      Class:      6.40 MB used.
       Both:     49.05 MB used.

Virtual space:
  Non-class space:       48.00 MB reserved,      42.81 MB ( 89%) committed,  6 nodes.
      Class space:        1.00 GB reserved,       6.56 MB ( <1%) committed,  1 nodes.
             Both:        1.05 GB reserved,      49.38 MB (  5%) committed. 

Chunk freelists:
   Non-Class:  704.00 KB
       Class:  1.33 MB
        Both:  2.02 MB

MaxMetaspaceSize: unlimited
CompressedClassSpaceSize: 1.00 GB
Initial GC threshold: 21.00 MB
Current GC threshold: 59.00 MB
CDS: on
MetaspaceReclaimPolicy: balanced
 - commit_granule_bytes: 65536.
 - commit_granule_words: 8192.
 - virtual_space_node_default_size: 1048576.
 - enlarge_chunks_in_place: 1.
 - new_chunks_are_fully_committed: 0.
 - uncommit_free_chunks: 1.
 - use_allocation_guard: 0.
 - handle_deallocations: 1.


Internal statistics:

num_allocs_failed_limit: 6.
num_arena_births: 550.
num_arena_deaths: 0.
num_vsnodes_births: 7.
num_vsnodes_deaths: 0.
num_space_committed: 790.
num_space_uncommitted: 0.
num_chunks_returned_to_freelist: 6.
num_chunks_taken_from_freelist: 2225.
num_chunk_merges: 6.
num_chunk_splits: 1623.
num_chunks_enlarged: 1277.
num_purges: 0.
num_inconsistent_stats: 0.

CodeHeap 'non-profiled nmethods': size=120000Kb used=3059Kb max_used=3059Kb free=116940Kb
 bounds [0x000001b812bf0000, 0x000001b812f30000, 0x000001b81a120000]
CodeHeap 'profiled nmethods': size=120000Kb used=8780Kb max_used=10418Kb free=111219Kb
 bounds [0x000001b80b6c0000, 0x000001b80c0f0000, 0x000001b812bf0000]
CodeHeap 'non-nmethods': size=5760Kb used=1280Kb max_used=1327Kb free=4479Kb
 bounds [0x000001b80b120000, 0x000001b80b390000, 0x000001b80b6c0000]
 total_blobs=4840 nmethods=4254 adapters=498
 compilation: enabled
              stopped_count=0, restarted_count=0
 full_count=0

Compilation events (20 events):
Event: 5.238 Thread 0x000001b82740c5b0 5001       3       java.util.HashMap::afterNodeAccess (1 bytes)
Event: 5.238 Thread 0x000001b82740c5b0 nmethod 5001 0x000001b80bb9b510 code [0x000001b80bb9b6a0, 0x000001b80bb9b7b8]
Event: 5.238 Thread 0x000001b82740c5b0 5002       3       org.hibernate.annotations.common.reflection.java.JavaXAnnotatedElement::getAnnotation (11 bytes)
Event: 5.238 Thread 0x000001b82740c5b0 nmethod 5002 0x000001b80b838910 code [0x000001b80b838b00, 0x000001b80b839198]
Event: 5.238 Thread 0x000001b82740c5b0 5004       3       org.hibernate.annotations.common.reflection.java.JavaXAnnotatedElement::isAnnotationPresent (11 bytes)
Event: 5.238 Thread 0x000001b82740c5b0 nmethod 5004 0x000001b80b858c10 code [0x000001b80b858e00, 0x000001b80b859498]
Event: 5.238 Thread 0x000001b82740c5b0 5003       3       org.hibernate.annotations.common.reflection.java.JavaAnnotationReader::getAnnotation (11 bytes)
Event: 5.238 Thread 0x000001b82740c5b0 nmethod 5003 0x000001b80bbf2d90 code [0x000001b80bbf2f40, 0x000001b80bbf3128]
Event: 5.238 Thread 0x000001b82740c5b0 5005       3       org.hibernate.annotations.common.reflection.java.JavaXMember::isAnnotationPresent (6 bytes)
Event: 5.239 Thread 0x000001b82740c5b0 nmethod 5005 0x000001b80bfc1110 code [0x000001b80bfc1320, 0x000001b80bfc19f8]
Event: 5.239 Thread 0x000001b82740c5b0 5006       3       sun.nio.ch.Util::offerFirstTemporaryDirectBuffer (53 bytes)
Event: 5.239 Thread 0x000001b82740c5b0 nmethod 5006 0x000001b80b9c1a10 code [0x000001b80b9c1c60, 0x000001b80b9c2658]
Event: 5.239 Thread 0x000001b82740c5b0 5007       3       sun.nio.ch.Util::isBufferTooLarge (8 bytes)
Event: 5.240 Thread 0x000001b82740c5b0 nmethod 5007 0x000001b80b9c4890 code [0x000001b80b9c4a20, 0x000001b80b9c4bf8]
Event: 5.240 Thread 0x000001b82740c5b0 5009       3       org.postgresql.shaded.com.ongres.scram.common.bouncycastle.base64.Base64Encoder::ignore (30 bytes)
Event: 5.240 Thread 0x000001b82740c5b0 nmethod 5009 0x000001b80bf47f10 code [0x000001b80bf480a0, 0x000001b80bf482b8]
Event: 5.240 Thread 0x000001b82740c5b0 5010       3       java.nio.Buffer::remaining (20 bytes)
Event: 5.240 Thread 0x000001b82740c5b0 nmethod 5010 0x000001b80bb9b110 code [0x000001b80bb9b2a0, 0x000001b80bb9b438]
Event: 5.240 Thread 0x000001b82740c5b0 5008       3       org.postgresql.PGProperty::getOrDefault (13 bytes)
Event: 5.240 Thread 0x000001b82740c5b0 nmethod 5008 0x000001b80bbc3190 code [0x000001b80bbc3340, 0x000001b80bbc3668]

GC Heap History (20 events):
Event: 2.082 GC heap before
{Heap before GC invocations=1 (full 0):
 garbage-first heap   total 260096K, used 29761K [0x0000000702000000, 0x0000000800000000)
  region size 2048K, 14 young (28672K), 2 survivors (4096K)
 Metaspace       used 11656K, committed 11840K, reserved 1064960K
  class space    used 1557K, committed 1664K, reserved 1048576K
}
Event: 2.084 GC heap after
{Heap after GC invocations=2 (full 0):
 garbage-first heap   total 260096K, used 9245K [0x0000000702000000, 0x0000000800000000)
  region size 2048K, 1 young (2048K), 1 survivors (2048K)
 Metaspace       used 11656K, committed 11840K, reserved 1064960K
  class space    used 1557K, committed 1664K, reserved 1048576K
}
Event: 2.747 GC heap before
{Heap before GC invocations=2 (full 0):
 garbage-first heap   total 260096K, used 64541K [0x0000000702000000, 0x0000000800000000)
  region size 2048K, 29 young (59392K), 1 survivors (2048K)
 Metaspace       used 21280K, committed 21504K, reserved 1073152K
  class space    used 2704K, committed 2816K, reserved 1048576K
}
Event: 2.751 GC heap after
{Heap after GC invocations=3 (full 0):
 garbage-first heap   total 260096K, used 13254K [0x0000000702000000, 0x0000000800000000)
  region size 2048K, 3 young (6144K), 3 survivors (6144K)
 Metaspace       used 21280K, committed 21504K, reserved 1073152K
  class space    used 2704K, committed 2816K, reserved 1048576K
}
Event: 3.204 GC heap before
{Heap before GC invocations=4 (full 0):
 garbage-first heap   total 55296K, used 37830K [0x0000000702000000, 0x0000000800000000)
  region size 2048K, 16 young (32768K), 3 survivors (6144K)
 Metaspace       used 26162K, committed 26496K, reserved 1073152K
  class space    used 3403K, committed 3584K, reserved 1048576K
}
Event: 3.210 GC heap after
{Heap after GC invocations=5 (full 0):
 garbage-first heap   total 55296K, used 15741K [0x0000000702000000, 0x0000000800000000)
  region size 2048K, 2 young (4096K), 2 survivors (4096K)
 Metaspace       used 26162K, committed 26496K, reserved 1073152K
  class space    used 3403K, committed 3584K, reserved 1048576K
}
Event: 3.240 GC heap before
{Heap before GC invocations=5 (full 0):
 garbage-first heap   total 55296K, used 17789K [0x0000000702000000, 0x0000000800000000)
  region size 2048K, 3 young (6144K), 2 survivors (4096K)
 Metaspace       used 26473K, committed 26816K, reserved 1073152K
  class space    used 3454K, committed 3648K, reserved 1048576K
}
Event: 3.243 GC heap after
{Heap after GC invocations=6 (full 0):
 garbage-first heap   total 55296K, used 16416K [0x0000000702000000, 0x0000000800000000)
  region size 2048K, 1 young (2048K), 1 survivors (2048K)
 Metaspace       used 26473K, committed 26816K, reserved 1073152K
  class space    used 3454K, committed 3648K, reserved 1048576K
}
Event: 3.636 GC heap before
{Heap before GC invocations=6 (full 0):
 garbage-first heap   total 55296K, used 34848K [0x0000000702000000, 0x0000000800000000)
  region size 2048K, 10 young (20480K), 1 survivors (2048K)
 Metaspace       used 30394K, committed 30848K, reserved 1081344K
  class space    used 3954K, committed 4160K, reserved 1048576K
}
Event: 3.638 GC heap after
{Heap after GC invocations=7 (full 0):
 garbage-first heap   total 55296K, used 17914K [0x0000000702000000, 0x0000000800000000)
  region size 2048K, 2 young (4096K), 2 survivors (4096K)
 Metaspace       used 30394K, committed 30848K, reserved 1081344K
  class space    used 3954K, committed 4160K, reserved 1048576K
}
Event: 4.074 GC heap before
{Heap before GC invocations=7 (full 0):
 garbage-first heap   total 55296K, used 34298K [0x0000000702000000, 0x0000000800000000)
  region size 2048K, 11 young (22528K), 2 survivors (4096K)
 Metaspace       used 34899K, committed 35328K, reserved 1081344K
  class space    used 4513K, committed 4736K, reserved 1048576K
}
Event: 4.075 GC heap after
{Heap after GC invocations=8 (full 0):
 garbage-first heap   total 55296K, used 19218K [0x0000000702000000, 0x0000000800000000)
  region size 2048K, 2 young (4096K), 2 survivors (4096K)
 Metaspace       used 34899K, committed 35328K, reserved 1081344K
  class space    used 4513K, committed 4736K, reserved 1048576K
}
Event: 4.120 GC heap before
{Heap before GC invocations=8 (full 0):
 garbage-first heap   total 55296K, used 21266K [0x0000000702000000, 0x0000000800000000)
  region size 2048K, 4 young (8192K), 2 survivors (4096K)
 Metaspace       used 35687K, committed 36096K, reserved 1081344K
  class space    used 4611K, committed 4800K, reserved 1048576K
}
Event: 4.122 GC heap after
{Heap after GC invocations=9 (full 0):
 garbage-first heap   total 55296K, used 19451K [0x0000000702000000, 0x0000000800000000)
  region size 2048K, 1 young (2048K), 1 survivors (2048K)
 Metaspace       used 35687K, committed 36096K, reserved 1081344K
  class space    used 4611K, committed 4800K, reserved 1048576K
}
Event: 4.422 GC heap before
{Heap before GC invocations=10 (full 0):
 garbage-first heap   total 55296K, used 39931K [0x0000000702000000, 0x0000000800000000)
  region size 2048K, 11 young (22528K), 1 survivors (2048K)
 Metaspace       used 40309K, committed 40704K, reserved 1089536K
  class space    used 5121K, committed 5312K, reserved 1048576K
}
Event: 4.424 GC heap after
{Heap after GC invocations=11 (full 0):
 garbage-first heap   total 55296K, used 20238K [0x0000000702000000, 0x0000000800000000)
  region size 2048K, 2 young (4096K), 2 survivors (4096K)
 Metaspace       used 40309K, committed 40704K, reserved 1089536K
  class space    used 5121K, committed 5312K, reserved 1048576K
}
Event: 4.454 GC heap before
{Heap before GC invocations=11 (full 0):
 garbage-first heap   total 55296K, used 22286K [0x0000000702000000, 0x0000000800000000)
  region size 2048K, 3 young (6144K), 2 survivors (4096K)
 Metaspace       used 40633K, committed 41088K, reserved 1089536K
  class space    used 5165K, committed 5376K, reserved 1048576K
}
Event: 4.456 GC heap after
{Heap after GC invocations=12 (full 0):
 garbage-first heap   total 55296K, used 20090K [0x0000000702000000, 0x0000000800000000)
  region size 2048K, 1 young (2048K), 1 survivors (2048K)
 Metaspace       used 40633K, committed 41088K, reserved 1089536K
  class space    used 5165K, committed 5376K, reserved 1048576K
}
Event: 4.791 GC heap before
{Heap before GC invocations=12 (full 0):
 garbage-first heap   total 55296K, used 38522K [0x0000000702000000, 0x0000000800000000)
  region size 2048K, 10 young (20480K), 1 survivors (2048K)
 Metaspace       used 43456K, committed 43904K, reserved 1089536K
  class space    used 5515K, committed 5696K, reserved 1048576K
}
Event: 4.793 GC heap after
{Heap after GC invocations=13 (full 0):
 garbage-first heap   total 157696K, used 22143K [0x0000000702000000, 0x0000000800000000)
  region size 2048K, 2 young (4096K), 2 survivors (4096K)
 Metaspace       used 43456K, committed 43904K, reserved 1089536K
  class space    used 5515K, committed 5696K, reserved 1048576K
}

Dll operation events (13 events):
Event: 0.036 Loaded shared library C:\Users\morning\.jdks\corretto-17.0.5\bin\java.dll
Event: 0.042 Loaded shared library C:\Users\morning\.jdks\corretto-17.0.5\bin\jsvml.dll
Event: 0.106 Loaded shared library C:\Users\morning\.jdks\corretto-17.0.5\bin\zip.dll
Event: 0.109 Loaded shared library C:\Users\morning\.jdks\corretto-17.0.5\bin\instrument.dll
Event: 0.112 Loaded shared library C:\Users\morning\.jdks\corretto-17.0.5\bin\net.dll
Event: 0.113 Loaded shared library C:\Users\morning\.jdks\corretto-17.0.5\bin\nio.dll
Event: 0.115 Loaded shared library C:\Users\morning\.jdks\corretto-17.0.5\bin\zip.dll
Event: 1.484 Loaded shared library D:\IDE\IntelliJ IDEA Community Edition 2022.2.1\bin\breakgen64.dll
Event: 1.516 Loaded shared library C:\Users\morning\.jdks\corretto-17.0.5\bin\jimage.dll
Event: 3.523 Loaded shared library C:\Users\morning\.jdks\corretto-17.0.5\bin\sunmscapi.dll
Event: 3.538 Loaded shared library C:\Users\morning\.jdks\corretto-17.0.5\bin\management.dll
Event: 3.540 Loaded shared library C:\Users\morning\.jdks\corretto-17.0.5\bin\management_ext.dll
Event: 4.886 Loaded shared library C:\Users\morning\.jdks\corretto-17.0.5\bin\verify.dll

Deoptimization events (20 events):
Event: 5.039 Thread 0x000001b8036236b0 Uncommon trap: trap_request=0xffffff45 fr.pc=0x000001b812d53e24 relative=0x0000000000000304
Event: 5.039 Thread 0x000001b8036236b0 Uncommon trap: reason=unstable_if action=reinterpret pc=0x000001b812d53e24 method=sun.security.provider.SHA2.implReset()V @ 8 c2
Event: 5.039 Thread 0x000001b8036236b0 DEOPT PACKING pc=0x000001b812d53e24 sp=0x0000000aefffcb00
Event: 5.039 Thread 0x000001b8036236b0 DEOPT UNPACKING pc=0x000001b80b175ba3 sp=0x0000000aefffca70 mode 2
Event: 5.040 Thread 0x000001b8036236b0 DEOPT PACKING pc=0x000001b80bf04d1b sp=0x0000000aefffcdf0
Event: 5.040 Thread 0x000001b8036236b0 DEOPT UNPACKING pc=0x000001b80b1766e3 sp=0x0000000aefffc2c8 mode 0
Event: 5.048 Thread 0x000001b8036236b0 Uncommon trap: trap_request=0xfffffff4 fr.pc=0x000001b812edac70 relative=0x0000000000000170
Event: 5.048 Thread 0x000001b8036236b0 Uncommon trap: reason=null_check action=make_not_entrant pc=0x000001b812edac70 method=java.lang.reflect.Array.newInstance(Ljava/lang/Class;I)Ljava/lang/Object; @ 2 c2
Event: 5.048 Thread 0x000001b8036236b0 DEOPT PACKING pc=0x000001b812edac70 sp=0x0000000aefffd930
Event: 5.048 Thread 0x000001b8036236b0 DEOPT UNPACKING pc=0x000001b80b175ba3 sp=0x0000000aefffd8c8 mode 2
Event: 5.117 Thread 0x000001b8036236b0 Uncommon trap: trap_request=0xffffffde fr.pc=0x000001b812dd6684 relative=0x00000000000011e4
Event: 5.117 Thread 0x000001b8036236b0 Uncommon trap: reason=class_check action=maybe_recompile pc=0x000001b812dd6684 method=java.util.concurrent.ConcurrentHashMap.putVal(Ljava/lang/Object;Ljava/lang/Object;Z)Ljava/lang/Object; @ 159 c2
Event: 5.117 Thread 0x000001b8036236b0 DEOPT PACKING pc=0x000001b812dd6684 sp=0x0000000aefffe0a0
Event: 5.118 Thread 0x000001b8036236b0 DEOPT UNPACKING pc=0x000001b80b175ba3 sp=0x0000000aefffe030 mode 2
Event: 5.118 Thread 0x000001b8036236b0 Uncommon trap: trap_request=0xffffffde fr.pc=0x000001b812dd6684 relative=0x00000000000011e4
Event: 5.118 Thread 0x000001b8036236b0 Uncommon trap: reason=class_check action=maybe_recompile pc=0x000001b812dd6684 method=java.util.concurrent.ConcurrentHashMap.putVal(Ljava/lang/Object;Ljava/lang/Object;Z)Ljava/lang/Object; @ 159 c2
Event: 5.118 Thread 0x000001b8036236b0 DEOPT PACKING pc=0x000001b812dd6684 sp=0x0000000aefffe0a0
Event: 5.118 Thread 0x000001b8036236b0 DEOPT UNPACKING pc=0x000001b80b175ba3 sp=0x0000000aefffe030 mode 2
Event: 5.122 Thread 0x000001b8036236b0 DEOPT PACKING pc=0x000001b80b8beea3 sp=0x0000000aefffcc50
Event: 5.122 Thread 0x000001b8036236b0 DEOPT UNPACKING pc=0x000001b80b1766e3 sp=0x0000000aefffc0c0 mode 0

Classes unloaded (0 events):
No events

Classes redefined (0 events):
No events

Internal exceptions (20 events):
Event: 4.494 Thread 0x000001b8036236b0 Exception <a 'java/lang/ClassNotFoundException'{0x000000070dea3a00}: liquibase/change/core/SetColumnRemarksChangeBeanInfo> (0x000000070dea3a00) 
thrown [s\src\hotspot\share\classfile\systemDictionary.cpp, line 256]
Event: 4.494 Thread 0x000001b8036236b0 Exception <a 'java/lang/ClassNotFoundException'{0x000000070dea68e0}: liquibase/change/core/SetColumnRemarksChangeCustomizer> (0x000000070dea68e0) 
thrown [s\src\hotspot\share\classfile\systemDictionary.cpp, line 256]
Event: 4.495 Thread 0x000001b8036236b0 Exception <a 'java/lang/ClassNotFoundException'{0x000000070dec5b98}: liquibase/change/core/SetTableRemarksChangeBeanInfo> (0x000000070dec5b98) 
thrown [s\src\hotspot\share\classfile\systemDictionary.cpp, line 256]
Event: 4.495 Thread 0x000001b8036236b0 Exception <a 'java/lang/ClassNotFoundException'{0x000000070dec8a68}: liquibase/change/core/SetTableRemarksChangeCustomizer> (0x000000070dec8a68) 
thrown [s\src\hotspot\share\classfile\systemDictionary.cpp, line 256]
Event: 4.496 Thread 0x000001b8036236b0 Exception <a 'java/lang/ClassNotFoundException'{0x000000070dee00a8}: liquibase/change/core/StopChangeBeanInfo> (0x000000070dee00a8) 
thrown [s\src\hotspot\share\classfile\systemDictionary.cpp, line 256]
Event: 4.496 Thread 0x000001b8036236b0 Exception <a 'java/lang/ClassNotFoundException'{0x000000070dee2de0}: liquibase/change/core/StopChangeCustomizer> (0x000000070dee2de0) 
thrown [s\src\hotspot\share\classfile\systemDictionary.cpp, line 256]
Event: 4.496 Thread 0x000001b8036236b0 Exception <a 'java/lang/ClassNotFoundException'{0x000000070def2a48}: liquibase/change/core/TagDatabaseChangeBeanInfo> (0x000000070def2a48) 
thrown [s\src\hotspot\share\classfile\systemDictionary.cpp, line 256]
Event: 4.496 Thread 0x000001b8036236b0 Exception <a 'java/lang/ClassNotFoundException'{0x000000070def58c8}: liquibase/change/core/TagDatabaseChangeCustomizer> (0x000000070def58c8) 
thrown [s\src\hotspot\share\classfile\systemDictionary.cpp, line 256]
Event: 4.497 Thread 0x000001b8036236b0 Exception <a 'java/lang/ClassNotFoundException'{0x000000070df05590}: liquibase/change/core/UpdateDataChangeBeanInfo> (0x000000070df05590) 
thrown [s\src\hotspot\share\classfile\systemDictionary.cpp, line 256]
Event: 4.497 Thread 0x000001b8036236b0 Exception <a 'java/lang/ClassNotFoundException'{0x000000070df083c8}: liquibase/change/core/UpdateDataChangeCustomizer> (0x000000070df083c8) 
thrown [s\src\hotspot\share\classfile\systemDictionary.cpp, line 256]
Event: 4.497 Thread 0x000001b8036236b0 Exception <a 'java/lang/ClassNotFoundException'{0x000000070df1ff20}: liquibase/change/custom/CustomChangeWrapperBeanInfo> (0x000000070df1ff20) 
thrown [s\src\hotspot\share\classfile\systemDictionary.cpp, line 256]
Event: 4.497 Thread 0x000001b8036236b0 Exception <a 'java/lang/ClassNotFoundException'{0x000000070df22df0}: liquibase/change/custom/CustomChangeWrapperCustomizer> (0x000000070df22df0) 
thrown [s\src\hotspot\share\classfile\systemDictionary.cpp, line 256]
Event: 4.642 Thread 0x000001b8036236b0 Implicit null exception at 0x000001b812d7a2cb to 0x000001b812d7a7d0
Event: 5.039 Thread 0x000001b8036236b0 Implicit null exception at 0x000001b812c069b5 to 0x000001b812c07304
Event: 5.039 Thread 0x000001b8036236b0 Implicit null exception at 0x000001b812d53bb4 to 0x000001b812d53e10
Event: 5.048 Thread 0x000001b8036236b0 Implicit null exception at 0x000001b812edab13 to 0x000001b812edac5c
Event: 5.098 Thread 0x000001b8036236b0 Exception <a 'java/lang/NoSuchMethodError'{0x000000070ab26968}: 'java.lang.Object java.lang.invoke.DirectMethodHandle$Holder.invokeStaticInit(java.lang.Object, java.lang.Object, java.lang.Object, java.lang.Object)'> (0x000000070ab26968) 
thrown [s\src\hotspot\share\interpreter\linkResolver.cpp, line 759]
Event: 5.182 Thread 0x000001b8036236b0 Exception <a 'java/lang/NoSuchMethodError'{0x000000070a57a590}: 'java.lang.Object java.lang.invoke.DirectMethodHandle$Holder.newInvokeSpecial(java.lang.Object, java.lang.Object, java.lang.Object, int)'> (0x000000070a57a590) 
thrown [s\src\hotspot\share\interpreter\linkResolver.cpp, line 759]
Event: 5.183 Thread 0x000001b8036236b0 Exception <a 'java/lang/NoSuchMethodError'{0x000000070a57e878}: 'java.lang.Object java.lang.invoke.DirectMethodHandle$Holder.invokeSpecial(java.lang.Object, java.lang.Object, java.lang.Object, java.lang.Object, int)'> (0x000000070a57e878) 
thrown [s\src\hotspot\share\interpreter\linkResolver.cpp, line 759]
Event: 5.183 Thread 0x000001b8036236b0 Exception <a 'java/lang/NoSuchMethodError'{0x000000070a582440}: 'java.lang.Object java.lang.invoke.Invokers$Holder.linkToTargetMethod(java.lang.Object, java.lang.Object, int, java.lang.Object)'> (0x000000070a582440) 
thrown [s\src\hotspot\share\interpreter\linkResolver.cpp, line 759]

VM Operations (20 events):
Event: 4.327 Executing VM operation: HandshakeAllThreads
Event: 4.327 Executing VM operation: HandshakeAllThreads done
Event: 4.419 Executing VM operation: HandshakeAllThreads
Event: 4.419 Executing VM operation: HandshakeAllThreads done
Event: 4.422 Executing VM operation: G1CollectForAllocation
Event: 4.424 Executing VM operation: G1CollectForAllocation done
Event: 4.454 Executing VM operation: G1CollectForAllocation
Event: 4.456 Executing VM operation: G1CollectForAllocation done
Event: 4.500 Executing VM operation: HandshakeAllThreads
Event: 4.500 Executing VM operation: HandshakeAllThreads done
Event: 4.500 Executing VM operation: HandshakeAllThreads
Event: 4.500 Executing VM operation: HandshakeAllThreads done
Event: 4.506 Executing VM operation: HandshakeAllThreads
Event: 4.506 Executing VM operation: HandshakeAllThreads done
Event: 4.553 Executing VM operation: HandshakeAllThreads
Event: 4.553 Executing VM operation: HandshakeAllThreads done
Event: 4.616 Executing VM operation: HandshakeAllThreads
Event: 4.616 Executing VM operation: HandshakeAllThreads done
Event: 4.790 Executing VM operation: G1CollectForAllocation
Event: 4.793 Executing VM operation: G1CollectForAllocation done

Events (20 events):
Event: 5.004 loading class javax/naming/event/NamingListener
Event: 5.004 loading class javax/naming/event/NamingListener done
Event: 5.004 loading class javax/naming/event/NamespaceChangeListener
Event: 5.004 loading class javax/naming/event/NamespaceChangeListener done
Event: 5.006 loading class java/lang/AbstractMethodError
Event: 5.006 loading class java/lang/AbstractMethodError done
Event: 5.010 loading class java/util/concurrent/SynchronousQueue$TransferQueue
Event: 5.010 loading class java/util/concurrent/SynchronousQueue$TransferQueue done
Event: 5.010 loading class java/util/concurrent/SynchronousQueue$TransferQueue$QNode
Event: 5.011 loading class java/util/concurrent/SynchronousQueue$TransferQueue$QNode done
Event: 5.012 loading class java/util/concurrent/ThreadPoolExecutor$DiscardPolicy
Event: 5.012 loading class java/util/concurrent/ThreadPoolExecutor$DiscardPolicy done
Event: 5.048 Thread 0x000001b829c5d950 Thread added: 0x000001b829c5d950
Event: 5.049 loading class java/util/concurrent/ThreadPoolExecutor$CallerRunsPolicy
Event: 5.049 loading class java/util/concurrent/ThreadPoolExecutor$CallerRunsPolicy done
Event: 5.164 Thread 0x000001b829c5c610 Thread added: 0x000001b829c5c610
Event: 5.201 loading class sun/reflect/generics/repository/FieldRepository
Event: 5.201 loading class sun/reflect/generics/repository/FieldRepository done
Event: 5.221 loading class jdk/internal/ValueBased
Event: 5.221 loading class jdk/internal/ValueBased done


Dynamic libraries:
0x00007ff7b7550000 - 0x00007ff7b755d000 	C:\Users\morning\.jdks\corretto-17.0.5\bin\java.exe
0x00007ffa10c50000 - 0x00007ffa10e48000 	C:\Windows\SYSTEM32\ntdll.dll
0x00007ffa0f8f0000 - 0x00007ffa0f9af000 	C:\Windows\System32\KERNEL32.DLL
0x00007ffa0e6b0000 - 0x00007ffa0e98a000 	C:\Windows\System32\KERNELBASE.dll
0x00007ffa0e360000 - 0x00007ffa0e460000 	C:\Windows\System32\ucrtbase.dll
0x00007ff9fb5a0000 - 0x00007ff9fb5b7000 	C:\Users\morning\.jdks\corretto-17.0.5\bin\jli.dll
0x00007ffa04270000 - 0x00007ffa04285000 	C:\Users\morning\.jdks\corretto-17.0.5\bin\VCRUNTIME140.dll
0x00007ffa0ee20000 - 0x00007ffa0efbd000 	C:\Windows\System32\USER32.dll
0x00007ffa0e4f0000 - 0x00007ffa0e512000 	C:\Windows\System32\win32u.dll
0x00007ff9fb150000 - 0x00007ff9fb3ea000 	C:\Windows\WinSxS\amd64_microsoft.windows.common-controls_6595b64144ccf1df_6.0.19041.1110_none_60b5254171f9507e\COMCTL32.dll
0x00007ffa0fed0000 - 0x00007ffa0fefb000 	C:\Windows\System32\GDI32.dll
0x00007ffa10700000 - 0x00007ffa1079e000 	C:\Windows\System32\msvcrt.dll
0x00007ffa0eab0000 - 0x00007ffa0ebc0000 	C:\Windows\System32\gdi32full.dll
0x00007ffa0ec10000 - 0x00007ffa0ecad000 	C:\Windows\System32\msvcp_win.dll
0x00007ffa10030000 - 0x00007ffa10060000 	C:\Windows\System32\IMM32.DLL
0x00007ff9ef130000 - 0x00007ff9ef1cb000 	C:\Users\morning\.jdks\corretto-17.0.5\bin\msvcp140.dll
0x00007ff9b9950000 - 0x00007ff9ba564000 	C:\Users\morning\.jdks\corretto-17.0.5\bin\server\jvm.dll
0x00007ffa0ecb0000 - 0x00007ffa0ed5e000 	C:\Windows\System32\ADVAPI32.dll
0x00007ffa10660000 - 0x00007ffa106fc000 	C:\Windows\System32\sechost.dll
0x00007ffa0f7c0000 - 0x00007ffa0f8e6000 	C:\Windows\System32\RPCRT4.dll
0x00007ffa083a0000 - 0x00007ffa083aa000 	C:\Windows\SYSTEM32\VERSION.dll
0x00007ff9f5310000 - 0x00007ff9f5319000 	C:\Windows\SYSTEM32\WSOCK32.dll
0x00007ffa049e0000 - 0x00007ffa04a07000 	C:\Windows\SYSTEM32\WINMM.dll
0x00007ffa103c0000 - 0x00007ffa1042b000 	C:\Windows\System32\WS2_32.dll
0x00007ffa0c200000 - 0x00007ffa0c212000 	C:\Windows\SYSTEM32\kernel.appcore.dll
0x00007ffa05190000 - 0x00007ffa0519a000 	C:\Users\morning\.jdks\corretto-17.0.5\bin\jimage.dll
0x00007ffa02d80000 - 0x00007ffa02f64000 	C:\Windows\SYSTEM32\DBGHELP.DLL
0x00007ff9f5e80000 - 0x00007ff9f5eb4000 	C:\Windows\SYSTEM32\dbgcore.DLL
0x00007ffa0e460000 - 0x00007ffa0e4e2000 	C:\Windows\System32\bcryptPrimitives.dll
0x00007ffa048b0000 - 0x00007ffa048be000 	C:\Users\morning\.jdks\corretto-17.0.5\bin\instrument.dll
0x00007ff9f9df0000 - 0x00007ff9f9e15000 	C:\Users\morning\.jdks\corretto-17.0.5\bin\java.dll
0x00007ff9ebce0000 - 0x00007ff9ebdb6000 	C:\Users\morning\.jdks\corretto-17.0.5\bin\jsvml.dll
0x00007ffa0efc0000 - 0x00007ffa0f704000 	C:\Windows\System32\SHELL32.dll
0x00007ffa0c400000 - 0x00007ffa0cb93000 	C:\Windows\SYSTEM32\windows.storage.dll
0x00007ffa10060000 - 0x00007ffa103b4000 	C:\Windows\System32\combase.dll
0x00007ffa0dc70000 - 0x00007ffa0dc9e000 	C:\Windows\SYSTEM32\Wldp.dll
0x00007ffa0f9b0000 - 0x00007ffa0fa5d000 	C:\Windows\System32\SHCORE.dll
0x00007ffa0edc0000 - 0x00007ffa0ee15000 	C:\Windows\System32\shlwapi.dll
0x00007ffa0e2a0000 - 0x00007ffa0e2bf000 	C:\Windows\SYSTEM32\profapi.dll
0x00007ff9f9c10000 - 0x00007ff9f9c28000 	C:\Users\morning\.jdks\corretto-17.0.5\bin\zip.dll
0x00007ff9fa570000 - 0x00007ff9fa589000 	C:\Users\morning\.jdks\corretto-17.0.5\bin\net.dll
0x00007ffa07c00000 - 0x00007ffa07d0a000 	C:\Windows\SYSTEM32\WINHTTP.dll
0x00007ffa0d9e0000 - 0x00007ffa0da4a000 	C:\Windows\system32\mswsock.dll
0x00007ff9f9c70000 - 0x00007ff9f9c85000 	C:\Users\morning\.jdks\corretto-17.0.5\bin\nio.dll
0x00007ffa04850000 - 0x00007ffa0486a000 	D:\IDE\IntelliJ IDEA Community Edition 2022.2.1\bin\breakgen64.dll
0x00007ffa0dd20000 - 0x00007ffa0dd38000 	C:\Windows\SYSTEM32\CRYPTSP.dll
0x00007ffa0d320000 - 0x00007ffa0d354000 	C:\Windows\system32\rsaenh.dll
0x00007ffa0e520000 - 0x00007ffa0e547000 	C:\Windows\System32\bcrypt.dll
0x00007ffa0e260000 - 0x00007ffa0e28e000 	C:\Windows\SYSTEM32\USERENV.dll
0x00007ffa0dbe0000 - 0x00007ffa0dbec000 	C:\Windows\SYSTEM32\CRYPTBASE.dll
0x00007ffa0d6f0000 - 0x00007ffa0d72c000 	C:\Windows\SYSTEM32\IPHLPAPI.DLL
0x00007ffa10950000 - 0x00007ffa10958000 	C:\Windows\System32\NSI.dll
0x00007ffa085b0000 - 0x00007ffa085c7000 	C:\Windows\SYSTEM32\dhcpcsvc6.DLL
0x00007ffa08590000 - 0x00007ffa085ad000 	C:\Windows\SYSTEM32\dhcpcsvc.DLL
0x00007ffa0d730000 - 0x00007ffa0d7fb000 	C:\Windows\SYSTEM32\DNSAPI.dll
0x00007ffa04880000 - 0x00007ffa0488e000 	C:\Users\morning\.jdks\corretto-17.0.5\bin\sunmscapi.dll
0x00007ffa0e550000 - 0x00007ffa0e6a6000 	C:\Windows\System32\CRYPT32.dll
0x00007ffa0de10000 - 0x00007ffa0de38000 	C:\Windows\SYSTEM32\ncrypt.dll
0x00007ffa0ddd0000 - 0x00007ffa0de0b000 	C:\Windows\SYSTEM32\NTASN1.dll
0x00007ffa048a0000 - 0x00007ffa048a9000 	C:\Users\morning\.jdks\corretto-17.0.5\bin\management.dll
0x00007ffa04890000 - 0x00007ffa0489b000 	C:\Users\morning\.jdks\corretto-17.0.5\bin\management_ext.dll
0x00007ffa10650000 - 0x00007ffa10658000 	C:\Windows\System32\PSAPI.DLL
0x00007ffa06f20000 - 0x00007ffa06f2a000 	C:\Windows\System32\rasadhlp.dll
0x00007ffa05e20000 - 0x00007ffa05ea0000 	C:\Windows\System32\fwpuclnt.dll
0x00007ff9f02b0000 - 0x00007ff9f02c7000 	C:\Windows\system32\napinsp.dll
0x00007ff9f0290000 - 0x00007ff9f02ab000 	C:\Windows\system32\pnrpnsp.dll
0x00007ff9ef210000 - 0x00007ff9ef225000 	C:\Windows\system32\wshbth.dll
0x00007ffa0aca0000 - 0x00007ffa0acbd000 	C:\Windows\system32\NLAapi.dll
0x00007ff9ef1f0000 - 0x00007ff9ef202000 	C:\Windows\System32\winrnr.dll
0x00007ff9f9de0000 - 0x00007ff9f9df0000 	C:\Users\morning\.jdks\corretto-17.0.5\bin\verify.dll

dbghelp: loaded successfully - version: 4.0.5 - missing functions: none
symbol engine: initialized successfully - sym options: 0x614 - pdb path: .;C:\Users\morning\.jdks\corretto-17.0.5\bin;C:\Windows\SYSTEM32;C:\Windows\WinSxS\amd64_microsoft.windows.common-controls_6595b64144ccf1df_6.0.19041.1110_none_60b5254171f9507e;C:\Users\morning\.jdks\corretto-17.0.5\bin\server;D:\IDE\IntelliJ IDEA Community Edition 2022.2.1\bin

VM Arguments:
jvm_args: -javaagent:D:\IDE\IntelliJ IDEA Community Edition 2022.2.1\lib\idea_rt.jar=51976:D:\IDE\IntelliJ IDEA Community Edition 2022.2.1\bin -Dfile.encoding=UTF-8 
java_command: mirea.morning.eventagencypr.EventAgencyApplication
java_class_path (initial): D:\MySpace\javaProjects\event-agency-pr\target\classes;C:\Users\morning\.m2\repository\com\fasterxml\jackson\core\jackson-core\2.14.2\jackson-core-2.14.2.jar;C:\Users\morning\.m2\repository\jakarta\persistence\jakarta.persistence-api\3.1.0\jakarta.persistence-api-3.1.0.jar;C:\Users\morning\.m2\repository\javax\persistence\javax.persistence-api\2.2\javax.persistence-api-2.2.jar;C:\Users\morning\.m2\repository\org\apache\commons\commons-dbcp2\2.9.0\commons-dbcp2-2.9.0.jar;C:\Users\morning\.m2\repository\org\apache\commons\commons-pool2\2.11.1\commons-pool2-2.11.1.jar;C:\Users\morning\.m2\repository\org\hibernate\orm\hibernate-core\6.2.1.Final\hibernate-core-6.2.1.Final.jar;C:\Users\morning\.m2\repository\jakarta\transaction\jakarta.transaction-api\2.0.1\jakarta.transaction-api-2.0.1.jar;C:\Users\morning\.m2\repository\org\jboss\logging\jboss-logging\3.5.0.Final\jboss-logging-3.5.0.Final.jar;C:\Users\morning\.m2\repository\org\hibernate\common\hibernate-commons-annotations\6.0.6.Final\hibernate-commons-annotations-6.0.6.Final.jar;C:\Users\morning\.m2\repository\io\smallrye\jandex\3.0.5\jandex-3.0.5.jar;C:\Users\morning\.m2\repository\com\fasterxml\classmate\1.5.1\classmate-1.5.1.jar;C:\Users\morning\.m2\repository\net\bytebuddy\byte-buddy\1.12.23\byte-buddy-1.12.23.jar;C:\Users\morning\.m2\repository\jakarta\xml\bind\jakarta.xml.bind-api\4.0.0\jakarta.xml.bind-api-4.0.0.jar;C:\Users\morning\.m2\repository\jakarta\activation\jakarta.activation-api\2.1.1\jakarta.activation-api-2.1.1.jar;C:\Users\morning\.m2\repository\org\glassfish\jaxb\jaxb-runtime\4.0.2\jaxb-runtime-4.0.2.jar;C:\Users\morning\.m2\repository\org\glassfish\jaxb\jaxb-core\4.0.2\jaxb-core-4.0.2.jar;C:\Users\morning\.m2\repository\org\eclipse\angus\angus-activation\2.0.0\angus-activation-2.0.0.jar;C:\Users\morning\.m2\repository\org\glassfish\jaxb\txw2\4.0.2\txw2-4.0.2.jar;C:\Users\morning\.m2\repository\com\sun\istack\istack-commons-runtime\4.1.1\istack-commons-runtime-4.1.1.ja
Launcher Type: SUN_STANDARD

[Global flags]
     intx CICompilerCount                          = 4                                         {product} {ergonomic}
     uint ConcGCThreads                            = 3                                         {product} {ergonomic}
     uint G1ConcRefinementThreads                  = 10                                        {product} {ergonomic}
   size_t G1HeapRegionSize                         = 2097152                                   {product} {ergonomic}
    uintx GCDrainStackTargetSize                   = 64                                        {product} {ergonomic}
   size_t InitialHeapSize                          = 266338304                                 {product} {ergonomic}
   size_t MarkStackSize                            = 4194304                                   {product} {ergonomic}
   size_t MaxHeapSize                              = 4261412864                                {product} {ergonomic}
   size_t MaxNewSize                               = 2556428288                                {product} {ergonomic}
   size_t MinHeapDeltaBytes                        = 2097152                                   {product} {ergonomic}
   size_t MinHeapSize                              = 8388608                                   {product} {ergonomic}
    uintx NonNMethodCodeHeapSize                   = 5839372                                {pd product} {ergonomic}
    uintx NonProfiledCodeHeapSize                  = 122909434                              {pd product} {ergonomic}
    uintx ProfiledCodeHeapSize                     = 122909434                              {pd product} {ergonomic}
    uintx ReservedCodeCacheSize                    = 251658240                              {pd product} {ergonomic}
     bool SegmentedCodeCache                       = true                                      {product} {ergonomic}
   size_t SoftMaxHeapSize                          = 4261412864                             {manageable} {ergonomic}
     bool UseCompressedClassPointers               = true                           {product lp64_product} {ergonomic}
     bool UseCompressedOops                        = true                           {product lp64_product} {ergonomic}
     bool UseG1GC                                  = true                                      {product} {ergonomic}
     bool UseLargePagesIndividualAllocation        = false                                  {pd product} {ergonomic}

Logging:
Log output configuration:
 #0: stdout all=warning uptime,level,tags
 #1: stderr all=off uptime,level,tags

Environment Variables:
JAVA_HOME=C:\Users\morning\.jdks\corretto-17.0.5
PATH=C:\Program Files\Common Files\Oracle\Java\javapath;C:\Windows\system32;C:\Windows;C:\Windows\System32\Wbem;C:\Windows\System32\WindowsPowerShell\v1.0\;C:\Windows\System32\OpenSSH\;C:\Program Files (x86)\NVIDIA Corporation\PhysX\Common;C:\Program Files\Microsoft SQL Server\150\Tools\Binn\;C:\Program Files\Git\cmd;C:\Program Files\dotnet\;C:\Program Files\maven\apache-maven-3.9.0\bin;C:\Users\morning\.jdks\corretto-17.0.5\bin;;C:\Program Files\Docker\Docker\resources\bin;C:\Program Files\MySQL\MySQL Shell 8.0\bin\;C:\Users\morning\.cargo\bin;C:\Users\Profit77\AppData\Local\Programs\Python\Python310\Scripts\;C:\Users\Profit77\AppData\Local\Programs\Python\Python310\;C:\Users\morning\AppData\Local\Microsoft\WindowsApps;;C:\Users\morning\.dotnet\tools;D:\IDE\IntelliJ IDEA Community Edition 2022.2.1\bin;;C:\Users\morning\AppData\Local\Programs\Microsoft VS Code\bin;C:\Program Files\JetBrains\PyCharm Community Edition 2022.2.4\bin;
USERNAME=morning
OS=Windows_NT
PROCESSOR_IDENTIFIER=Intel64 Family 6 Model 167 Stepping 1, GenuineIntel
TMP=C:\Users\morning\AppData\Local\Temp
TEMP=C:\Users\morning\AppData\Local\Temp



---------------  S Y S T E M  ---------------

OS:
 Windows 10 , 64 bit Build 19041 (10.0.19041.2788)
OS uptime: 0 days 21:23 hours
Hyper-V role detected

CPU: total 12 (initial active 12) (6 cores per cpu, 2 threads per core) family 6 model 167 stepping 1 microcode 0x40, cx8, cmov, fxsr, ht, mmx, 3dnowpref, sse, sse2, sse3, ssse3, sse4.1, sse4.2, popcnt, lzcnt, tsc, tscinvbit, avx, avx2, aes, erms, clmul, bmi1, bmi2, adx, avx512f, avx512dq, avx512cd, avx512bw, avx512vl, sha, fma, vzeroupper, avx512_vpopcntdq, avx512_vpclmulqdq, avx512_vaes, avx512_vnni, clflush, clflushopt, avx512_vbmi2, avx512_vbmi, hv

Memory: 4k page, system-wide physical 16251M (4073M free)
TotalPageFile size 19178M (AvailPageFile size 4M)
current process WorkingSet (physical memory assigned to process): 297M, peak: 298M
current process commit charge ("private bytes"): 424M, peak: 432M

vm_info: OpenJDK 64-Bit Server VM (17.0.5+8-LTS) for windows-amd64 JRE (17.0.5+8-LTS), built on Oct 13 2022 05:18:14 by "Administrator" with MS VC++ 15.9 (VS2017)

END.
