#
# There is insufficient memory for the Java Runtime Environment to continue.
# Native memory allocation (mmap) failed to map 35651584 bytes for G1 virtual space
# Possible reasons:
#   The system is out of physical RAM or swap space
#   The process is running with CompressedOops enabled, and the Java Heap may be blocking the growth of the native heap
# Possible solutions:
#   Reduce memory load on the system
#   Increase physical memory or swap space
#   Check if swap backing store is full
#   Decrease Java heap size (-Xmx/-Xms)
#   Decrease number of Java threads
#   Decrease Java thread stack sizes (-Xss)
#   Set larger code cache with -XX:ReservedCodeCacheSize=
#   JVM is running with Zero Based Compressed Oops mode in which the Java heap is
#     placed in the first 32GB address space. The Java Heap base address is the
#     maximum limit for the native heap growth. Please use -XX:HeapBaseMinAddress
#     to set the Java Heap base and to place the Java Heap above 32GB virtual address.
# This output file may be truncated or incomplete.
#
#  Out of Memory Error (os_windows.cpp:3548), pid=5160, tid=12180
#
# JRE version: OpenJDK Runtime Environment Corretto-17.0.5.8.1 (17.0.5+8) (build 17.0.5+8-LTS)
# Java VM: OpenJDK 64-Bit Server VM Corretto-17.0.5.8.1 (17.0.5+8-LTS, mixed mode, sharing, tiered, compressed oops, compressed class ptrs, g1 gc, windows-amd64)
# No core dump will be written. Minidumps are not enabled by default on client versions of Windows
#

---------------  S U M M A R Y ------------

Command Line: -javaagent:D:\IDE\IntelliJ IDEA Community Edition 2022.2.1\lib\idea_rt.jar=50139:D:\IDE\IntelliJ IDEA Community Edition 2022.2.1\bin -Dfile.encoding=UTF-8 mirea.morning.eventagencypr.EventAgencyApplication

Host: 11th Gen Intel(R) Core(TM) i5-11400F @ 2.60GHz, 12 cores, 15G,  Windows 10 , 64 bit Build 19041 (10.0.19041.2788)
Time: Tue May  2 21:50:46 2023 RTZ 2 (s 10 , 64 bit Build 19041 (10.0.19041.2788) elapsed time: 4.661462 seconds (0d 0h 0m 4s)

---------------  T H R E A D  ---------------

Current thread (0x0000013b40311830):  VMThread "VM Thread" [stack: 0x0000002d18900000,0x0000002d18a00000] [id=12180]

Stack: [0x0000002d18900000,0x0000002d18a00000]
Native frames: (J=compiled Java code, j=interpreted, Vv=VM code, C=native code)
V  [jvm.dll+0x646e0a]
V  [jvm.dll+0x7f7f14]
V  [jvm.dll+0x7f96ce]
V  [jvm.dll+0x7f9d23]
V  [jvm.dll+0x234c98]
V  [jvm.dll+0x643d6a]
V  [jvm.dll+0x63849a]
V  [jvm.dll+0x2f2ed9]
V  [jvm.dll+0x2fa066]
V  [jvm.dll+0x345a2a]
V  [jvm.dll+0x345c6f]
V  [jvm.dll+0x2c9378]
V  [jvm.dll+0x2c7867]
V  [jvm.dll+0x2c6e4c]
V  [jvm.dll+0x309f6b]
V  [jvm.dll+0x7fe15b]
V  [jvm.dll+0x7fee38]
V  [jvm.dll+0x7ff365]
V  [jvm.dll+0x7ff734]
V  [jvm.dll+0x7ff7fe]
V  [jvm.dll+0x7aac5a]
V  [jvm.dll+0x645cd5]
C  [ucrtbase.dll+0x21bb2]
C  [KERNEL32.DLL+0x17604]
C  [ntdll.dll+0x526a1]

VM_Operation (0x0000002d198f90e0): G1CollectForAllocation, mode: safepoint, requested by thread 0x0000013b4190ea30


---------------  P R O C E S S  ---------------

Threads class SMR info:
_java_thread_list=0x0000013b459aa250, length=20, elements={
0x0000013b1cf34d60, 0x0000013b40315aa0, 0x0000013b40316650, 0x0000013b4032f2b0,
0x0000013b4032fe60, 0x0000013b40334930, 0x0000013b40336500, 0x0000013b40337a00,
0x0000013b403439b0, 0x0000013b403443a0, 0x0000013b40444e60, 0x0000013b4055e1e0,
0x0000013b40561770, 0x0000013b41205780, 0x0000013b4190ea30, 0x0000013b4376b440,
0x0000013b4376b910, 0x0000013b4376cc50, 0x0000013b4376d120, 0x0000013b4376d5f0
}

Java Threads: ( => current thread )
  0x0000013b1cf34d60 JavaThread "main" [_thread_blocked, id=12568, stack(0x0000002d18300000,0x0000002d18400000)]
  0x0000013b40315aa0 JavaThread "Reference Handler" daemon [_thread_blocked, id=11028, stack(0x0000002d18a00000,0x0000002d18b00000)]
  0x0000013b40316650 JavaThread "Finalizer" daemon [_thread_blocked, id=9764, stack(0x0000002d18b00000,0x0000002d18c00000)]
  0x0000013b4032f2b0 JavaThread "Signal Dispatcher" daemon [_thread_blocked, id=1440, stack(0x0000002d18c00000,0x0000002d18d00000)]
  0x0000013b4032fe60 JavaThread "Attach Listener" daemon [_thread_blocked, id=9916, stack(0x0000002d18d00000,0x0000002d18e00000)]
  0x0000013b40334930 JavaThread "Service Thread" daemon [_thread_blocked, id=17400, stack(0x0000002d18e00000,0x0000002d18f00000)]
  0x0000013b40336500 JavaThread "Monitor Deflation Thread" daemon [_thread_blocked, id=10288, stack(0x0000002d18f00000,0x0000002d19000000)]
  0x0000013b40337a00 JavaThread "C2 CompilerThread0" daemon [_thread_blocked, id=13112, stack(0x0000002d19000000,0x0000002d19100000)]
  0x0000013b403439b0 JavaThread "C1 CompilerThread0" daemon [_thread_blocked, id=12892, stack(0x0000002d19100000,0x0000002d19200000)]
  0x0000013b403443a0 JavaThread "Sweeper thread" daemon [_thread_blocked, id=13628, stack(0x0000002d19200000,0x0000002d19300000)]
  0x0000013b40444e60 JavaThread "Common-Cleaner" daemon [_thread_blocked, id=10464, stack(0x0000002d19300000,0x0000002d19400000)]
  0x0000013b4055e1e0 JavaThread "C2 CompilerThread1" daemon [_thread_in_native, id=2396, stack(0x0000002d19400000,0x0000002d19500000)]
  0x0000013b40561770 JavaThread "Monitor Ctrl-Break" daemon [_thread_in_native, id=8596, stack(0x0000002d19500000,0x0000002d19600000)]
  0x0000013b41205780 JavaThread "Notification Thread" daemon [_thread_blocked, id=13184, stack(0x0000002d19600000,0x0000002d19700000)]
  0x0000013b4190ea30 JavaThread "C2 CompilerThread2" daemon [_thread_blocked, id=7312, stack(0x0000002d19800000,0x0000002d19900000)]
  0x0000013b4376b440 JavaThread "Catalina-utility-1" [_thread_blocked, id=10992, stack(0x0000002d1a400000,0x0000002d1a500000)]
  0x0000013b4376b910 JavaThread "Catalina-utility-2" [_thread_blocked, id=13484, stack(0x0000002d1a500000,0x0000002d1a600000)]
  0x0000013b4376cc50 JavaThread "container-0" [_thread_blocked, id=10776, stack(0x0000002d1a600000,0x0000002d1a700000)]
  0x0000013b4376d120 JavaThread "HikariPool-1 housekeeper" daemon [_thread_blocked, id=13844, stack(0x0000002d1a800000,0x0000002d1a900000)]
  0x0000013b4376d5f0 JavaThread "HikariPool-1 connection adder" daemon [_thread_blocked, id=16304, stack(0x0000002d1a900000,0x0000002d1aa00000)]

Other Threads:
=>0x0000013b40311830 VMThread "VM Thread" [stack: 0x0000002d18900000,0x0000002d18a00000] [id=12180]
  0x0000013b1cfb8ca0 WatcherThread [stack: 0x0000002d19700000,0x0000002d19800000] [id=3616]
  0x0000013b1cfa0090 GCTaskThread "GC Thread#0" [stack: 0x0000002d18400000,0x0000002d18500000] [id=15760]
  0x0000013b41ed5ba0 GCTaskThread "GC Thread#1" [stack: 0x0000002d19900000,0x0000002d19a00000] [id=12620]
  0x0000013b41ed5e50 GCTaskThread "GC Thread#2" [stack: 0x0000002d19a00000,0x0000002d19b00000] [id=14308]
  0x0000013b421e4e30 GCTaskThread "GC Thread#3" [stack: 0x0000002d19b00000,0x0000002d19c00000] [id=16168]
  0x0000013b421e50e0 GCTaskThread "GC Thread#4" [stack: 0x0000002d19c00000,0x0000002d19d00000] [id=15936]
  0x0000013b421e5390 GCTaskThread "GC Thread#5" [stack: 0x0000002d19d00000,0x0000002d19e00000] [id=13852]
  0x0000013b42044e50 GCTaskThread "GC Thread#6" [stack: 0x0000002d19f00000,0x0000002d1a000000] [id=11628]
  0x0000013b43400ca0 GCTaskThread "GC Thread#7" [stack: 0x0000002d1a000000,0x0000002d1a100000] [id=9260]
  0x0000013b42862a20 GCTaskThread "GC Thread#8" [stack: 0x0000002d19e00000,0x0000002d19f00000] [id=7852]
  0x0000013b42861f60 GCTaskThread "GC Thread#9" [stack: 0x0000002d1a100000,0x0000002d1a200000] [id=9404]
  0x0000013b1cfb0dd0 ConcurrentGCThread "G1 Main Marker" [stack: 0x0000002d18500000,0x0000002d18600000] [id=9784]
  0x0000013b1cfb1f80 ConcurrentGCThread "G1 Conc#0" [stack: 0x0000002d18600000,0x0000002d18700000] [id=12396]
  0x0000013b42862210 ConcurrentGCThread "G1 Conc#1" [stack: 0x0000002d1a200000,0x0000002d1a300000] [id=2920]
  0x0000013b428624c0 ConcurrentGCThread "G1 Conc#2" [stack: 0x0000002d1a300000,0x0000002d1a400000] [id=6044]
  0x0000013b3fa66c40 ConcurrentGCThread "G1 Refine#0" [stack: 0x0000002d18700000,0x0000002d18800000] [id=13328]
  0x0000013b3fa67660 ConcurrentGCThread "G1 Service" [stack: 0x0000002d18800000,0x0000002d18900000] [id=11784]

Threads with active compile tasks:
C2 CompilerThread0     4671 6390       4       org.springframework.core.annotation.AnnotationsScanner::getBaseTypeMethods (145 bytes)
C2 CompilerThread1     4672 6657   !   4       org.springframework.core.annotation.AnnotationsScanner::processClassHierarchy (234 bytes)
C2 CompilerThread2     4672 6646       4       org.springframework.beans.factory.support.AbstractBeanFactory::isTypeMatch (619 bytes)

VM state: at safepoint (normal execution)

VM Mutex/Monitor currently owned by a thread:  ([mutex/lock_event])
[0x0000013b1cf31ae0] Threads_lock - owner thread: 0x0000013b40311830
[0x0000013b1cf31c00] Heap_lock - owner thread: 0x0000013b4190ea30

Heap address: 0x0000000702000000, size: 4064 MB, Compressed Oops mode: Zero based, Oop shift amount: 3

CDS archive(s) mapped at: [0x0000000800000000-0x0000000800bc0000-0x0000000800bc0000), size 12320768, SharedBaseAddress: 0x0000000800000000, ArchiveRelocationMode: 0.
Compressed class space mapped at: 0x0000000800c00000-0x0000000840c00000, reserved size: 1073741824
Narrow klass base: 0x0000000800000000, Narrow klass shift: 0, Narrow klass range: 0x100000000

GC Precious Log:
 CPUs: 12 total, 12 available
 Memory: 16251M
 Large Page Support: Disabled
 NUMA Support: Disabled
 Compressed Oops: Enabled (Zero based)
 Heap Region Size: 2M
 Heap Min Capacity: 8M
 Heap Initial Capacity: 254M
 Heap Max Capacity: 4064M
 Pre-touch: Disabled
 Parallel Workers: 10
 Concurrent Workers: 3
 Concurrent Refinement Workers: 10
 Periodic GC: Disabled

Heap:
 garbage-first heap   total 75776K, used 32234K [0x0000000702000000, 0x0000000800000000)
  region size 2048K, 2 young (4096K), 2 survivors (4096K)
 Metaspace       used 70714K, committed 71232K, reserved 1114112K
  class space    used 9590K, committed 9856K, reserved 1048576K

Heap Regions: E=young(eden), S=young(survivor), O=old, HS=humongous(starts), HC=humongous(continues), CS=collection set, F=free, OA=open archive, CA=closed archive, TAMS=top-at-mark-start (previous, next)
|   0|0x0000000702000000, 0x0000000702200000, 0x0000000702200000|100%| O|  |TAMS 0x0000000702200000, 0x0000000702000000| Untracked 
|   1|0x0000000702200000, 0x0000000702400000, 0x0000000702400000|100%| O|  |TAMS 0x0000000702400000, 0x0000000702200000| Untracked 
|   2|0x0000000702400000, 0x0000000702600000, 0x0000000702600000|100%| O|  |TAMS 0x0000000702600000, 0x0000000702400000| Untracked 
|   3|0x0000000702600000, 0x0000000702800000, 0x0000000702800000|100%| O|  |TAMS 0x0000000702800000, 0x0000000702600000| Untracked 
|   4|0x0000000702800000, 0x0000000702a00000, 0x0000000702a00000|100%| O|  |TAMS 0x0000000702a00000, 0x0000000702800000| Untracked 
|   5|0x0000000702a00000, 0x0000000702c00000, 0x0000000702c00000|100%| O|  |TAMS 0x0000000702c00000, 0x0000000702a00000| Untracked 
|   6|0x0000000702c00000, 0x0000000702e00000, 0x0000000702e00000|100%| O|  |TAMS 0x0000000702e00000, 0x0000000702c00000| Untracked 
|   7|0x0000000702e00000, 0x0000000703000000, 0x0000000703000000|100%| O|  |TAMS 0x0000000703000000, 0x0000000702e00000| Untracked 
|   8|0x0000000703000000, 0x0000000703200000, 0x0000000703200000|100%| O|  |TAMS 0x000000070318ee00, 0x0000000703000000| Untracked 
|   9|0x0000000703200000, 0x0000000703400000, 0x0000000703400000|100%| O|  |TAMS 0x0000000703400000, 0x0000000703200000| Untracked 
|  10|0x0000000703400000, 0x0000000703600000, 0x0000000703600000|100%| O|  |TAMS 0x0000000703600000, 0x0000000703400000| Untracked 
|  11|0x0000000703600000, 0x0000000703800000, 0x0000000703800000|100%| O|  |TAMS 0x0000000703800000, 0x0000000703600000| Untracked 
|  12|0x0000000703800000, 0x0000000703a00000, 0x0000000703a00000|100%| O|  |TAMS 0x0000000703800000, 0x0000000703800000| Untracked 
|  13|0x0000000703a00000, 0x0000000703b7aa00, 0x0000000703c00000| 73%| O|  |TAMS 0x0000000703a00000, 0x0000000703a00000| Untracked 
|  14|0x0000000703c00000, 0x0000000703c00000, 0x0000000703e00000|  0%| F|  |TAMS 0x0000000703c00000, 0x0000000703c00000| Untracked 
|  15|0x0000000703e00000, 0x0000000703e00000, 0x0000000704000000|  0%| F|  |TAMS 0x0000000703e00000, 0x0000000703e00000| Untracked 
|  16|0x0000000704000000, 0x0000000704000000, 0x0000000704200000|  0%| F|  |TAMS 0x0000000704000000, 0x0000000704000000| Untracked 
|  17|0x0000000704200000, 0x0000000704200000, 0x0000000704400000|  0%| F|  |TAMS 0x0000000704200000, 0x0000000704200000| Untracked 
|  18|0x0000000704400000, 0x0000000704400000, 0x0000000704600000|  0%| F|  |TAMS 0x0000000704400000, 0x0000000704400000| Untracked 
|  19|0x0000000704600000, 0x0000000704800000, 0x0000000704800000|100%| S|CS|TAMS 0x0000000704600000, 0x0000000704600000| Complete 
|  20|0x0000000704800000, 0x0000000704800000, 0x0000000704a00000|  0%| F|  |TAMS 0x0000000704800000, 0x0000000704800000| Untracked 
|  21|0x0000000704a00000, 0x0000000704a00000, 0x0000000704c00000|  0%| F|  |TAMS 0x0000000704a00000, 0x0000000704a00000| Untracked 
|  22|0x0000000704c00000, 0x0000000704e00000, 0x0000000704e00000|100%| S|CS|TAMS 0x0000000704c00000, 0x0000000704c00000| Complete 
|  23|0x0000000704e00000, 0x0000000704e00000, 0x0000000705000000|  0%| F|  |TAMS 0x0000000704e00000, 0x0000000704e00000| Untracked 
|  24|0x0000000705000000, 0x0000000705000000, 0x0000000705200000|  0%| F|  |TAMS 0x0000000705000000, 0x0000000705000000| Untracked 
|  25|0x0000000705200000, 0x0000000705200000, 0x0000000705400000|  0%| F|  |TAMS 0x0000000705200000, 0x0000000705200000| Untracked 
|  26|0x0000000705400000, 0x0000000705400000, 0x0000000705600000|  0%| F|  |TAMS 0x0000000705400000, 0x0000000705400000| Untracked 
|  27|0x0000000705600000, 0x0000000705600000, 0x0000000705800000|  0%| F|  |TAMS 0x0000000705600000, 0x0000000705600000| Untracked 
|  28|0x0000000705800000, 0x0000000705800000, 0x0000000705a00000|  0%| F|  |TAMS 0x0000000705800000, 0x0000000705800000| Untracked 
|  29|0x0000000705a00000, 0x0000000705a00000, 0x0000000705c00000|  0%| F|  |TAMS 0x0000000705a00000, 0x0000000705a00000| Untracked 
|  30|0x0000000705c00000, 0x0000000705c00000, 0x0000000705e00000|  0%| F|  |TAMS 0x0000000705c00000, 0x0000000705c00000| Untracked 
|  31|0x0000000705e00000, 0x0000000705e00000, 0x0000000706000000|  0%| F|  |TAMS 0x0000000705e00000, 0x0000000705e00000| Untracked 
|  32|0x0000000706000000, 0x0000000706000000, 0x0000000706200000|  0%| F|  |TAMS 0x0000000706000000, 0x0000000706000000| Untracked 
|  33|0x0000000706200000, 0x0000000706200000, 0x0000000706400000|  0%| F|  |TAMS 0x0000000706200000, 0x0000000706200000| Untracked 
|  61|0x0000000709a00000, 0x0000000709a00000, 0x0000000709c00000|  0%| F|  |TAMS 0x0000000709a00000, 0x0000000709a00000| Untracked 
|  62|0x0000000709c00000, 0x0000000709c00000, 0x0000000709e00000|  0%| F|  |TAMS 0x0000000709c00000, 0x0000000709c00000| Untracked 
| 126|0x0000000711c00000, 0x0000000711c00000, 0x0000000711e00000|  0%| F|  |TAMS 0x0000000711c00000, 0x0000000711c00000| Untracked 

Card table byte_map: [0x0000013b34780000,0x0000013b34f70000] _byte_map_base: 0x0000013b30f70000

Marking Bits (Prev, Next): (CMBitMap*) 0x0000013b1cfa06a0, (CMBitMap*) 0x0000013b1cfa06e0
 Prev Bits: [0x0000013b35760000, 0x0000013b396e0000)
 Next Bits: [0x0000013b396e0000, 0x0000013b3d660000)

Polling page: 0x0000013b1ae70000

Metaspace:

Usage:
  Non-class:     59.69 MB used.
      Class:      9.37 MB used.
       Both:     69.06 MB used.

Virtual space:
  Non-class space:       64.00 MB reserved,      59.94 MB ( 94%) committed,  8 nodes.
      Class space:        1.00 GB reserved,       9.63 MB ( <1%) committed,  1 nodes.
             Both:        1.06 GB reserved,      69.56 MB (  6%) committed. 

Chunk freelists:
   Non-Class:  3.14 MB
       Class:  2.33 MB
        Both:  5.47 MB

MaxMetaspaceSize: unlimited
CompressedClassSpaceSize: 1.00 GB
Initial GC threshold: 21.00 MB
Current GC threshold: 107.63 MB
CDS: on
MetaspaceReclaimPolicy: balanced
 - commit_granule_bytes: 65536.
 - commit_granule_words: 8192.
 - virtual_space_node_default_size: 1048576.
 - enlarge_chunks_in_place: 1.
 - new_chunks_are_fully_committed: 0.
 - uncommit_free_chunks: 1.
 - use_allocation_guard: 0.
 - handle_deallocations: 1.


Internal statistics:

num_allocs_failed_limit: 12.
num_arena_births: 722.
num_arena_deaths: 0.
num_vsnodes_births: 9.
num_vsnodes_deaths: 0.
num_space_committed: 1113.
num_space_uncommitted: 0.
num_chunks_returned_to_freelist: 12.
num_chunks_taken_from_freelist: 3175.
num_chunk_merges: 9.
num_chunk_splits: 2358.
num_chunks_enlarged: 1890.
num_purges: 0.
num_inconsistent_stats: 0.

CodeHeap 'non-profiled nmethods': size=120000Kb used=4366Kb max_used=4366Kb free=115634Kb
 bounds [0x0000013b2c500000, 0x0000013b2c950000, 0x0000013b33a30000]
CodeHeap 'profiled nmethods': size=120000Kb used=11903Kb max_used=11903Kb free=108096Kb
 bounds [0x0000013b24fd0000, 0x0000013b25b80000, 0x0000013b2c500000]
CodeHeap 'non-nmethods': size=5760Kb used=1340Kb max_used=1425Kb free=4419Kb
 bounds [0x0000013b24a30000, 0x0000013b24ca0000, 0x0000013b24fd0000]
 total_blobs=6609 nmethods=5947 adapters=573
 compilation: enabled
              stopped_count=0, restarted_count=0
 full_count=0

Compilation events (20 events):
Event: 4.644 Thread 0x0000013b403439b0 6766       2       org.springframework.boot.web.server.ErrorPageRegistrarBeanPostProcessor::postProcessBeforeInitialization (19 bytes)
Event: 4.644 Thread 0x0000013b403439b0 nmethod 6766 0x0000013b25b6bf10 code [0x0000013b25b6c0c0, 0x0000013b25b6c2a8]
Event: 4.645 Thread 0x0000013b4190ea30 nmethod 6711% 0x0000013b2c942a90 code [0x0000013b2c942c20, 0x0000013b2c943098]
Event: 4.645 Thread 0x0000013b4190ea30 6676       4       java.lang.String::hashCode (60 bytes)
Event: 4.646 Thread 0x0000013b403439b0 6768       2       java.util.stream.ReferencePipeline::toArray (18 bytes)
Event: 4.646 Thread 0x0000013b403439b0 nmethod 6768 0x0000013b25b6c390 code [0x0000013b25b6c540, 0x0000013b25b6c6a8]
Event: 4.646 Thread 0x0000013b403439b0 6769       2       java.util.stream.AbstractPipeline::evaluateToArrayNode (78 bytes)
Event: 4.646 Thread 0x0000013b403439b0 nmethod 6769 0x0000013b25b6c790 code [0x0000013b25b6c980, 0x0000013b25b6ccb8]
Event: 4.646 Thread 0x0000013b403439b0 6770       2       java.util.stream.Nodes::flatten (70 bytes)
Event: 4.647 Thread 0x0000013b403439b0 nmethod 6770 0x0000013b25b6ce90 code [0x0000013b25b6d0a0, 0x0000013b25b6d4f8]
Event: 4.647 Thread 0x0000013b4190ea30 nmethod 6676 0x0000013b2c943310 code [0x0000013b2c9434a0, 0x0000013b2c9436c8]
Event: 4.647 Thread 0x0000013b4190ea30 6646       4       org.springframework.beans.factory.support.AbstractBeanFactory::isTypeMatch (619 bytes)
Event: 4.648 Thread 0x0000013b403439b0 6771   !   2       org.springframework.beans.factory.support.AbstractAutowireCapableBeanFactory::applyPropertyValues (506 bytes)
Event: 4.651 Thread 0x0000013b403439b0 nmethod 6771 0x0000013b25b6d710 code [0x0000013b25b6db80, 0x0000013b25b6fd28]
Event: 4.651 Thread 0x0000013b403439b0 6772       2       org.springframework.aop.support.ClassFilters$IntersectionClassFilter::matches (44 bytes)
Event: 4.651 Thread 0x0000013b403439b0 nmethod 6772 0x0000013b25b71210 code [0x0000013b25b713c0, 0x0000013b25b715c8]
Event: 4.653 Thread 0x0000013b403439b0 6773       2       org.springframework.orm.jpa.support.PersistenceAnnotationBeanPostProcessor::postProcessMergedBeanDefinition (9 bytes)
Event: 4.653 Thread 0x0000013b403439b0 nmethod 6773 0x0000013b25b71710 code [0x0000013b25b718a0, 0x0000013b25b719c8]
Event: 4.653 Thread 0x0000013b403439b0 6774       2       org.springframework.orm.jpa.support.PersistenceAnnotationBeanPostProcessor::findInjectionMetadata (18 bytes)
Event: 4.653 Thread 0x0000013b403439b0 nmethod 6774 0x0000013b25b71a90 code [0x0000013b25b71c40, 0x0000013b25b71db8]

GC Heap History (20 events):
Event: 1.558 GC heap after
{Heap after GC invocations=6 (full 0):
 garbage-first heap   total 55296K, used 16480K [0x0000000702000000, 0x0000000800000000)
  region size 2048K, 1 young (2048K), 1 survivors (2048K)
 Metaspace       used 26206K, committed 26560K, reserved 1073152K
  class space    used 3407K, committed 3584K, reserved 1048576K
}
Event: 1.864 GC heap before
{Heap before GC invocations=6 (full 0):
 garbage-first heap   total 55296K, used 34912K [0x0000000702000000, 0x0000000800000000)
  region size 2048K, 10 young (20480K), 1 survivors (2048K)
 Metaspace       used 30133K, committed 30528K, reserved 1081344K
  class space    used 3913K, committed 4096K, reserved 1048576K
}
Event: 1.868 GC heap after
{Heap after GC invocations=7 (full 0):
 garbage-first heap   total 157696K, used 18098K [0x0000000702000000, 0x0000000800000000)
  region size 2048K, 2 young (4096K), 2 survivors (4096K)
 Metaspace       used 30133K, committed 30528K, reserved 1081344K
  class space    used 3913K, committed 4096K, reserved 1048576K
}
Event: 2.339 GC heap before
{Heap before GC invocations=7 (full 0):
 garbage-first heap   total 157696K, used 44722K [0x0000000702000000, 0x0000000800000000)
  region size 2048K, 16 young (32768K), 2 survivors (4096K)
 Metaspace       used 35534K, committed 35968K, reserved 1081344K
  class space    used 4569K, committed 4800K, reserved 1048576K
}
Event: 2.342 GC heap after
{Heap after GC invocations=8 (full 0):
 garbage-first heap   total 157696K, used 19592K [0x0000000702000000, 0x0000000800000000)
  region size 2048K, 2 young (4096K), 2 survivors (4096K)
 Metaspace       used 35534K, committed 35968K, reserved 1081344K
  class space    used 4569K, committed 4800K, reserved 1048576K
}
Event: 2.825 GC heap before
{Heap before GC invocations=9 (full 0):
 garbage-first heap   total 75776K, used 60552K [0x0000000702000000, 0x0000000800000000)
  region size 2048K, 22 young (45056K), 2 survivors (4096K)
 Metaspace       used 43561K, committed 43968K, reserved 1089536K
  class space    used 5511K, committed 5696K, reserved 1048576K
}
Event: 2.828 GC heap after
{Heap after GC invocations=10 (full 0):
 garbage-first heap   total 75776K, used 23018K [0x0000000702000000, 0x0000000800000000)
  region size 2048K, 3 young (6144K), 3 survivors (6144K)
 Metaspace       used 43561K, committed 43968K, reserved 1089536K
  class space    used 5511K, committed 5696K, reserved 1048576K
}
Event: 2.848 GC heap before
{Heap before GC invocations=10 (full 0):
 garbage-first heap   total 75776K, used 25066K [0x0000000702000000, 0x0000000800000000)
  region size 2048K, 4 young (8192K), 3 survivors (6144K)
 Metaspace       used 44137K, committed 44608K, reserved 1089536K
  class space    used 5590K, committed 5824K, reserved 1048576K
}
Event: 2.851 GC heap after
{Heap after GC invocations=11 (full 0):
 garbage-first heap   total 75776K, used 23128K [0x0000000702000000, 0x0000000800000000)
  region size 2048K, 1 young (2048K), 1 survivors (2048K)
 Metaspace       used 44137K, committed 44608K, reserved 1089536K
  class space    used 5590K, committed 5824K, reserved 1048576K
}
Event: 3.278 GC heap before
{Heap before GC invocations=11 (full 0):
 garbage-first heap   total 75776K, used 53848K [0x0000000702000000, 0x0000000800000000)
  region size 2048K, 16 young (32768K), 1 survivors (2048K)
 Metaspace       used 52068K, committed 52480K, reserved 1097728K
  class space    used 6735K, committed 6912K, reserved 1048576K
}
Event: 3.280 GC heap after
{Heap after GC invocations=12 (full 0):
 garbage-first heap   total 75776K, used 24300K [0x0000000702000000, 0x0000000800000000)
  region size 2048K, 1 young (2048K), 1 survivors (2048K)
 Metaspace       used 52068K, committed 52480K, reserved 1097728K
  class space    used 6735K, committed 6912K, reserved 1048576K
}
Event: 3.656 GC heap before
{Heap before GC invocations=12 (full 0):
 garbage-first heap   total 75776K, used 57068K [0x0000000702000000, 0x0000000800000000)
  region size 2048K, 17 young (34816K), 1 survivors (2048K)
 Metaspace       used 59389K, committed 59840K, reserved 1105920K
  class space    used 7928K, committed 8128K, reserved 1048576K
}
Event: 3.658 GC heap after
{Heap after GC invocations=13 (full 0):
 garbage-first heap   total 75776K, used 25717K [0x0000000702000000, 0x0000000800000000)
  region size 2048K, 2 young (4096K), 2 survivors (4096K)
 Metaspace       used 59389K, committed 59840K, reserved 1105920K
  class space    used 7928K, committed 8128K, reserved 1048576K
}
Event: 3.678 GC heap before
{Heap before GC invocations=13 (full 0):
 garbage-first heap   total 75776K, used 25717K [0x0000000702000000, 0x0000000800000000)
  region size 2048K, 3 young (6144K), 2 survivors (4096K)
 Metaspace       used 59735K, committed 60160K, reserved 1105920K
  class space    used 7988K, committed 8192K, reserved 1048576K
}
Event: 3.680 GC heap after
{Heap after GC invocations=14 (full 0):
 garbage-first heap   total 75776K, used 26033K [0x0000000702000000, 0x0000000800000000)
  region size 2048K, 1 young (2048K), 1 survivors (2048K)
 Metaspace       used 59735K, committed 60160K, reserved 1105920K
  class space    used 7988K, committed 8192K, reserved 1048576K
}
Event: 4.114 GC heap before
{Heap before GC invocations=15 (full 0):
 garbage-first heap   total 75776K, used 58801K [0x0000000702000000, 0x0000000800000000)
  region size 2048K, 17 young (34816K), 1 survivors (2048K)
 Metaspace       used 65532K, committed 66112K, reserved 1105920K
  class space    used 8853K, committed 9152K, reserved 1048576K
}
Event: 4.116 GC heap after
{Heap after GC invocations=16 (full 0):
 garbage-first heap   total 75776K, used 28219K [0x0000000702000000, 0x0000000800000000)
  region size 2048K, 2 young (4096K), 2 survivors (4096K)
 Metaspace       used 65532K, committed 66112K, reserved 1105920K
  class space    used 8853K, committed 9152K, reserved 1048576K
}
Event: 4.285 GC heap before
{Heap before GC invocations=17 (full 0):
 garbage-first heap   total 75776K, used 58939K [0x0000000702000000, 0x0000000800000000)
  region size 2048K, 17 young (34816K), 2 survivors (4096K)
 Metaspace       used 66317K, committed 66816K, reserved 1114112K
  class space    used 8972K, committed 9216K, reserved 1048576K
}
Event: 4.287 GC heap after
{Heap after GC invocations=18 (full 0):
 garbage-first heap   total 75776K, used 29733K [0x0000000702000000, 0x0000000800000000)
  region size 2048K, 2 young (4096K), 2 survivors (4096K)
 Metaspace       used 66317K, committed 66816K, reserved 1114112K
  class space    used 8972K, committed 9216K, reserved 1048576K
}
Event: 4.654 GC heap before
{Heap before GC invocations=18 (full 0):
 garbage-first heap   total 75776K, used 58405K [0x0000000702000000, 0x0000000800000000)
  region size 2048K, 16 young (32768K), 2 survivors (4096K)
 Metaspace       used 70714K, committed 71232K, reserved 1114112K
  class space    used 9590K, committed 9856K, reserved 1048576K
}

Dll operation events (13 events):
Event: 0.004 Loaded shared library C:\Users\morning\.jdks\corretto-17.0.5\bin\java.dll
Event: 0.010 Loaded shared library C:\Users\morning\.jdks\corretto-17.0.5\bin\jsvml.dll
Event: 0.072 Loaded shared library C:\Users\morning\.jdks\corretto-17.0.5\bin\zip.dll
Event: 0.073 Loaded shared library C:\Users\morning\.jdks\corretto-17.0.5\bin\instrument.dll
Event: 0.076 Loaded shared library C:\Users\morning\.jdks\corretto-17.0.5\bin\net.dll
Event: 0.077 Loaded shared library C:\Users\morning\.jdks\corretto-17.0.5\bin\nio.dll
Event: 0.079 Loaded shared library C:\Users\morning\.jdks\corretto-17.0.5\bin\zip.dll
Event: 0.122 Loaded shared library D:\IDE\IntelliJ IDEA Community Edition 2022.2.1\bin\breakgen64.dll
Event: 0.143 Loaded shared library C:\Users\morning\.jdks\corretto-17.0.5\bin\jimage.dll
Event: 1.812 Loaded shared library C:\Users\morning\.jdks\corretto-17.0.5\bin\sunmscapi.dll
Event: 1.822 Loaded shared library C:\Users\morning\.jdks\corretto-17.0.5\bin\management.dll
Event: 1.823 Loaded shared library C:\Users\morning\.jdks\corretto-17.0.5\bin\management_ext.dll
Event: 2.903 Loaded shared library C:\Users\morning\.jdks\corretto-17.0.5\bin\verify.dll

Deoptimization events (20 events):
Event: 4.511 Thread 0x0000013b1cf34d60 Uncommon trap: trap_request=0xffffffc6 fr.pc=0x0000013b2c8e1938 relative=0x00000000000002f8
Event: 4.511 Thread 0x0000013b1cf34d60 Uncommon trap: reason=bimorphic_or_optimized_type_check action=maybe_recompile pc=0x0000013b2c8e1938 method=java.util.stream.AbstractPipeline.spliterator()Ljava/util/Spliterator; @ 112 c2
Event: 4.511 Thread 0x0000013b1cf34d60 DEOPT PACKING pc=0x0000013b2c8e1938 sp=0x0000002d183fdbd0
Event: 4.511 Thread 0x0000013b1cf34d60 DEOPT UNPACKING pc=0x0000013b24a85ba3 sp=0x0000002d183fdb78 mode 2
Event: 4.586 Thread 0x0000013b1cf34d60 Uncommon trap: trap_request=0xffffff45 fr.pc=0x0000013b2c70cf8c relative=0x0000000000000d6c
Event: 4.586 Thread 0x0000013b1cf34d60 Uncommon trap: reason=unstable_if action=reinterpret pc=0x0000013b2c70cf8c method=org.springframework.beans.factory.support.DefaultSingletonBeanRegistry.getSingleton(Ljava/lang/String;Z)Ljava/lang/Object; @ 39 c2
Event: 4.586 Thread 0x0000013b1cf34d60 DEOPT PACKING pc=0x0000013b2c70cf8c sp=0x0000002d183fe400
Event: 4.586 Thread 0x0000013b1cf34d60 DEOPT UNPACKING pc=0x0000013b24a85ba3 sp=0x0000002d183fe398 mode 2
Event: 4.619 Thread 0x0000013b1cf34d60 Uncommon trap: trap_request=0xffffffde fr.pc=0x0000013b2c575d74 relative=0x0000000000000134
Event: 4.619 Thread 0x0000013b1cf34d60 Uncommon trap: reason=class_check action=maybe_recompile pc=0x0000013b2c575d74 method=org.springframework.boot.context.properties.source.ConfigurationPropertyName$Elements.charAt(II)C @ 43 c2
Event: 4.619 Thread 0x0000013b1cf34d60 DEOPT PACKING pc=0x0000013b2c575d74 sp=0x0000002d183fae80
Event: 4.619 Thread 0x0000013b1cf34d60 DEOPT UNPACKING pc=0x0000013b24a85ba3 sp=0x0000002d183fadf8 mode 2
Event: 4.619 Thread 0x0000013b1cf34d60 Uncommon trap: trap_request=0xffffffde fr.pc=0x0000013b2c575d74 relative=0x0000000000000134
Event: 4.619 Thread 0x0000013b1cf34d60 Uncommon trap: reason=class_check action=maybe_recompile pc=0x0000013b2c575d74 method=org.springframework.boot.context.properties.source.ConfigurationPropertyName$Elements.charAt(II)C @ 43 c2
Event: 4.619 Thread 0x0000013b1cf34d60 DEOPT PACKING pc=0x0000013b2c575d74 sp=0x0000002d183fae80
Event: 4.619 Thread 0x0000013b1cf34d60 DEOPT UNPACKING pc=0x0000013b24a85ba3 sp=0x0000002d183fadf8 mode 2
Event: 4.624 Thread 0x0000013b1cf34d60 Uncommon trap: trap_request=0xfffffff4 fr.pc=0x0000013b2c63b7d8 relative=0x0000000000000238
Event: 4.624 Thread 0x0000013b1cf34d60 Uncommon trap: reason=null_check action=make_not_entrant pc=0x0000013b2c63b7d8 method=org.springframework.util.ClassUtils.isAssignable(Ljava/lang/Class;Ljava/lang/Class;)Z @ 14 c2
Event: 4.624 Thread 0x0000013b1cf34d60 DEOPT PACKING pc=0x0000013b2c63b7d8 sp=0x0000002d183fe840
Event: 4.624 Thread 0x0000013b1cf34d60 DEOPT UNPACKING pc=0x0000013b24a85ba3 sp=0x0000002d183fe7d0 mode 2

Classes unloaded (0 events):
No events

Classes redefined (0 events):
No events

Internal exceptions (20 events):
Event: 3.878 Thread 0x0000013b1cf34d60 Exception <a 'java/lang/IncompatibleClassChangeError'{0x0000000705bd6b10}: Found class java.lang.Object, but interface was expected> (0x0000000705bd6b10) 
thrown [s\src\hotspot\share\interpreter\linkResolver.cpp, line 826]
Event: 3.899 Thread 0x0000013b1cf34d60 Exception <a 'java/lang/IncompatibleClassChangeError'{0x0000000705945238}: Found class java.lang.Object, but interface was expected> (0x0000000705945238) 
thrown [s\src\hotspot\share\interpreter\linkResolver.cpp, line 826]
Event: 4.023 Thread 0x0000013b1cf34d60 Exception <a 'java/lang/IncompatibleClassChangeError'{0x00000007050c9e80}: Found class java.lang.Object, but interface was expected> (0x00000007050c9e80) 
thrown [s\src\hotspot\share\interpreter\linkResolver.cpp, line 826]
Event: 4.070 Thread 0x0000013b1cf34d60 Exception <a 'java/lang/reflect/InvocationTargetException'{0x0000000704b4a410}> (0x0000000704b4a410) 
thrown [s\src\hotspot\share\runtime\reflection.cpp, line 1121]
Event: 4.078 Thread 0x0000013b1cf34d60 Exception <a 'java/lang/NoSuchMethodError'{0x0000000704bc0b00}: 'java.lang.Object java.lang.invoke.DirectMethodHandle$Holder.newInvokeSpecial(java.lang.Object, java.lang.Object, int)'> (0x0000000704bc0b00) 
thrown [s\src\hotspot\share\interpreter\linkResolver.cpp, line 759]
Event: 4.083 Thread 0x0000013b1cf34d60 Exception <a 'java/lang/IncompatibleClassChangeError'{0x0000000704beed80}: Found class java.lang.Object, but interface was expected> (0x0000000704beed80) 
thrown [s\src\hotspot\share\interpreter\linkResolver.cpp, line 826]
Event: 4.137 Thread 0x0000013b1cf34d60 Exception <a 'java/lang/reflect/InvocationTargetException'{0x0000000709bb1728}> (0x0000000709bb1728) 
thrown [s\src\hotspot\share\runtime\reflection.cpp, line 1121]
Event: 4.172 Thread 0x0000013b1cf34d60 Implicit null exception at 0x0000013b2c647b41 to 0x0000013b2c647f13
Event: 4.199 Thread 0x0000013b1cf34d60 Exception <a 'java/lang/reflect/InvocationTargetException'{0x0000000705b1d5a0}> (0x0000000705b1d5a0) 
thrown [s\src\hotspot\share\runtime\reflection.cpp, line 1121]
Event: 4.201 Thread 0x0000013b1cf34d60 Exception <a 'java/lang/reflect/InvocationTargetException'{0x0000000705b35088}> (0x0000000705b35088) 
thrown [s\src\hotspot\share\runtime\reflection.cpp, line 1121]
Event: 4.202 Thread 0x0000013b1cf34d60 Exception <a 'java/lang/reflect/InvocationTargetException'{0x0000000705b46730}> (0x0000000705b46730) 
thrown [s\src\hotspot\share\runtime\reflection.cpp, line 1121]
Event: 4.203 Thread 0x0000013b1cf34d60 Exception <a 'java/lang/reflect/InvocationTargetException'{0x0000000705b522e8}> (0x0000000705b522e8) 
thrown [s\src\hotspot\share\runtime\reflection.cpp, line 1121]
Event: 4.222 Thread 0x0000013b1cf34d60 Exception <a 'java/lang/reflect/InvocationTargetException'{0x00000007054ef1a8}> (0x00000007054ef1a8) 
thrown [s\src\hotspot\share\runtime\reflection.cpp, line 1121]
Event: 4.239 Thread 0x0000013b1cf34d60 Exception <a 'java/lang/reflect/InvocationTargetException'{0x0000000704e6c2c8}> (0x0000000704e6c2c8) 
thrown [s\src\hotspot\share\runtime\reflection.cpp, line 1121]
Event: 4.272 Thread 0x0000013b1cf34d60 Exception <a 'java/lang/IncompatibleClassChangeError'{0x0000000704d0ff08}: Found class java.lang.Object, but interface was expected> (0x0000000704d0ff08) 
thrown [s\src\hotspot\share\interpreter\linkResolver.cpp, line 826]
Event: 4.448 Thread 0x0000013b1cf34d60 Exception <a 'java/lang/IncompatibleClassChangeError'{0x0000000705d6a7a8}: Found class java.lang.Object, but interface was expected> (0x0000000705d6a7a8) 
thrown [s\src\hotspot\share\interpreter\linkResolver.cpp, line 826]
Event: 4.515 Thread 0x0000013b1cf34d60 Exception <a 'java/lang/NoSuchMethodError'{0x00000007056000f0}: 'java.lang.Object java.lang.invoke.DirectMethodHandle$Holder.invokeInterface(java.lang.Object, java.lang.Object, java.lang.Object, java.lang.Object)'> (0x00000007056000f0) 
thrown [s\src\hotspot\share\interpreter\linkResolver.cpp, line 759]
Event: 4.542 Thread 0x0000013b1cf34d60 Exception <a 'java/lang/NoSuchMethodError'{0x00000007057a1738}: 'void java.lang.invoke.DirectMethodHandle$Holder.invokeVirtual(java.lang.Object, java.lang.Object, int)'> (0x00000007057a1738) 
thrown [s\src\hotspot\share\interpreter\linkResolver.cpp, line 759]
Event: 4.544 Thread 0x0000013b1cf34d60 Exception <a 'java/lang/NoSuchMethodError'{0x00000007057bc090}: 'void java.lang.invoke.DirectMethodHandle$Holder.invokeVirtual(java.lang.Object, java.lang.Object, long)'> (0x00000007057bc090) 
thrown [s\src\hotspot\share\interpreter\linkResolver.cpp, line 759]
Event: 4.624 Thread 0x0000013b1cf34d60 Implicit null exception at 0x0000013b2c63b5ba to 0x0000013b2c63b7c4

VM Operations (20 events):
Event: 4.050 Executing VM operation: HandshakeAllThreads done
Event: 4.114 Executing VM operation: G1CollectForAllocation
Event: 4.116 Executing VM operation: G1CollectForAllocation done
Event: 4.129 Executing VM operation: G1Concurrent
Event: 4.132 Executing VM operation: G1Concurrent done
Event: 4.136 Executing VM operation: G1Concurrent
Event: 4.136 Executing VM operation: G1Concurrent done
Event: 4.285 Executing VM operation: G1CollectForAllocation
Event: 4.287 Executing VM operation: G1CollectForAllocation done
Event: 4.379 Executing VM operation: HandshakeAllThreads
Event: 4.379 Executing VM operation: HandshakeAllThreads done
Event: 4.394 Executing VM operation: HandshakeAllThreads
Event: 4.394 Executing VM operation: HandshakeAllThreads done
Event: 4.394 Executing VM operation: HandshakeAllThreads
Event: 4.394 Executing VM operation: HandshakeAllThreads done
Event: 4.554 Executing VM operation: HandshakeAllThreads
Event: 4.554 Executing VM operation: HandshakeAllThreads done
Event: 4.611 Executing VM operation: ICBufferFull
Event: 4.611 Executing VM operation: ICBufferFull done
Event: 4.654 Executing VM operation: G1CollectForAllocation

Events (20 events):
Event: 4.263 loading class java/util/Collections$ReverseComparator2
Event: 4.263 loading class java/util/Collections$ReverseComparator2 done
Event: 4.271 loading class java/lang/Enum$EnumDesc
Event: 4.271 loading class java/lang/Enum$EnumDesc done
Event: 4.296 loading class java/util/EnumMap$EntrySet
Event: 4.296 loading class java/util/EnumMap$EntrySet done
Event: 4.296 loading class java/util/EnumMap$EntryIterator
Event: 4.297 loading class java/util/EnumMap$EnumMapIterator
Event: 4.297 loading class java/util/EnumMap$EnumMapIterator done
Event: 4.297 loading class java/util/EnumMap$EntryIterator done
Event: 4.299 loading class java/lang/reflect/MalformedParametersException
Event: 4.299 loading class java/lang/reflect/MalformedParametersException done
Event: 4.306 loading class java/util/concurrent/ConcurrentHashMap$TreeNode
Event: 4.306 loading class java/util/concurrent/ConcurrentHashMap$TreeNode done
Event: 4.306 loading class java/util/concurrent/ConcurrentHashMap$TreeBin
Event: 4.307 loading class java/util/concurrent/ConcurrentHashMap$TreeBin done
Event: 4.388 loading class java/util/Comparators$NullComparator
Event: 4.388 loading class java/util/Comparators$NullComparator done
Event: 4.402 loading class java/util/HashMap$EntrySpliterator
Event: 4.402 loading class java/util/HashMap$EntrySpliterator done


Dynamic libraries:
0x00007ff729820000 - 0x00007ff72982d000 	C:\Users\morning\.jdks\corretto-17.0.5\bin\java.exe
0x00007ffd1ec30000 - 0x00007ffd1ee28000 	C:\Windows\SYSTEM32\ntdll.dll
0x00007ffd1cc90000 - 0x00007ffd1cd4f000 	C:\Windows\System32\KERNEL32.DLL
0x00007ffd1c370000 - 0x00007ffd1c64a000 	C:\Windows\System32\KERNELBASE.dll
0x00007ffd1c800000 - 0x00007ffd1c900000 	C:\Windows\System32\ucrtbase.dll
0x00007ffcc3880000 - 0x00007ffcc3897000 	C:\Users\morning\.jdks\corretto-17.0.5\bin\jli.dll
0x00007ffcc3fc0000 - 0x00007ffcc3fd5000 	C:\Users\morning\.jdks\corretto-17.0.5\bin\VCRUNTIME140.dll
0x00007ffd1cf70000 - 0x00007ffd1d10d000 	C:\Windows\System32\USER32.dll
0x00007ffd1cc60000 - 0x00007ffd1cc82000 	C:\Windows\System32\win32u.dll
0x00007ffd09180000 - 0x00007ffd0941a000 	C:\Windows\WinSxS\amd64_microsoft.windows.common-controls_6595b64144ccf1df_6.0.19041.1110_none_60b5254171f9507e\COMCTL32.dll
0x00007ffd1e6b0000 - 0x00007ffd1e6db000 	C:\Windows\System32\GDI32.dll
0x00007ffd1ead0000 - 0x00007ffd1eb6e000 	C:\Windows\System32\msvcrt.dll
0x00007ffd1c6f0000 - 0x00007ffd1c800000 	C:\Windows\System32\gdi32full.dll
0x00007ffd1c650000 - 0x00007ffd1c6ed000 	C:\Windows\System32\msvcp_win.dll
0x00007ffd1e680000 - 0x00007ffd1e6b0000 	C:\Windows\System32\IMM32.DLL
0x00007ffcc2250000 - 0x00007ffcc22eb000 	C:\Users\morning\.jdks\corretto-17.0.5\bin\msvcp140.dll
0x00007ffcbfed0000 - 0x00007ffcc0ae4000 	C:\Users\morning\.jdks\corretto-17.0.5\bin\server\jvm.dll
0x00007ffd1ce60000 - 0x00007ffd1cf0e000 	C:\Windows\System32\ADVAPI32.dll
0x00007ffd1d110000 - 0x00007ffd1d1ac000 	C:\Windows\System32\sechost.dll
0x00007ffd1e6e0000 - 0x00007ffd1e806000 	C:\Windows\System32\RPCRT4.dll
0x00007ffd03180000 - 0x00007ffd03189000 	C:\Windows\SYSTEM32\WSOCK32.dll
0x00007ffd12a10000 - 0x00007ffd12a37000 	C:\Windows\SYSTEM32\WINMM.dll
0x00007ffd163d0000 - 0x00007ffd163da000 	C:\Windows\SYSTEM32\VERSION.dll
0x00007ffd1da60000 - 0x00007ffd1dacb000 	C:\Windows\System32\WS2_32.dll
0x00007ffd1a1e0000 - 0x00007ffd1a1f2000 	C:\Windows\SYSTEM32\kernel.appcore.dll
0x00007ffcff9a0000 - 0x00007ffcff9aa000 	C:\Users\morning\.jdks\corretto-17.0.5\bin\jimage.dll
0x00007ffd0aa70000 - 0x00007ffd0ac54000 	C:\Windows\SYSTEM32\DBGHELP.DLL
0x00007ffd03380000 - 0x00007ffd033b4000 	C:\Windows\SYSTEM32\dbgcore.DLL
0x00007ffd1cb10000 - 0x00007ffd1cb92000 	C:\Windows\System32\bcryptPrimitives.dll
0x00007ffd17d40000 - 0x00007ffd17d4e000 	C:\Users\morning\.jdks\corretto-17.0.5\bin\instrument.dll
0x00007ffcc2220000 - 0x00007ffcc2245000 	C:\Users\morning\.jdks\corretto-17.0.5\bin\java.dll
0x00007ffcc1110000 - 0x00007ffcc11e6000 	C:\Users\morning\.jdks\corretto-17.0.5\bin\jsvml.dll
0x00007ffd1dad0000 - 0x00007ffd1e214000 	C:\Windows\System32\SHELL32.dll
0x00007ffd1a3e0000 - 0x00007ffd1ab73000 	C:\Windows\SYSTEM32\windows.storage.dll
0x00007ffd1e310000 - 0x00007ffd1e664000 	C:\Windows\System32\combase.dll
0x00007ffd1bc40000 - 0x00007ffd1bc6e000 	C:\Windows\SYSTEM32\Wldp.dll
0x00007ffd1d900000 - 0x00007ffd1d9ad000 	C:\Windows\System32\SHCORE.dll
0x00007ffd1ea70000 - 0x00007ffd1eac5000 	C:\Windows\System32\shlwapi.dll
0x00007ffd1c280000 - 0x00007ffd1c29f000 	C:\Windows\SYSTEM32\profapi.dll
0x00007ffcc10f0000 - 0x00007ffcc1108000 	C:\Users\morning\.jdks\corretto-17.0.5\bin\zip.dll
0x00007ffcc3860000 - 0x00007ffcc3879000 	C:\Users\morning\.jdks\corretto-17.0.5\bin\net.dll
0x00007ffd15c80000 - 0x00007ffd15d8a000 	C:\Windows\SYSTEM32\WINHTTP.dll
0x00007ffd1b9c0000 - 0x00007ffd1ba2a000 	C:\Windows\system32\mswsock.dll
0x00007ffcc2200000 - 0x00007ffcc2215000 	C:\Users\morning\.jdks\corretto-17.0.5\bin\nio.dll
0x00007ffd13af0000 - 0x00007ffd13b0a000 	D:\IDE\IntelliJ IDEA Community Edition 2022.2.1\bin\breakgen64.dll
0x00007ffd1bc90000 - 0x00007ffd1bca8000 	C:\Windows\SYSTEM32\CRYPTSP.dll
0x00007ffd1b300000 - 0x00007ffd1b334000 	C:\Windows\system32\rsaenh.dll
0x00007ffd1c340000 - 0x00007ffd1c367000 	C:\Windows\System32\bcrypt.dll
0x00007ffd1c200000 - 0x00007ffd1c22e000 	C:\Windows\SYSTEM32\USERENV.dll
0x00007ffd1bc80000 - 0x00007ffd1bc8c000 	C:\Windows\SYSTEM32\CRYPTBASE.dll
0x00007ffd1b6d0000 - 0x00007ffd1b70c000 	C:\Windows\SYSTEM32\IPHLPAPI.DLL
0x00007ffd1ebe0000 - 0x00007ffd1ebe8000 	C:\Windows\System32\NSI.dll
0x00007ffd166c0000 - 0x00007ffd166d7000 	C:\Windows\SYSTEM32\dhcpcsvc6.DLL
0x00007ffd166a0000 - 0x00007ffd166bd000 	C:\Windows\SYSTEM32\dhcpcsvc.DLL
0x00007ffd1b710000 - 0x00007ffd1b7db000 	C:\Windows\SYSTEM32\DNSAPI.dll
0x00007ffd129c0000 - 0x00007ffd129ce000 	C:\Users\morning\.jdks\corretto-17.0.5\bin\sunmscapi.dll
0x00007ffd1c9b0000 - 0x00007ffd1cb06000 	C:\Windows\System32\CRYPT32.dll
0x00007ffd1bdf0000 - 0x00007ffd1be18000 	C:\Windows\SYSTEM32\ncrypt.dll
0x00007ffd1bdb0000 - 0x00007ffd1bdeb000 	C:\Windows\SYSTEM32\NTASN1.dll
0x00007ffd14490000 - 0x00007ffd14499000 	C:\Users\morning\.jdks\corretto-17.0.5\bin\management.dll
0x00007ffd13c60000 - 0x00007ffd13c6b000 	C:\Users\morning\.jdks\corretto-17.0.5\bin\management_ext.dll
0x00007ffd1ebd0000 - 0x00007ffd1ebd8000 	C:\Windows\System32\PSAPI.DLL
0x00007ffd14460000 - 0x00007ffd1446a000 	C:\Windows\System32\rasadhlp.dll
0x00007ffd13f80000 - 0x00007ffd14000000 	C:\Windows\System32\fwpuclnt.dll
0x00007ffcfb100000 - 0x00007ffcfb117000 	C:\Windows\system32\napinsp.dll
0x00007ffcfb040000 - 0x00007ffcfb05b000 	C:\Windows\system32\pnrpnsp.dll
0x00007ffcfb1c0000 - 0x00007ffcfb1d5000 	C:\Windows\system32\wshbth.dll
0x00007ffd17ff0000 - 0x00007ffd1800d000 	C:\Windows\system32\NLAapi.dll
0x00007ffcfb220000 - 0x00007ffcfb232000 	C:\Windows\System32\winrnr.dll
0x00007ffcf8f20000 - 0x00007ffcf8f30000 	C:\Users\morning\.jdks\corretto-17.0.5\bin\verify.dll

dbghelp: loaded successfully - version: 4.0.5 - missing functions: none
symbol engine: initialized successfully - sym options: 0x614 - pdb path: .;C:\Users\morning\.jdks\corretto-17.0.5\bin;C:\Windows\SYSTEM32;C:\Windows\WinSxS\amd64_microsoft.windows.common-controls_6595b64144ccf1df_6.0.19041.1110_none_60b5254171f9507e;C:\Users\morning\.jdks\corretto-17.0.5\bin\server;D:\IDE\IntelliJ IDEA Community Edition 2022.2.1\bin

VM Arguments:
jvm_args: -javaagent:D:\IDE\IntelliJ IDEA Community Edition 2022.2.1\lib\idea_rt.jar=50139:D:\IDE\IntelliJ IDEA Community Edition 2022.2.1\bin -Dfile.encoding=UTF-8 
java_command: mirea.morning.eventagencypr.EventAgencyApplication
java_class_path (initial): D:\MySpace\javaProjects\event-agency-pr\target\classes;C:\Users\morning\.m2\repository\com\fasterxml\jackson\core\jackson-core\2.14.2\jackson-core-2.14.2.jar;C:\Users\morning\.m2\repository\jakarta\persistence\jakarta.persistence-api\3.1.0\jakarta.persistence-api-3.1.0.jar;C:\Users\morning\.m2\repository\javax\persistence\javax.persistence-api\2.2\javax.persistence-api-2.2.jar;C:\Users\morning\.m2\repository\org\apache\commons\commons-dbcp2\2.9.0\commons-dbcp2-2.9.0.jar;C:\Users\morning\.m2\repository\org\apache\commons\commons-pool2\2.11.1\commons-pool2-2.11.1.jar;C:\Users\morning\.m2\repository\org\hibernate\orm\hibernate-core\6.2.1.Final\hibernate-core-6.2.1.Final.jar;C:\Users\morning\.m2\repository\jakarta\transaction\jakarta.transaction-api\2.0.1\jakarta.transaction-api-2.0.1.jar;C:\Users\morning\.m2\repository\org\jboss\logging\jboss-logging\3.5.0.Final\jboss-logging-3.5.0.Final.jar;C:\Users\morning\.m2\repository\org\hibernate\common\hibernate-commons-annotations\6.0.6.Final\hibernate-commons-annotations-6.0.6.Final.jar;C:\Users\morning\.m2\repository\io\smallrye\jandex\3.0.5\jandex-3.0.5.jar;C:\Users\morning\.m2\repository\com\fasterxml\classmate\1.5.1\classmate-1.5.1.jar;C:\Users\morning\.m2\repository\net\bytebuddy\byte-buddy\1.12.23\byte-buddy-1.12.23.jar;C:\Users\morning\.m2\repository\jakarta\xml\bind\jakarta.xml.bind-api\4.0.0\jakarta.xml.bind-api-4.0.0.jar;C:\Users\morning\.m2\repository\jakarta\activation\jakarta.activation-api\2.1.1\jakarta.activation-api-2.1.1.jar;C:\Users\morning\.m2\repository\org\glassfish\jaxb\jaxb-runtime\4.0.2\jaxb-runtime-4.0.2.jar;C:\Users\morning\.m2\repository\org\glassfish\jaxb\jaxb-core\4.0.2\jaxb-core-4.0.2.jar;C:\Users\morning\.m2\repository\org\eclipse\angus\angus-activation\2.0.0\angus-activation-2.0.0.jar;C:\Users\morning\.m2\repository\org\glassfish\jaxb\txw2\4.0.2\txw2-4.0.2.jar;C:\Users\morning\.m2\repository\com\sun\istack\istack-commons-runtime\4.1.1\istack-commons-runtime-4.1.1.ja
Launcher Type: SUN_STANDARD

[Global flags]
     intx CICompilerCount                          = 4                                         {product} {ergonomic}
     uint ConcGCThreads                            = 3                                         {product} {ergonomic}
     uint G1ConcRefinementThreads                  = 10                                        {product} {ergonomic}
   size_t G1HeapRegionSize                         = 2097152                                   {product} {ergonomic}
    uintx GCDrainStackTargetSize                   = 64                                        {product} {ergonomic}
   size_t InitialHeapSize                          = 266338304                                 {product} {ergonomic}
   size_t MarkStackSize                            = 4194304                                   {product} {ergonomic}
   size_t MaxHeapSize                              = 4261412864                                {product} {ergonomic}
   size_t MaxNewSize                               = 2556428288                                {product} {ergonomic}
   size_t MinHeapDeltaBytes                        = 2097152                                   {product} {ergonomic}
   size_t MinHeapSize                              = 8388608                                   {product} {ergonomic}
    uintx NonNMethodCodeHeapSize                   = 5839372                                {pd product} {ergonomic}
    uintx NonProfiledCodeHeapSize                  = 122909434                              {pd product} {ergonomic}
    uintx ProfiledCodeHeapSize                     = 122909434                              {pd product} {ergonomic}
    uintx ReservedCodeCacheSize                    = 251658240                              {pd product} {ergonomic}
     bool SegmentedCodeCache                       = true                                      {product} {ergonomic}
   size_t SoftMaxHeapSize                          = 4261412864                             {manageable} {ergonomic}
     bool UseCompressedClassPointers               = true                           {product lp64_product} {ergonomic}
     bool UseCompressedOops                        = true                           {product lp64_product} {ergonomic}
     bool UseG1GC                                  = true                                      {product} {ergonomic}
     bool UseLargePagesIndividualAllocation        = false                                  {pd product} {ergonomic}

Logging:
Log output configuration:
 #0: stdout all=warning uptime,level,tags
 #1: stderr all=off uptime,level,tags

Environment Variables:
JAVA_HOME=C:\Users\morning\.jdks\corretto-17.0.5
PATH=C:\Program Files\Common Files\Oracle\Java\javapath;C:\Windows\system32;C:\Windows;C:\Windows\System32\Wbem;C:\Windows\System32\WindowsPowerShell\v1.0\;C:\Windows\System32\OpenSSH\;C:\Program Files (x86)\NVIDIA Corporation\PhysX\Common;C:\Program Files\Microsoft SQL Server\150\Tools\Binn\;C:\Program Files\Git\cmd;C:\Program Files\dotnet\;C:\Program Files\maven\apache-maven-3.9.0\bin;C:\Users\morning\.jdks\corretto-17.0.5\bin;;C:\Program Files\Docker\Docker\resources\bin;C:\Program Files\MySQL\MySQL Shell 8.0\bin\;C:\Users\morning\.cargo\bin;C:\Users\Profit77\AppData\Local\Programs\Python\Python310\Scripts\;C:\Users\Profit77\AppData\Local\Programs\Python\Python310\;C:\Users\morning\AppData\Local\Microsoft\WindowsApps;;C:\Users\morning\.dotnet\tools;D:\IDE\IntelliJ IDEA Community Edition 2022.2.1\bin;;C:\Users\morning\AppData\Local\Programs\Microsoft VS Code\bin;C:\Program Files\JetBrains\PyCharm Community Edition 2022.2.4\bin;
USERNAME=morning
OS=Windows_NT
PROCESSOR_IDENTIFIER=Intel64 Family 6 Model 167 Stepping 1, GenuineIntel
TMP=C:\Users\morning\AppData\Local\Temp
TEMP=C:\Users\morning\AppData\Local\Temp



---------------  S Y S T E M  ---------------

OS:
 Windows 10 , 64 bit Build 19041 (10.0.19041.2788)
OS uptime: 1 days 1:32 hours
Hyper-V role detected

CPU: total 12 (initial active 12) (6 cores per cpu, 2 threads per core) family 6 model 167 stepping 1 microcode 0x40, cx8, cmov, fxsr, ht, mmx, 3dnowpref, sse, sse2, sse3, ssse3, sse4.1, sse4.2, popcnt, lzcnt, tsc, tscinvbit, avx, avx2, aes, erms, clmul, bmi1, bmi2, adx, avx512f, avx512dq, avx512cd, avx512bw, avx512vl, sha, fma, vzeroupper, avx512_vpopcntdq, avx512_vpclmulqdq, avx512_vaes, avx512_vnni, clflush, clflushopt, avx512_vbmi2, avx512_vbmi, hv

Memory: 4k page, system-wide physical 16251M (3946M free)
TotalPageFile size 19178M (AvailPageFile size 37M)
current process WorkingSet (physical memory assigned to process): 322M, peak: 340M
current process commit charge ("private bytes"): 365M, peak: 418M

vm_info: OpenJDK 64-Bit Server VM (17.0.5+8-LTS) for windows-amd64 JRE (17.0.5+8-LTS), built on Oct 13 2022 05:18:14 by "Administrator" with MS VC++ 15.9 (VS2017)

END.
